0 info it worked if it ends with ok
1 verbose cli [ '/home/ubuntu/.nvm/versions/node/v4.7.3/bin/node',
1 verbose cli   '/home/ubuntu/.nvm/versions/node/v4.7.3/bin/npm',
1 verbose cli   'install',
1 verbose cli   'clang_tool' ]
2 info using npm@2.15.11
3 info using node@v4.7.3
4 verbose install initial load of /home/ubuntu/workspace/package.json
5 verbose readDependencies loading dependencies from /home/ubuntu/workspace/package.json
6 silly cache add args [ 'clang_tool', null ]
7 verbose cache add spec clang_tool
8 silly cache add parsed spec Result {
8 silly cache add   raw: 'clang_tool',
8 silly cache add   scope: null,
8 silly cache add   name: 'clang_tool',
8 silly cache add   rawSpec: '',
8 silly cache add   spec: 'latest',
8 silly cache add   type: 'tag' }
9 silly addNamed clang_tool@latest
10 verbose addNamed "latest" is being treated as a dist-tag for clang_tool
11 info addNameTag [ 'clang_tool', 'latest' ]
12 silly mapToRegistry name clang_tool
13 silly mapToRegistry using default registry
14 silly mapToRegistry registry https://registry.npmjs.org/
15 silly mapToRegistry data Result {
15 silly mapToRegistry   raw: 'clang_tool',
15 silly mapToRegistry   scope: null,
15 silly mapToRegistry   name: 'clang_tool',
15 silly mapToRegistry   rawSpec: '',
15 silly mapToRegistry   spec: 'latest',
15 silly mapToRegistry   type: 'tag' }
16 silly mapToRegistry uri https://registry.npmjs.org/clang_tool
17 verbose addNameTag registry:https://registry.npmjs.org/clang_tool not in flight; fetching
18 verbose request uri https://registry.npmjs.org/clang_tool
19 verbose request no auth needed
20 info attempt registry request try #1 at 3:58:16 PM
21 verbose request id 205b83735f45d0d1
22 http request GET https://registry.npmjs.org/clang_tool
23 http 200 https://registry.npmjs.org/clang_tool
24 verbose headers { server: 'nginx/1.10.1',
24 verbose headers   'content-type': 'application/json',
24 verbose headers   'last-modified': 'Fri, 25 Nov 2016 09:42:09 GMT',
24 verbose headers   etag: 'W/"58380771-5233"',
24 verbose headers   'content-encoding': 'gzip',
24 verbose headers   'cache-control': 'max-age=300',
24 verbose headers   'content-length': '3316',
24 verbose headers   'accept-ranges': 'bytes',
24 verbose headers   date: 'Tue, 01 Aug 2017 18:58:16 GMT',
24 verbose headers   via: '1.1 varnish',
24 verbose headers   age: '0',
24 verbose headers   connection: 'keep-alive',
24 verbose headers   'x-served-by': 'cache-ord1742-ORD',
24 verbose headers   'x-cache': 'MISS',
24 verbose headers   'x-cache-hits': '0',
24 verbose headers   'x-timer': 'S1501613896.175978,VS0,VE44',
24 verbose headers   vary: 'Accept-Encoding, Accept' }
25 silly get cb [ 200,
25 silly get   { server: 'nginx/1.10.1',
25 silly get     'content-type': 'application/json',
25 silly get     'last-modified': 'Fri, 25 Nov 2016 09:42:09 GMT',
25 silly get     etag: 'W/"58380771-5233"',
25 silly get     'content-encoding': 'gzip',
25 silly get     'cache-control': 'max-age=300',
25 silly get     'content-length': '3316',
25 silly get     'accept-ranges': 'bytes',
25 silly get     date: 'Tue, 01 Aug 2017 18:58:16 GMT',
25 silly get     via: '1.1 varnish',
25 silly get     age: '0',
25 silly get     connection: 'keep-alive',
25 silly get     'x-served-by': 'cache-ord1742-ORD',
25 silly get     'x-cache': 'MISS',
25 silly get     'x-cache-hits': '0',
25 silly get     'x-timer': 'S1501613896.175978,VS0,VE44',
25 silly get     vary: 'Accept-Encoding, Accept' } ]
26 verbose get saving clang_tool to /home/ubuntu/.npm/registry.npmjs.org/clang_tool/.cache.json
27 verbose correctMkdir /home/ubuntu/.npm correctMkdir not in flight; initializing
28 verbose makeDirectory /home/ubuntu/.npm creation not in flight; initializing
29 silly makeDirectory /home/ubuntu/.npm uid: 1000 gid: 1000
30 silly addNameTag next cb for clang_tool with tag latest
31 silly addNamed clang_tool@0.8.1
32 verbose addNamed "0.8.1" is a plain semver version for clang_tool
33 silly mapToRegistry name clang_tool
34 silly mapToRegistry using default registry
35 silly mapToRegistry registry https://registry.npmjs.org/
36 silly mapToRegistry data Result {
36 silly mapToRegistry   raw: 'clang_tool',
36 silly mapToRegistry   scope: null,
36 silly mapToRegistry   name: 'clang_tool',
36 silly mapToRegistry   rawSpec: '',
36 silly mapToRegistry   spec: 'latest',
36 silly mapToRegistry   type: 'tag' }
37 silly mapToRegistry uri https://registry.npmjs.org/clang_tool
38 verbose addRemoteTarball https://registry.npmjs.org/clang_tool/-/clang_tool-0.8.1.tgz not in flight; adding
39 verbose addRemoteTarball [ 'https://registry.npmjs.org/clang_tool/-/clang_tool-0.8.1.tgz',
39 verbose addRemoteTarball   'c678296f5ae8e7857fb60dace3f90f5bc03cb47d' ]
40 info retry fetch attempt 1 at 3:58:16 PM
41 info attempt registry request try #1 at 3:58:16 PM
42 http fetch GET https://registry.npmjs.org/clang_tool/-/clang_tool-0.8.1.tgz
43 http fetch 200 https://registry.npmjs.org/clang_tool/-/clang_tool-0.8.1.tgz
44 silly fetchAndShaCheck shasum c678296f5ae8e7857fb60dace3f90f5bc03cb47d
45 verbose addTmpTarball /tmp/npm-54246-b90764df/registry.npmjs.org/clang_tool/-/clang_tool-0.8.1.tgz not in flight; adding
46 verbose addTmpTarball already have metadata; skipping unpack for clang_tool@0.8.1
47 verbose correctMkdir /home/ubuntu/.npm correctMkdir not in flight; initializing
48 silly cache afterAdd clang_tool@0.8.1
49 verbose afterAdd /home/ubuntu/.npm/clang_tool/0.8.1/package/package.json not in flight; writing
50 verbose correctMkdir /home/ubuntu/.npm correctMkdir not in flight; initializing
51 verbose afterAdd /home/ubuntu/.npm/clang_tool/0.8.1/package/package.json written
52 silly install resolved [ { name: 'clang_tool',
52 silly install resolved     version: '0.8.1',
52 silly install resolved     description: 'Native NodeJS module that provides bindings to libclang for C/C++ IDE support',
52 silly install resolved     main: 'build/Release/clang_tool.node',
52 silly install resolved     scripts:
52 silly install resolved      { test: 'node-gyp configure build',
52 silly install resolved        install: 'node-gyp rebuild' },
52 silly install resolved     dependencies: { nan: '2.3.3' },
52 silly install resolved     repository:
52 silly install resolved      { type: 'git',
52 silly install resolved        url: 'git+https://github.com/invokr/clang-tool-node.git' },
52 silly install resolved     author: { name: 'Robin Dietrich' },
52 silly install resolved     license: 'Apache 2.0',
52 silly install resolved     bugs: { url: 'https://github.com/invokr/clang-tool-node/issues' },
52 silly install resolved     homepage: 'https://github.com/invokr/clang-tool',
52 silly install resolved     os: [ '!win32' ],
52 silly install resolved     gypfile: true,
52 silly install resolved     gitHead: 'ae2a80576fd26023f910c8f9f9c7920fd339bbfd',
52 silly install resolved     _id: 'clang_tool@0.8.1',
52 silly install resolved     _shasum: 'c678296f5ae8e7857fb60dace3f90f5bc03cb47d',
52 silly install resolved     _from: 'clang_tool@latest',
52 silly install resolved     _npmVersion: '3.10.3',
52 silly install resolved     _nodeVersion: '6.3.1',
52 silly install resolved     _npmUser: { name: 'invokr', email: 'me@invokr.org' },
52 silly install resolved     dist:
52 silly install resolved      { shasum: 'c678296f5ae8e7857fb60dace3f90f5bc03cb47d',
52 silly install resolved        tarball: 'https://registry.npmjs.org/clang_tool/-/clang_tool-0.8.1.tgz' },
52 silly install resolved     maintainers: [ [Object] ],
52 silly install resolved     _npmOperationalInternal:
52 silly install resolved      { host: 'packages-12-west.internal.npmjs.com',
52 silly install resolved        tmp: 'tmp/clang_tool-0.8.1.tgz_1480066926674_0.6501915703993291' },
52 silly install resolved     directories: {},
52 silly install resolved     _resolved: 'https://registry.npmjs.org/clang_tool/-/clang_tool-0.8.1.tgz' } ]
53 info install clang_tool@0.8.1 into /home/ubuntu/workspace
54 info installOne clang_tool@0.8.1
55 verbose installOne of clang_tool to /home/ubuntu/workspace not in flight; installing
56 verbose correctMkdir /home/ubuntu/.npm/_locks correctMkdir not in flight; initializing
57 verbose makeDirectory /home/ubuntu/.npm/_locks creation not in flight; initializing
58 silly makeDirectory /home/ubuntu/.npm/_locks uid: 1000 gid: 1000
59 verbose lock using /home/ubuntu/.npm/_locks/clang-tool-8b756583574e940a.lock for /home/ubuntu/workspace/node_modules/clang_tool
60 silly install write writing clang_tool 0.8.1 to /home/ubuntu/workspace/node_modules/clang_tool
61 verbose unbuild node_modules/clang_tool
62 silly gentlyRm /home/ubuntu/workspace/node_modules/clang_tool is being purged from base /home/ubuntu/workspace
63 verbose gentlyRm don't care about contents; nuking /home/ubuntu/workspace/node_modules/clang_tool
64 verbose tar unpack /home/ubuntu/.npm/clang_tool/0.8.1/package.tgz
65 verbose tar unpacking to /home/ubuntu/workspace/node_modules/clang_tool
66 silly gentlyRm /home/ubuntu/workspace/node_modules/clang_tool is being purged
67 verbose gentlyRm don't care about contents; nuking /home/ubuntu/workspace/node_modules/clang_tool
68 silly gunzTarPerm modes [ '755', '644' ]
69 silly gunzTarPerm extractEntry package.json
70 silly gunzTarPerm extractEntry .npmignore
71 silly gunzTarPerm extractEntry README.md
72 silly gunzTarPerm extractEntry .gitmodules
73 silly gunzTarPerm extractEntry binding.gyp
74 silly gunzTarPerm extractEntry demo/demo.js
75 silly gunzTarPerm extractEntry demo/demo.cpp
76 silly gunzTarPerm extractEntry src/bindings.cpp
77 silly gunzTarPerm extractEntry src/bindings.hpp
78 silly gunzTarPerm extractEntry src/clang/README.md
79 silly gunzTarPerm extractEntry src/clang/clang_tool.cpp
80 silly gunzTarPerm extractEntry src/clang/clang_ast.hpp
81 silly gunzTarPerm extractEntry src/clang/clang_ast_visitor.hpp
82 silly gunzTarPerm extractEntry src/clang/clang_completion_result.hpp
83 silly gunzTarPerm extractEntry src/clang/clang_diagnostic.cpp
84 silly gunzTarPerm extractEntry src/clang/clang_diagnostic.hpp
85 silly gunzTarPerm extractEntry src/clang/clang_location.hpp
86 silly gunzTarPerm extractEntry src/clang/clang_ressource_usage.cpp
87 silly gunzTarPerm extractEntry src/clang/clang_ressource_usage.hpp
88 silly gunzTarPerm extractEntry src/clang/Makefile
89 silly gunzTarPerm extractEntry src/clang/clang_tool.hpp
90 silly gunzTarPerm extractEntry src/clang/clang_translation_unit.cpp
91 silly gunzTarPerm extractEntry src/clang/clang_translation_unit.hpp
92 silly gunzTarPerm extractEntry src/clang/clang_translation_unit_cache.cpp
93 silly gunzTarPerm extractEntry src/clang/clang_translation_unit_cache.hpp
94 silly gunzTarPerm extractEntry src/clang/example.cpp
95 silly gunzTarPerm extractEntry src/clang/noncopyable.hpp
96 silly gunzTarPerm extractEntry src/clang/sha1.cpp
97 silly gunzTarPerm extractEntry src/clang/sha1.hpp
98 silly gunzTarPerm extractEntry src/clang/util.hpp
99 silly gunzTarPerm extractEntry src/clang-c/BuildSystem.h
100 silly gunzTarPerm extractEntry src/clang-c/CXCompilationDatabase.h
101 silly gunzTarPerm extractEntry src/clang-c/CXErrorCode.h
102 silly gunzTarPerm extractEntry src/clang-c/CXString.h
103 silly gunzTarPerm extractEntry src/clang-c/Documentation.h
104 silly gunzTarPerm extractEntry src/clang-c/Index.h
105 silly gunzTarPerm extractEntry src/clang-c/Platform.h
106 verbose write writing to /home/ubuntu/workspace/node_modules/clang_tool/package.json
107 info preinstall clang_tool@0.8.1
108 verbose readDependencies loading dependencies from /home/ubuntu/workspace/node_modules/clang_tool/package.json
109 silly prepareForInstallMany adding nan@2.3.3 from clang_tool dependencies
110 verbose readDependencies loading dependencies from /home/ubuntu/workspace/node_modules/clang_tool/package.json
111 silly cache add args [ 'nan@2.3.3', null ]
112 verbose cache add spec nan@2.3.3
113 silly cache add parsed spec Result {
113 silly cache add   raw: 'nan@2.3.3',
113 silly cache add   scope: null,
113 silly cache add   name: 'nan',
113 silly cache add   rawSpec: '2.3.3',
113 silly cache add   spec: '2.3.3',
113 silly cache add   type: 'version' }
114 silly addNamed nan@2.3.3
115 verbose addNamed "2.3.3" is a plain semver version for nan
116 silly mapToRegistry name nan
117 silly mapToRegistry using default registry
118 silly mapToRegistry registry https://registry.npmjs.org/
119 silly mapToRegistry data Result {
119 silly mapToRegistry   raw: 'nan',
119 silly mapToRegistry   scope: null,
119 silly mapToRegistry   name: 'nan',
119 silly mapToRegistry   rawSpec: '',
119 silly mapToRegistry   spec: 'latest',
119 silly mapToRegistry   type: 'tag' }
120 silly mapToRegistry uri https://registry.npmjs.org/nan
121 verbose addNameVersion registry:https://registry.npmjs.org/nan not in flight; fetching
122 verbose request uri https://registry.npmjs.org/nan
123 verbose request no auth needed
124 info attempt registry request try #1 at 3:58:16 PM
125 http request GET https://registry.npmjs.org/nan
126 http 200 https://registry.npmjs.org/nan
127 verbose headers { server: 'nginx/1.10.1',
127 verbose headers   'content-type': 'application/json',
127 verbose headers   'last-modified': 'Thu, 27 Jul 2017 17:03:33 GMT',
127 verbose headers   etag: 'W/"597a1ce5-1fa1a"',
127 verbose headers   'content-encoding': 'gzip',
127 verbose headers   'cache-control': 'max-age=300',
127 verbose headers   'content-length': '15256',
127 verbose headers   'accept-ranges': 'bytes',
127 verbose headers   date: 'Tue, 01 Aug 2017 18:58:16 GMT',
127 verbose headers   via: '1.1 varnish',
127 verbose headers   age: '134',
127 verbose headers   connection: 'keep-alive',
127 verbose headers   'x-served-by': 'cache-ord1742-ORD',
127 verbose headers   'x-cache': 'HIT',
127 verbose headers   'x-cache-hits': '2',
127 verbose headers   'x-timer': 'S1501613897.551976,VS0,VE0',
127 verbose headers   vary: 'Accept-Encoding, Accept' }
128 silly get cb [ 200,
128 silly get   { server: 'nginx/1.10.1',
128 silly get     'content-type': 'application/json',
128 silly get     'last-modified': 'Thu, 27 Jul 2017 17:03:33 GMT',
128 silly get     etag: 'W/"597a1ce5-1fa1a"',
128 silly get     'content-encoding': 'gzip',
128 silly get     'cache-control': 'max-age=300',
128 silly get     'content-length': '15256',
128 silly get     'accept-ranges': 'bytes',
128 silly get     date: 'Tue, 01 Aug 2017 18:58:16 GMT',
128 silly get     via: '1.1 varnish',
128 silly get     age: '134',
128 silly get     connection: 'keep-alive',
128 silly get     'x-served-by': 'cache-ord1742-ORD',
128 silly get     'x-cache': 'HIT',
128 silly get     'x-cache-hits': '2',
128 silly get     'x-timer': 'S1501613897.551976,VS0,VE0',
128 silly get     vary: 'Accept-Encoding, Accept' } ]
129 verbose get saving nan to /home/ubuntu/.npm/registry.npmjs.org/nan/.cache.json
130 verbose correctMkdir /home/ubuntu/.npm correctMkdir not in flight; initializing
131 silly mapToRegistry name nan
132 silly mapToRegistry using default registry
133 silly mapToRegistry registry https://registry.npmjs.org/
134 silly mapToRegistry data Result {
134 silly mapToRegistry   raw: 'nan',
134 silly mapToRegistry   scope: null,
134 silly mapToRegistry   name: 'nan',
134 silly mapToRegistry   rawSpec: '',
134 silly mapToRegistry   spec: 'latest',
134 silly mapToRegistry   type: 'tag' }
135 silly mapToRegistry uri https://registry.npmjs.org/nan
136 verbose addRemoteTarball https://registry.npmjs.org/nan/-/nan-2.3.3.tgz not in flight; adding
137 verbose addRemoteTarball [ 'https://registry.npmjs.org/nan/-/nan-2.3.3.tgz',
137 verbose addRemoteTarball   '64dd83c9704a83648b6c72b401f6384bd94ef16f' ]
138 info retry fetch attempt 1 at 3:58:16 PM
139 info attempt registry request try #1 at 3:58:16 PM
140 http fetch GET https://registry.npmjs.org/nan/-/nan-2.3.3.tgz
141 http fetch 200 https://registry.npmjs.org/nan/-/nan-2.3.3.tgz
142 silly fetchAndShaCheck shasum 64dd83c9704a83648b6c72b401f6384bd94ef16f
143 verbose addTmpTarball /tmp/npm-54246-b90764df/registry.npmjs.org/nan/-/nan-2.3.3.tgz not in flight; adding
144 verbose addTmpTarball already have metadata; skipping unpack for nan@2.3.3
145 verbose correctMkdir /home/ubuntu/.npm correctMkdir not in flight; initializing
146 silly cache afterAdd nan@2.3.3
147 verbose afterAdd /home/ubuntu/.npm/nan/2.3.3/package/package.json not in flight; writing
148 verbose correctMkdir /home/ubuntu/.npm correctMkdir not in flight; initializing
149 verbose afterAdd /home/ubuntu/.npm/nan/2.3.3/package/package.json written
150 silly install resolved [ { name: 'nan',
150 silly install resolved     version: '2.3.3',
150 silly install resolved     description: 'Native Abstractions for Node.js: C++ header for Node 0.8 -> 6 compatibility',
150 silly install resolved     main: 'include_dirs.js',
150 silly install resolved     repository: { type: 'git', url: 'git://github.com/nodejs/nan.git' },
150 silly install resolved     scripts:
150 silly install resolved      { test: 'tap --gc --stderr test/js/*-test.js',
150 silly install resolved        'rebuild-tests': 'node-gyp rebuild --msvs_version=2013 --directory test',
150 silly install resolved        docs: 'doc/.build.sh' },
150 silly install resolved     contributors:
150 silly install resolved      [ [Object],
150 silly install resolved        [Object],
150 silly install resolved        [Object],
150 silly install resolved        [Object],
150 silly install resolved        [Object],
150 silly install resolved        [Object],
150 silly install resolved        [Object] ],
150 silly install resolved     devDependencies:
150 silly install resolved      { bindings: '~1.2.1',
150 silly install resolved        commander: '^2.8.1',
150 silly install resolved        glob: '^5.0.14',
150 silly install resolved        'node-gyp': '~3.0.1',
150 silly install resolved        tap: '~0.7.1',
150 silly install resolved        xtend: '~4.0.0' },
150 silly install resolved     license: 'MIT',
150 silly install resolved     bugs: { url: 'https://github.com/nodejs/nan/issues' },
150 silly install resolved     homepage: 'https://github.com/nodejs/nan#readme',
150 silly install resolved     _id: 'nan@2.3.3',
150 silly install resolved     _shasum: '64dd83c9704a83648b6c72b401f6384bd94ef16f',
150 silly install resolved     _resolved: 'https://registry.npmjs.org/nan/-/nan-2.3.3.tgz',
150 silly install resolved     _from: 'nan@2.3.3',
150 silly install resolved     _npmVersion: '3.3.6',
150 silly install resolved     _nodeVersion: '5.0.0',
150 silly install resolved     _npmUser: { name: 'kkoopa', email: 'bbyholm@abo.fi' },
150 silly install resolved     dist:
150 silly install resolved      { shasum: '64dd83c9704a83648b6c72b401f6384bd94ef16f',
150 silly install resolved        tarball: 'https://registry.npmjs.org/nan/-/nan-2.3.3.tgz' },
150 silly install resolved     maintainers: [ [Object], [Object] ],
150 silly install resolved     _npmOperationalInternal:
150 silly install resolved      { host: 'packages-16-east.internal.npmjs.com',
150 silly install resolved        tmp: 'tmp/nan-2.3.3.tgz_1462313618725_0.044748055282980204' },
150 silly install resolved     directories: {} } ]
151 info install nan@2.3.3 into /home/ubuntu/workspace/node_modules/clang_tool
152 info installOne nan@2.3.3
153 verbose installOne of nan to /home/ubuntu/workspace/node_modules/clang_tool not in flight; installing
154 verbose correctMkdir /home/ubuntu/.npm/_locks correctMkdir not in flight; initializing
155 verbose lock using /home/ubuntu/.npm/_locks/nan-e628b70a181bc768.lock for /home/ubuntu/workspace/node_modules/clang_tool/node_modules/nan
156 silly install write writing nan 2.3.3 to /home/ubuntu/workspace/node_modules/clang_tool/node_modules/nan
157 verbose unbuild node_modules/clang_tool/node_modules/nan
158 silly gentlyRm /home/ubuntu/workspace/node_modules/clang_tool/node_modules/nan is being purged from base /home/ubuntu/workspace
159 verbose gentlyRm don't care about contents; nuking /home/ubuntu/workspace/node_modules/clang_tool/node_modules/nan
160 verbose tar unpack /home/ubuntu/.npm/nan/2.3.3/package.tgz
161 verbose tar unpacking to /home/ubuntu/workspace/node_modules/clang_tool/node_modules/nan
162 silly gentlyRm /home/ubuntu/workspace/node_modules/clang_tool/node_modules/nan is being purged
163 verbose gentlyRm don't care about contents; nuking /home/ubuntu/workspace/node_modules/clang_tool/node_modules/nan
164 silly gunzTarPerm modes [ '755', '644' ]
165 silly gunzTarPerm extractEntry package.json
166 silly gunzTarPerm modified mode [ 'package.json', 436, 420 ]
167 silly gunzTarPerm extractEntry README.md
168 silly gunzTarPerm modified mode [ 'README.md', 436, 420 ]
169 silly gunzTarPerm extractEntry include_dirs.js
170 silly gunzTarPerm modified mode [ 'include_dirs.js', 436, 420 ]
171 silly gunzTarPerm extractEntry nan_converters.h
172 silly gunzTarPerm modified mode [ 'nan_converters.h', 436, 420 ]
173 silly gunzTarPerm extractEntry LICENSE.md
174 silly gunzTarPerm modified mode [ 'LICENSE.md', 436, 420 ]
175 silly gunzTarPerm extractEntry doc/node_misc.md
176 silly gunzTarPerm modified mode [ 'doc/node_misc.md', 436, 420 ]
177 silly gunzTarPerm extractEntry doc/asyncworker.md
178 silly gunzTarPerm modified mode [ 'doc/asyncworker.md', 436, 420 ]
179 silly gunzTarPerm extractEntry doc/callback.md
180 silly gunzTarPerm modified mode [ 'doc/callback.md', 436, 420 ]
181 silly gunzTarPerm extractEntry doc/converters.md
182 silly gunzTarPerm modified mode [ 'doc/converters.md', 436, 420 ]
183 silly gunzTarPerm extractEntry doc/errors.md
184 silly gunzTarPerm modified mode [ 'doc/errors.md', 436, 420 ]
185 silly gunzTarPerm extractEntry doc/maybe_types.md
186 silly gunzTarPerm modified mode [ 'doc/maybe_types.md', 436, 420 ]
187 silly gunzTarPerm extractEntry doc/methods.md
188 silly gunzTarPerm modified mode [ 'doc/methods.md', 436, 420 ]
189 silly gunzTarPerm extractEntry doc/new.md
190 silly gunzTarPerm modified mode [ 'doc/new.md', 436, 420 ]
191 silly gunzTarPerm extractEntry doc/buffers.md
192 silly gunzTarPerm modified mode [ 'doc/buffers.md', 436, 420 ]
193 silly gunzTarPerm extractEntry doc/object_wrappers.md
194 silly gunzTarPerm modified mode [ 'doc/object_wrappers.md', 436, 420 ]
195 silly gunzTarPerm extractEntry doc/persistent.md
196 silly gunzTarPerm modified mode [ 'doc/persistent.md', 436, 420 ]
197 silly gunzTarPerm extractEntry doc/scopes.md
198 silly gunzTarPerm modified mode [ 'doc/scopes.md', 436, 420 ]
199 silly gunzTarPerm extractEntry doc/script.md
200 silly gunzTarPerm modified mode [ 'doc/script.md', 436, 420 ]
201 silly gunzTarPerm extractEntry doc/string_bytes.md
202 silly gunzTarPerm modified mode [ 'doc/string_bytes.md', 436, 420 ]
203 silly gunzTarPerm extractEntry doc/v8_internals.md
204 silly gunzTarPerm modified mode [ 'doc/v8_internals.md', 436, 420 ]
205 silly gunzTarPerm extractEntry doc/v8_misc.md
206 silly gunzTarPerm modified mode [ 'doc/v8_misc.md', 436, 420 ]
207 silly gunzTarPerm extractEntry nan.h
208 silly gunzTarPerm modified mode [ 'nan.h', 436, 420 ]
209 silly gunzTarPerm extractEntry nan_callbacks.h
210 silly gunzTarPerm modified mode [ 'nan_callbacks.h', 436, 420 ]
211 silly gunzTarPerm extractEntry nan_callbacks_12_inl.h
212 silly gunzTarPerm modified mode [ 'nan_callbacks_12_inl.h', 436, 420 ]
213 silly gunzTarPerm extractEntry nan_callbacks_pre_12_inl.h
214 silly gunzTarPerm modified mode [ 'nan_callbacks_pre_12_inl.h', 436, 420 ]
215 silly gunzTarPerm extractEntry nan_converters_43_inl.h
216 silly gunzTarPerm modified mode [ 'nan_converters_43_inl.h', 436, 420 ]
217 silly gunzTarPerm extractEntry nan_converters_pre_43_inl.h
218 silly gunzTarPerm modified mode [ 'nan_converters_pre_43_inl.h', 436, 420 ]
219 silly gunzTarPerm extractEntry nan_implementation_12_inl.h
220 silly gunzTarPerm modified mode [ 'nan_implementation_12_inl.h', 436, 420 ]
221 silly gunzTarPerm extractEntry nan_implementation_pre_12_inl.h
222 silly gunzTarPerm modified mode [ 'nan_implementation_pre_12_inl.h', 436, 420 ]
223 silly gunzTarPerm extractEntry nan_maybe_43_inl.h
224 silly gunzTarPerm modified mode [ 'nan_maybe_43_inl.h', 436, 420 ]
225 silly gunzTarPerm extractEntry nan_maybe_pre_43_inl.h
226 silly gunzTarPerm modified mode [ 'nan_maybe_pre_43_inl.h', 436, 420 ]
227 silly gunzTarPerm extractEntry nan_new.h
228 silly gunzTarPerm modified mode [ 'nan_new.h', 436, 420 ]
229 silly gunzTarPerm extractEntry nan_object_wrap.h
230 silly gunzTarPerm modified mode [ 'nan_object_wrap.h', 436, 420 ]
231 silly gunzTarPerm extractEntry nan_persistent_12_inl.h
232 silly gunzTarPerm modified mode [ 'nan_persistent_12_inl.h', 436, 420 ]
233 silly gunzTarPerm extractEntry nan_persistent_pre_12_inl.h
234 silly gunzTarPerm modified mode [ 'nan_persistent_pre_12_inl.h', 436, 420 ]
235 silly gunzTarPerm extractEntry nan_string_bytes.h
236 silly gunzTarPerm modified mode [ 'nan_string_bytes.h', 436, 420 ]
237 silly gunzTarPerm extractEntry nan_typedarray_contents.h
238 silly gunzTarPerm modified mode [ 'nan_typedarray_contents.h', 436, 420 ]
239 silly gunzTarPerm extractEntry nan_weak.h
240 silly gunzTarPerm modified mode [ 'nan_weak.h', 436, 420 ]
241 silly gunzTarPerm extractEntry CHANGELOG.md
242 silly gunzTarPerm modified mode [ 'CHANGELOG.md', 436, 420 ]
243 silly gunzTarPerm extractEntry tools/package.json
244 silly gunzTarPerm modified mode [ 'tools/package.json', 436, 420 ]
245 silly gunzTarPerm extractEntry tools/README.md
246 silly gunzTarPerm modified mode [ 'tools/README.md', 436, 420 ]
247 silly gunzTarPerm extractEntry tools/1to2.js
248 silly gunzTarPerm modified mode [ 'tools/1to2.js', 509, 493 ]
249 verbose write writing to /home/ubuntu/workspace/node_modules/clang_tool/node_modules/nan/package.json
250 info preinstall nan@2.3.3
251 verbose readDependencies loading dependencies from /home/ubuntu/workspace/node_modules/clang_tool/node_modules/nan/package.json
252 verbose readDependencies loading dependencies from /home/ubuntu/workspace/node_modules/clang_tool/node_modules/nan/package.json
253 silly install resolved []
254 verbose about to build /home/ubuntu/workspace/node_modules/clang_tool/node_modules/nan
255 info build /home/ubuntu/workspace/node_modules/clang_tool/node_modules/nan
256 info linkStuff nan@2.3.3
257 silly linkStuff nan@2.3.3 has /home/ubuntu/workspace/node_modules/clang_tool/node_modules as its parent node_modules
258 verbose linkBins nan@2.3.3
259 verbose linkMans nan@2.3.3
260 verbose rebuildBundles nan@2.3.3
261 info install nan@2.3.3
262 info postinstall nan@2.3.3
263 verbose unlock done using /home/ubuntu/.npm/_locks/nan-e628b70a181bc768.lock for /home/ubuntu/workspace/node_modules/clang_tool/node_modules/nan
264 verbose about to build /home/ubuntu/workspace/node_modules/clang_tool
265 info build /home/ubuntu/workspace/node_modules/clang_tool
266 info linkStuff clang_tool@0.8.1
267 silly linkStuff clang_tool@0.8.1 has /home/ubuntu/workspace/node_modules as its parent node_modules
268 verbose linkBins clang_tool@0.8.1
269 verbose linkMans clang_tool@0.8.1
270 verbose rebuildBundles clang_tool@0.8.1
271 verbose rebuildBundles [ 'nan' ]
272 info install clang_tool@0.8.1
273 verbose unsafe-perm in lifecycle true
274 info clang_tool@0.8.1 Failed to exec install script
275 verbose unlock done using /home/ubuntu/.npm/_locks/clang-tool-8b756583574e940a.lock for /home/ubuntu/workspace/node_modules/clang_tool
276 verbose stack Error: clang_tool@0.8.1 install: `node-gyp rebuild`
276 verbose stack Exit status 1
276 verbose stack     at EventEmitter.<anonymous> (/home/ubuntu/.nvm/versions/node/v4.7.3/lib/node_modules/npm/lib/utils/lifecycle.js:217:16)
276 verbose stack     at emitTwo (events.js:87:13)
276 verbose stack     at EventEmitter.emit (events.js:172:7)
276 verbose stack     at ChildProcess.<anonymous> (/home/ubuntu/.nvm/versions/node/v4.7.3/lib/node_modules/npm/lib/utils/spawn.js:24:14)
276 verbose stack     at emitTwo (events.js:87:13)
276 verbose stack     at ChildProcess.emit (events.js:172:7)
276 verbose stack     at maybeClose (internal/child_process.js:854:16)
276 verbose stack     at Process.ChildProcess._handle.onexit (internal/child_process.js:222:5)
277 verbose pkgid clang_tool@0.8.1
278 verbose cwd /home/ubuntu/workspace
279 error Linux 4.9.17-c9
280 error argv "/home/ubuntu/.nvm/versions/node/v4.7.3/bin/node" "/home/ubuntu/.nvm/versions/node/v4.7.3/bin/npm" "install" "clang_tool"
281 error node v4.7.3
282 error npm  v2.15.11
283 error code ELIFECYCLE
284 error clang_tool@0.8.1 install: `node-gyp rebuild`
284 error Exit status 1
285 error Failed at the clang_tool@0.8.1 install script 'node-gyp rebuild'.
285 error This is most likely a problem with the clang_tool package,
285 error not with npm itself.
285 error Tell the author that this fails on your system:
285 error     node-gyp rebuild
285 error You can get information on how to open an issue for this project with:
285 error     npm bugs clang_tool
285 error Or if that isn't available, you can get their info via:
285 error
285 error     npm owner ls clang_tool
285 error There is likely additional logging output above.
286 verbose exit [ 1, true ]
287 verbose unbuild node_modules/clang_tool
288 info preuninstall clang_tool@0.8.1
289 info uninstall clang_tool@0.8.1
290 verbose unbuild rmStuff clang_tool@0.8.1 from /home/ubuntu/workspace/node_modules
291 info postuninstall clang_tool@0.8.1
292 silly gentlyRm /home/ubuntu/workspace/node_modules/clang_tool is being purged from base /home/ubuntu/workspace
293 verbose gentlyRm don't care about contents; nuking /home/ubuntu/workspace/node_modules/clang_tool
294 silly vacuum-fs purging /home/ubuntu/workspace/node_modules/clang_tool
295 silly vacuum-fs removing /home/ubuntu/workspace/node_modules
296 silly vacuum-fs finished vacuuming up to /home/ubuntu/workspace
