This file contains any messages produced by compilers while
running configure, to aid debugging if configure makes a mistake.

It was created by trilearn__base_sources configure 3.3, which was
generated by GNU Autoconf 2.57.  Invocation command line was

  $ ./configure 

## --------- ##
## Platform. ##
## --------- ##

hostname = sys
uname -m = i686
uname -r = 2.6.15-26-k7
uname -s = Linux
uname -v = #1 SMP PREEMPT Thu Aug 3 03:40:32 UTC 2006

/usr/bin/uname -p = unknown
/bin/uname -X     = unknown

/bin/arch              = i686
/usr/bin/arch -k       = unknown
/usr/convex/getsysinfo = unknown
hostinfo               = unknown
/bin/machine           = unknown
/usr/bin/oslevel       = unknown
/bin/universe          = unknown

PATH: /usr/local/sbin
PATH: /usr/local/bin
PATH: /usr/sbin
PATH: /usr/bin
PATH: /sbin
PATH: /bin
PATH: /usr/bin/X11
PATH: /usr/games


## ----------- ##
## Core tests. ##
## ----------- ##

configure:1518: checking for a BSD-compatible install
configure:1572: result: /usr/bin/install -c
configure:1583: checking whether build environment is sane
configure:1626: result: yes
configure:1659: checking for gawk
configure:1688: result: no
configure:1659: checking for mawk
configure:1675: found /usr/bin/mawk
configure:1685: result: mawk
configure:1695: checking whether make sets $(MAKE)
configure:1715: result: yes
configure:1929: checking for gcc
configure:1945: found /usr/bin/gcc
configure:1955: result: gcc
configure:2199: checking for C compiler version
configure:2202: gcc --version </dev/null >&5
gcc (GCC) 3.3.6 (Ubuntu 1:3.3.6-10)
Copyright (C) 2003 Free Software Foundation, Inc.
This is free software; see the source for copying conditions.  There is NO
warranty; not even for MERCHANTABILITY or FITNESS FOR A PARTICULAR PURPOSE.

configure:2205: $? = 0
configure:2207: gcc -v </dev/null >&5
Reading specs from /usr/lib/gcc-lib/i486-linux-gnu/3.3.6/specs
Configured with: ../src/configure -v --enable-languages=c,c++,ada --prefix=/usr --mandir=/usr/share/man --infodir=/usr/share/info --with-gxx-include-dir=/usr/include/c++/3.3 --enable-shared --enable-__cxa_atexit --with-system-zlib --enable-nls --without-included-gettext --enable-clocale=gnu --enable-debug i486-linux-gnu
Thread model: posix
gcc version 3.3.6 (Ubuntu 1:3.3.6-10)
configure:2210: $? = 0
configure:2212: gcc -V </dev/null >&5
gcc: `-V' option must have argument
configure:2215: $? = 1
configure:2239: checking for C compiler default output
configure:2242: gcc    conftest.c  >&5
configure:2245: $? = 0
configure:2291: result: a.out
configure:2296: checking whether the C compiler works
configure:2302: ./a.out
configure:2305: $? = 0
configure:2322: result: yes
configure:2329: checking whether we are cross compiling
configure:2331: result: no
configure:2334: checking for suffix of executables
configure:2336: gcc -o conftest    conftest.c  >&5
configure:2339: $? = 0
configure:2364: result: 
configure:2370: checking for suffix of object files
configure:2392: gcc -c   conftest.c >&5
configure:2395: $? = 0
configure:2417: result: o
configure:2421: checking whether we are using the GNU C compiler
configure:2446: gcc -c   conftest.c >&5
configure:2449: $? = 0
configure:2452: test -s conftest.o
configure:2455: $? = 0
configure:2468: result: yes
configure:2474: checking whether gcc accepts -g
configure:2496: gcc -c -g  conftest.c >&5
configure:2499: $? = 0
configure:2502: test -s conftest.o
configure:2505: $? = 0
configure:2516: result: yes
configure:2533: checking for gcc option to accept ANSI C
configure:2594: gcc  -c -g -O2  conftest.c >&5
configure:2597: $? = 0
configure:2600: test -s conftest.o
configure:2603: $? = 0
configure:2621: result: none needed
configure:2639: gcc -c -g -O2  conftest.c >&5
conftest.c:2: error: syntax error before "me"
configure:2642: $? = 1
configure: failed program was:
| #ifndef __cplusplus
|   choke me
| #endif
configure:2762: checking for style of include used by make
configure:2790: result: GNU
configure:2818: checking dependency style of gcc
configure:2886: result: gcc3
configure:2955: checking for g++
configure:2971: found /usr/bin/g++
configure:2981: result: g++
configure:2997: checking for C++ compiler version
configure:3000: g++ --version </dev/null >&5
g++ (GCC) 3.3.6 (Ubuntu 1:3.3.6-10)
Copyright (C) 2003 Free Software Foundation, Inc.
This is free software; see the source for copying conditions.  There is NO
warranty; not even for MERCHANTABILITY or FITNESS FOR A PARTICULAR PURPOSE.

configure:3003: $? = 0
configure:3005: g++ -v </dev/null >&5
Reading specs from /usr/lib/gcc-lib/i486-linux-gnu/3.3.6/specs
Configured with: ../src/configure -v --enable-languages=c,c++,ada --prefix=/usr --mandir=/usr/share/man --infodir=/usr/share/info --with-gxx-include-dir=/usr/include/c++/3.3 --enable-shared --enable-__cxa_atexit --with-system-zlib --enable-nls --without-included-gettext --enable-clocale=gnu --enable-debug i486-linux-gnu
Thread model: posix
gcc version 3.3.6 (Ubuntu 1:3.3.6-10)
configure:3008: $? = 0
configure:3010: g++ -V </dev/null >&5
g++: `-V' option must have argument
configure:3013: $? = 1
configure:3016: checking whether we are using the GNU C++ compiler
configure:3041: g++ -c   conftest.cc >&5
configure:3044: $? = 0
configure:3047: test -s conftest.o
configure:3050: $? = 0
configure:3063: result: yes
configure:3069: checking whether g++ accepts -g
configure:3091: g++ -c -g  conftest.cc >&5
configure:3094: $? = 0
configure:3097: test -s conftest.o
configure:3100: $? = 0
configure:3111: result: yes
configure:3155: g++ -c -g -O2  conftest.cc >&5
configure:3158: $? = 0
configure:3161: test -s conftest.o
configure:3164: $? = 0
configure:3191: g++ -c -g -O2  conftest.cc >&5
configure: In function `int main()':
configure:3188: error: `exit' undeclared (first use this function)
configure:3188: error: (Each undeclared identifier is reported only once for 
   each function it appears in.)
configure:3194: $? = 1
configure: failed program was:
| #line 3174 "configure"
| /* confdefs.h.  */
| 
| #define PACKAGE_NAME "trilearn__base_sources"
| #define PACKAGE_TARNAME "trilearn__base_sources"
| #define PACKAGE_VERSION "3.3"
| #define PACKAGE_STRING "trilearn__base_sources 3.3"
| #define PACKAGE_BUGREPORT "jellekok@science.uva.nl"
| #define PACKAGE "trilearn_base_sources"
| #define VERSION "3.3"
| /* end confdefs.h.  */
| 
| int
| main ()
| {
| exit (42);
|   ;
|   return 0;
| }
configure:3155: g++ -c -g -O2  conftest.cc >&5
configure:3158: $? = 0
configure:3161: test -s conftest.o
configure:3164: $? = 0
configure:3191: g++ -c -g -O2  conftest.cc >&5
configure:3194: $? = 0
configure:3197: test -s conftest.o
configure:3200: $? = 0
configure:3225: checking dependency style of g++
configure:3293: result: gcc3
configure:3388: checking build system type
configure:3406: result: i686-pc-linux-gnu
configure:3414: checking host system type
configure:3428: result: i686-pc-linux-gnu
configure:3436: checking for a sed that does not truncate output
configure:3490: result: /bin/sed
configure:3493: checking for egrep
configure:3503: result: grep -E
configure:3519: checking for ld used by gcc
configure:3586: result: /usr/bin/ld
configure:3595: checking if the linker (/usr/bin/ld) is GNU ld
configure:3610: result: yes
configure:3615: checking for /usr/bin/ld option to reload object files
configure:3622: result: -r
configure:3631: checking for BSD-compatible nm
configure:3673: result: /usr/bin/nm -B
configure:3677: checking whether ln -s works
configure:3681: result: yes
configure:3688: checking how to recognise dependent libraries
configure:3888: result: pass_all
configure:4092: checking how to run the C preprocessor
configure:4128: gcc -E  conftest.c
configure:4134: $? = 0
configure:4166: gcc -E  conftest.c
configure:4170:28: ac_nonexistent.h: No such file or directory
configure:4172: $? = 1
configure: failed program was:
| #line 4157 "configure"
| /* confdefs.h.  */
| 
| #define PACKAGE_NAME "trilearn__base_sources"
| #define PACKAGE_TARNAME "trilearn__base_sources"
| #define PACKAGE_VERSION "3.3"
| #define PACKAGE_STRING "trilearn__base_sources 3.3"
| #define PACKAGE_BUGREPORT "jellekok@science.uva.nl"
| #define PACKAGE "trilearn_base_sources"
| #define VERSION "3.3"
| #ifdef __cplusplus
| #include <stdlib.h>
| #endif
| /* end confdefs.h.  */
| #include <ac_nonexistent.h>
configure:4210: result: gcc -E
configure:4235: gcc -E  conftest.c
configure:4241: $? = 0
configure:4273: gcc -E  conftest.c
configure:4277:28: ac_nonexistent.h: No such file or directory
configure:4279: $? = 1
configure: failed program was:
| #line 4264 "configure"
| /* confdefs.h.  */
| 
| #define PACKAGE_NAME "trilearn__base_sources"
| #define PACKAGE_TARNAME "trilearn__base_sources"
| #define PACKAGE_VERSION "3.3"
| #define PACKAGE_STRING "trilearn__base_sources 3.3"
| #define PACKAGE_BUGREPORT "jellekok@science.uva.nl"
| #define PACKAGE "trilearn_base_sources"
| #define VERSION "3.3"
| #ifdef __cplusplus
| #include <stdlib.h>
| #endif
| /* end confdefs.h.  */
| #include <ac_nonexistent.h>
configure:4322: checking for ANSI C header files
configure:4348: gcc -c -g -O2  conftest.c >&5
configure:4351: $? = 0
configure:4354: test -s conftest.o
configure:4357: $? = 0
configure:4449: gcc -o conftest -g -O2   conftest.c  >&5
configure:4452: $? = 0
configure:4454: ./conftest
configure:4457: $? = 0
configure:4472: result: yes
configure:4496: checking for sys/types.h
configure:4513: gcc -c -g -O2  conftest.c >&5
configure:4516: $? = 0
configure:4519: test -s conftest.o
configure:4522: $? = 0
configure:4533: result: yes
configure:4496: checking for sys/stat.h
configure:4513: gcc -c -g -O2  conftest.c >&5
configure:4516: $? = 0
configure:4519: test -s conftest.o
configure:4522: $? = 0
configure:4533: result: yes
configure:4496: checking for stdlib.h
configure:4513: gcc -c -g -O2  conftest.c >&5
configure:4516: $? = 0
configure:4519: test -s conftest.o
configure:4522: $? = 0
configure:4533: result: yes
configure:4496: checking for string.h
configure:4513: gcc -c -g -O2  conftest.c >&5
configure:4516: $? = 0
configure:4519: test -s conftest.o
configure:4522: $? = 0
configure:4533: result: yes
configure:4496: checking for memory.h
configure:4513: gcc -c -g -O2  conftest.c >&5
configure:4516: $? = 0
configure:4519: test -s conftest.o
configure:4522: $? = 0
configure:4533: result: yes
configure:4496: checking for strings.h
configure:4513: gcc -c -g -O2  conftest.c >&5
configure:4516: $? = 0
configure:4519: test -s conftest.o
configure:4522: $? = 0
configure:4533: result: yes
configure:4496: checking for inttypes.h
configure:4513: gcc -c -g -O2  conftest.c >&5
configure:4516: $? = 0
configure:4519: test -s conftest.o
configure:4522: $? = 0
configure:4533: result: yes
configure:4496: checking for stdint.h
configure:4513: gcc -c -g -O2  conftest.c >&5
configure:4516: $? = 0
configure:4519: test -s conftest.o
configure:4522: $? = 0
configure:4533: result: yes
configure:4496: checking for unistd.h
configure:4513: gcc -c -g -O2  conftest.c >&5
configure:4516: $? = 0
configure:4519: test -s conftest.o
configure:4522: $? = 0
configure:4533: result: yes
configure:4559: checking dlfcn.h usability
configure:4572: gcc -c -g -O2  conftest.c >&5
configure:4575: $? = 0
configure:4578: test -s conftest.o
configure:4581: $? = 0
configure:4591: result: yes
configure:4595: checking dlfcn.h presence
configure:4606: gcc -E  conftest.c
configure:4612: $? = 0
configure:4631: result: yes
configure:4667: checking for dlfcn.h
configure:4674: result: yes
configure:4692: checking how to run the C++ preprocessor
configure:4724: g++ -E  conftest.cc
configure:4730: $? = 0
configure:4762: g++ -E  conftest.cc
configure:4777:28: ac_nonexistent.h: No such file or directory
configure:4768: $? = 1
configure: failed program was:
| #line 4753 "configure"
| /* confdefs.h.  */
| 
| #define PACKAGE_NAME "trilearn__base_sources"
| #define PACKAGE_TARNAME "trilearn__base_sources"
| #define PACKAGE_VERSION "3.3"
| #define PACKAGE_STRING "trilearn__base_sources 3.3"
| #define PACKAGE_BUGREPORT "jellekok@science.uva.nl"
| #define PACKAGE "trilearn_base_sources"
| #define VERSION "3.3"
| #ifdef __cplusplus
| #include <stdlib.h>
| #endif
| #define STDC_HEADERS 1
| #define HAVE_SYS_TYPES_H 1
| #define HAVE_SYS_STAT_H 1
| #define HAVE_STDLIB_H 1
| #define HAVE_STRING_H 1
| #define HAVE_MEMORY_H 1
| #define HAVE_STRINGS_H 1
| #define HAVE_INTTYPES_H 1
| #define HAVE_STDINT_H 1
| #define HAVE_UNISTD_H 1
| #define HAVE_DLFCN_H 1
| /* end confdefs.h.  */
| #include <ac_nonexistent.h>
configure:4806: result: g++ -E
configure:4831: g++ -E  conftest.cc
configure:4837: $? = 0
configure:4869: g++ -E  conftest.cc
configure:4884:28: ac_nonexistent.h: No such file or directory
configure:4875: $? = 1
configure: failed program was:
| #line 4860 "configure"
| /* confdefs.h.  */
| 
| #define PACKAGE_NAME "trilearn__base_sources"
| #define PACKAGE_TARNAME "trilearn__base_sources"
| #define PACKAGE_VERSION "3.3"
| #define PACKAGE_STRING "trilearn__base_sources 3.3"
| #define PACKAGE_BUGREPORT "jellekok@science.uva.nl"
| #define PACKAGE "trilearn_base_sources"
| #define VERSION "3.3"
| #ifdef __cplusplus
| #include <stdlib.h>
| #endif
| #define STDC_HEADERS 1
| #define HAVE_SYS_TYPES_H 1
| #define HAVE_SYS_STAT_H 1
| #define HAVE_STDLIB_H 1
| #define HAVE_STRING_H 1
| #define HAVE_MEMORY_H 1
| #define HAVE_STRINGS_H 1
| #define HAVE_INTTYPES_H 1
| #define HAVE_STDINT_H 1
| #define HAVE_UNISTD_H 1
| #define HAVE_DLFCN_H 1
| /* end confdefs.h.  */
| #include <ac_nonexistent.h>
configure:4969: checking for g77
configure:4998: result: no
configure:4969: checking for f77
configure:4998: result: no
configure:4969: checking for xlf
configure:4998: result: no
configure:4969: checking for frt
configure:4998: result: no
configure:4969: checking for pgf77
configure:4998: result: no
configure:4969: checking for fl32
configure:4998: result: no
configure:4969: checking for af77
configure:4998: result: no
configure:4969: checking for fort77
configure:4998: result: no
configure:4969: checking for f90
configure:4998: result: no
configure:4969: checking for xlf90
configure:4998: result: no
configure:4969: checking for pgf90
configure:4998: result: no
configure:4969: checking for epcf90
configure:4998: result: no
configure:4969: checking for f95
configure:4998: result: no
configure:4969: checking for fort
configure:4998: result: no
configure:4969: checking for xlf95
configure:4998: result: no
configure:4969: checking for lf95
configure:4998: result: no
configure:4969: checking for g95
configure:4998: result: no
configure:5010: checking for Fortran 77 compiler version
configure:5013:  --version </dev/null >&5
./configure: line 5014: --version: comando não encontrado
configure:5016: $? = 127
configure:5018:  -v </dev/null >&5
./configure: line 5019: -v: comando não encontrado
configure:5021: $? = 127
configure:5023:  -V </dev/null >&5
./configure: line 5024: -V: comando não encontrado
configure:5026: $? = 127
configure:5033: checking whether we are using the GNU Fortran 77 compiler
configure:5047:  -c  conftest.F >&5
./configure: line 5048: -c: comando não encontrado
configure:5050: $? = 127
configure: failed program was:
|       program main
| #ifndef __GNUC__
|        choke me
| #endif
| 
|       end
configure:5069: result: no
configure:5076: checking whether  accepts -g
configure:5088:  -c -g conftest.f >&5
./configure: line 5089: -c: comando não encontrado
configure:5091: $? = 127
configure: failed program was:
|       program main
| 
|       end
configure:5109: result: no
configure:5137: checking the maximum length of command line arguments
configure:5196: result: 32768
configure:5207: checking command to parse /usr/bin/nm -B output from gcc object
configure:5296: gcc -c -g -O2  conftest.c >&5
configure:5299: $? = 0
configure:5303: /usr/bin/nm -B conftest.o \| sed -n -e 's/^.*[ 	]\([ABCDGISTW][ABCDGISTW]*\)[ 	][ 	]*\(\)\([_A-Za-z][_A-Za-z0-9]*\)$/\1 \2\3 \3/p' \> conftest.nm
configure:5306: $? = 0
configure:5358: gcc -o conftest -g -O2   conftest.c conftstm.o >&5
configure:5361: $? = 0
configure:5399: result: ok
configure:5403: checking for objdir
configure:5418: result: .libs
configure:5508: checking for ar
configure:5524: found /usr/bin/ar
configure:5535: result: ar
configure:5588: checking for ranlib
configure:5604: found /usr/bin/ranlib
configure:5615: result: ranlib
configure:5668: checking for strip
configure:5684: found /usr/bin/strip
configure:5695: result: strip
configure:5957: checking if gcc static flag  works
configure:5980: result: yes
configure:5997: checking if gcc supports -fno-rtti -fno-exceptions
configure:6015: gcc -c -g -O2  -fno-rtti -fno-exceptions conftest.c >&5
cc1: warning: "-fno-rtti" is valid for C++ but not for C/ObjC
configure:6019: $? = 0
configure:6030: result: no
configure:6045: checking for gcc option to produce PIC
configure:6222: result: -fPIC
configure:6229: checking if gcc PIC flag -fPIC works
configure:6247: gcc -c -g -O2  -fPIC -DPIC conftest.c >&5
configure:6251: $? = 0
configure:6262: result: yes
configure:6286: checking if gcc supports -c -o file.o
configure:6314: gcc -c -g -O2  -o out/conftest2.o conftest.c >&5
configure:6318: $? = 0
configure:6335: result: yes
configure:6361: checking whether the gcc linker (/usr/bin/ld) supports shared libraries
configure:7155: result: yes
configure:7181: checking whether -lc should be explicitly linked in
configure:7186: gcc -c -g -O2  conftest.c >&5
configure:7189: $? = 0
configure:7203: gcc -shared conftest.o  -v -Wl,-soname -Wl,conftest -o conftest 2\>\&1 \| grep  -lc  \>/dev/null 2\>\&1
configure:7206: $? = 0
configure:7218: result: no
configure:7226: checking how to hardcode library paths into programs
configure:7251: result: immediate
configure:7265: checking whether stripping libraries is possible
configure:7270: result: yes
configure:7292: checking dynamic linker characteristics
configure:7803: result: GNU/Linux ld.so
configure:8529: checking if libtool supports shared libraries
configure:8531: result: yes
configure:8534: checking whether to build shared libraries
configure:8583: result: yes
configure:8586: checking whether to build static libraries
configure:8590: result: yes
configure:8681: creating libtool
configure:9225: checking for ld used by g++
configure:9292: result: /usr/bin/ld
configure:9301: checking if the linker (/usr/bin/ld) is GNU ld
configure:9316: result: yes
configure:9367: checking whether the g++ linker (/usr/bin/ld) supports shared libraries
configure:10162: result: yes
configure:10180: g++ -c -g -O2  conftest.cc >&5
configure:10183: $? = 0
configure:10279: checking for g++ option to produce PIC
configure:10531: result: -fPIC
configure:10538: checking if g++ PIC flag -fPIC works
configure:10556: g++ -c -g -O2  -fPIC -DPIC conftest.cc >&5
configure:10560: $? = 0
configure:10571: result: yes
configure:10595: checking if g++ supports -c -o file.o
configure:10623: g++ -c -g -O2  -o out/conftest2.o conftest.cc >&5
configure:10627: $? = 0
configure:10644: result: yes
configure:10670: checking whether the g++ linker (/usr/bin/ld) supports shared libraries
configure:10695: result: yes
configure:10766: checking how to hardcode library paths into programs
configure:10791: result: immediate
configure:10805: checking whether stripping libraries is possible
configure:10810: result: yes
configure:10832: checking dynamic linker characteristics
configure:11343: result: GNU/Linux ld.so
configure:18211: checking for pthread_create in -lpthread
configure:18242: gcc -o conftest -g -O2   conftest.c -lpthread   >&5
configure:18245: $? = 0
configure:18248: test -s conftest
configure:18251: $? = 0
configure:18263: result: yes
configure:18276: checking for ANSI C header files
configure:18426: result: yes
configure:18458: checking arpa/inet.h usability
configure:18471: gcc -c -g -O2  conftest.c >&5
configure:18474: $? = 0
configure:18477: test -s conftest.o
configure:18480: $? = 0
configure:18490: result: yes
configure:18494: checking arpa/inet.h presence
configure:18505: gcc -E  conftest.c
configure:18511: $? = 0
configure:18530: result: yes
configure:18566: checking for arpa/inet.h
configure:18573: result: yes
configure:18458: checking fcntl.h usability
configure:18471: gcc -c -g -O2  conftest.c >&5
configure:18474: $? = 0
configure:18477: test -s conftest.o
configure:18480: $? = 0
configure:18490: result: yes
configure:18494: checking fcntl.h presence
configure:18505: gcc -E  conftest.c
configure:18511: $? = 0
configure:18530: result: yes
configure:18566: checking for fcntl.h
configure:18573: result: yes
configure:18458: checking netdb.h usability
configure:18471: gcc -c -g -O2  conftest.c >&5
configure:18474: $? = 0
configure:18477: test -s conftest.o
configure:18480: $? = 0
configure:18490: result: yes
configure:18494: checking netdb.h presence
configure:18505: gcc -E  conftest.c
configure:18511: $? = 0
configure:18530: result: yes
configure:18566: checking for netdb.h
configure:18573: result: yes
configure:18449: checking for stdlib.h
configure:18454: result: yes
configure:18449: checking for string.h
configure:18454: result: yes
configure:18449: checking for strings.h
configure:18454: result: yes
configure:18458: checking sys/socket.h usability
configure:18471: gcc -c -g -O2  conftest.c >&5
configure:18474: $? = 0
configure:18477: test -s conftest.o
configure:18480: $? = 0
configure:18490: result: yes
configure:18494: checking sys/socket.h presence
configure:18505: gcc -E  conftest.c
configure:18511: $? = 0
configure:18530: result: yes
configure:18566: checking for sys/socket.h
configure:18573: result: yes
configure:18458: checking sys/time.h usability
configure:18471: gcc -c -g -O2  conftest.c >&5
configure:18474: $? = 0
configure:18477: test -s conftest.o
configure:18480: $? = 0
configure:18490: result: yes
configure:18494: checking sys/time.h presence
configure:18505: gcc -E  conftest.c
configure:18511: $? = 0
configure:18530: result: yes
configure:18566: checking for sys/time.h
configure:18573: result: yes
configure:18449: checking for unistd.h
configure:18454: result: yes
configure:18588: checking for stdbool.h that conforms to C99
configure:18642: gcc -c -g -O2  conftest.c >&5
configure:18645: $? = 0
configure:18648: test -s conftest.o
configure:18651: $? = 0
configure:18662: result: yes
configure:18664: checking for _Bool
configure:18689: gcc -c -g -O2  conftest.c >&5
configure:18692: $? = 0
configure:18695: test -s conftest.o
configure:18698: $? = 0
configure:18709: result: yes
configure:18728: checking for an ANSI C-conforming const
configure:18796: gcc -c -g -O2  conftest.c >&5
configure:18799: $? = 0
configure:18802: test -s conftest.o
configure:18805: $? = 0
configure:18816: result: yes
configure:18826: checking for inline
configure:18848: gcc -c -g -O2  conftest.c >&5
configure:18851: $? = 0
configure:18854: test -s conftest.o
configure:18857: $? = 0
configure:18869: result: inline
configure:18884: checking for size_t
configure:18909: gcc -c -g -O2  conftest.c >&5
configure:18912: $? = 0
configure:18915: test -s conftest.o
configure:18918: $? = 0
configure:18929: result: yes
configure:18941: checking whether time.h and sys/time.h may both be included
configure:18967: gcc -c -g -O2  conftest.c >&5
configure:18970: $? = 0
configure:18973: test -s conftest.o
configure:18976: $? = 0
configure:18987: result: yes
configure:19014: checking sys/select.h usability
configure:19027: gcc -c -g -O2  conftest.c >&5
configure:19030: $? = 0
configure:19033: test -s conftest.o
configure:19036: $? = 0
configure:19046: result: yes
configure:19050: checking sys/select.h presence
configure:19061: gcc -E  conftest.c
configure:19067: $? = 0
configure:19086: result: yes
configure:19122: checking for sys/select.h
configure:19129: result: yes
configure:19005: checking for sys/socket.h
configure:19010: result: yes
configure:19142: checking types of arguments for select
configure:19176: gcc -c -g -O2  conftest.c >&5
configure:19179: $? = 0
configure:19182: test -s conftest.o
configure:19185: $? = 0
configure:19201: result: int,fd_set *,struct timeval *
configure:19239: checking for floor
configure:19289: gcc -o conftest -g -O2   conftest.c -lpthread  >&5
/tmp/ccekLVel.o: In function `main':/home/sysop/Futebol/hashGoleiro-QL/configure:19319: undefined reference to `floor'
/tmp/ccekLVel.o:(.data+0x0): undefined reference to `floor'
collect2: ld returned 1 exit status
configure:19292: $? = 1
configure: failed program was:
| #line 19244 "configure"
| /* confdefs.h.  */
| 
| #define PACKAGE_NAME "trilearn__base_sources"
| #define PACKAGE_TARNAME "trilearn__base_sources"
| #define PACKAGE_VERSION "3.3"
| #define PACKAGE_STRING "trilearn__base_sources 3.3"
| #define PACKAGE_BUGREPORT "jellekok@science.uva.nl"
| #define PACKAGE "trilearn_base_sources"
| #define VERSION "3.3"
| #ifdef __cplusplus
| #include <stdlib.h>
| #endif
| #define STDC_HEADERS 1
| #define HAVE_SYS_TYPES_H 1
| #define HAVE_SYS_STAT_H 1
| #define HAVE_STDLIB_H 1
| #define HAVE_STRING_H 1
| #define HAVE_MEMORY_H 1
| #define HAVE_STRINGS_H 1
| #define HAVE_INTTYPES_H 1
| #define HAVE_STDINT_H 1
| #define HAVE_UNISTD_H 1
| #define HAVE_DLFCN_H 1
| #define HAVE_LIBPTHREAD 1
| #define STDC_HEADERS 1
| #define HAVE_ARPA_INET_H 1
| #define HAVE_FCNTL_H 1
| #define HAVE_NETDB_H 1
| #define HAVE_STDLIB_H 1
| #define HAVE_STRING_H 1
| #define HAVE_STRINGS_H 1
| #define HAVE_SYS_SOCKET_H 1
| #define HAVE_SYS_TIME_H 1
| #define HAVE_UNISTD_H 1
| #define HAVE__BOOL 1
| #define HAVE_STDBOOL_H 1
| #define TIME_WITH_SYS_TIME 1
| #define HAVE_SYS_SELECT_H 1
| #define HAVE_SYS_SOCKET_H 1
| #define SELECT_TYPE_ARG1 int
| #define SELECT_TYPE_ARG234 (fd_set *)
| #define SELECT_TYPE_ARG5 (struct timeval *)
| /* end confdefs.h.  */
| /* System header to define __stub macros and hopefully few prototypes,
|     which can conflict with char floor (); below.
|     Prefer <limits.h> to <assert.h> if __STDC__ is defined, since
|     <limits.h> exists even on freestanding compilers.  */
| #ifdef __STDC__
| # include <limits.h>
| #else
| # include <assert.h>
| #endif
| /* Override any gcc2 internal prototype to avoid an error.  */
| #ifdef __cplusplus
| extern "C"
| {
| #endif
| /* We use char because int might match the return type of a gcc2
|    builtin and then its argument prototype would still apply.  */
| char floor ();
| /* The GNU C library defines this for functions which it implements
|     to always fail with ENOSYS.  Some functions are actually named
|     something starting with __ and the normal name is an alias.  */
| #if defined (__stub_floor) || defined (__stub___floor)
| choke me
| #else
| char (*f) () = floor;
| #endif
| #ifdef __cplusplus
| }
| #endif
| 
| int
| main ()
| {
| return f != floor;
|   ;
|   return 0;
| }
configure:19309: result: no
configure:19239: checking for gethostbyname
configure:19289: gcc -o conftest -g -O2   conftest.c -lpthread  >&5
configure:19292: $? = 0
configure:19295: test -s conftest
configure:19298: $? = 0
configure:19309: result: yes
configure:19239: checking for gettimeofday
configure:19289: gcc -o conftest -g -O2   conftest.c -lpthread  >&5
configure:19292: $? = 0
configure:19295: test -s conftest
configure:19298: $? = 0
configure:19309: result: yes
configure:19239: checking for inet_ntoa
configure:19289: gcc -o conftest -g -O2   conftest.c -lpthread  >&5
configure:19292: $? = 0
configure:19295: test -s conftest
configure:19298: $? = 0
configure:19309: result: yes
configure:19239: checking for pow
configure:19289: gcc -o conftest -g -O2   conftest.c -lpthread  >&5
/tmp/ccQo9e8C.o: In function `main':/home/sysop/Futebol/hashGoleiro-QL/configure:19322: undefined reference to `pow'
/tmp/ccQo9e8C.o:(.data+0x0): undefined reference to `pow'
collect2: ld returned 1 exit status
configure:19292: $? = 1
configure: failed program was:
| #line 19244 "configure"
| /* confdefs.h.  */
| 
| #define PACKAGE_NAME "trilearn__base_sources"
| #define PACKAGE_TARNAME "trilearn__base_sources"
| #define PACKAGE_VERSION "3.3"
| #define PACKAGE_STRING "trilearn__base_sources 3.3"
| #define PACKAGE_BUGREPORT "jellekok@science.uva.nl"
| #define PACKAGE "trilearn_base_sources"
| #define VERSION "3.3"
| #ifdef __cplusplus
| #include <stdlib.h>
| #endif
| #define STDC_HEADERS 1
| #define HAVE_SYS_TYPES_H 1
| #define HAVE_SYS_STAT_H 1
| #define HAVE_STDLIB_H 1
| #define HAVE_STRING_H 1
| #define HAVE_MEMORY_H 1
| #define HAVE_STRINGS_H 1
| #define HAVE_INTTYPES_H 1
| #define HAVE_STDINT_H 1
| #define HAVE_UNISTD_H 1
| #define HAVE_DLFCN_H 1
| #define HAVE_LIBPTHREAD 1
| #define STDC_HEADERS 1
| #define HAVE_ARPA_INET_H 1
| #define HAVE_FCNTL_H 1
| #define HAVE_NETDB_H 1
| #define HAVE_STDLIB_H 1
| #define HAVE_STRING_H 1
| #define HAVE_STRINGS_H 1
| #define HAVE_SYS_SOCKET_H 1
| #define HAVE_SYS_TIME_H 1
| #define HAVE_UNISTD_H 1
| #define HAVE__BOOL 1
| #define HAVE_STDBOOL_H 1
| #define TIME_WITH_SYS_TIME 1
| #define HAVE_SYS_SELECT_H 1
| #define HAVE_SYS_SOCKET_H 1
| #define SELECT_TYPE_ARG1 int
| #define SELECT_TYPE_ARG234 (fd_set *)
| #define SELECT_TYPE_ARG5 (struct timeval *)
| #define HAVE_GETHOSTBYNAME 1
| #define HAVE_GETTIMEOFDAY 1
| #define HAVE_INET_NTOA 1
| /* end confdefs.h.  */
| /* System header to define __stub macros and hopefully few prototypes,
|     which can conflict with char pow (); below.
|     Prefer <limits.h> to <assert.h> if __STDC__ is defined, since
|     <limits.h> exists even on freestanding compilers.  */
| #ifdef __STDC__
| # include <limits.h>
| #else
| # include <assert.h>
| #endif
| /* Override any gcc2 internal prototype to avoid an error.  */
| #ifdef __cplusplus
| extern "C"
| {
| #endif
| /* We use char because int might match the return type of a gcc2
|    builtin and then its argument prototype would still apply.  */
| char pow ();
| /* The GNU C library defines this for functions which it implements
|     to always fail with ENOSYS.  Some functions are actually named
|     something starting with __ and the normal name is an alias.  */
| #if defined (__stub_pow) || defined (__stub___pow)
| choke me
| #else
| char (*f) () = pow;
| #endif
| #ifdef __cplusplus
| }
| #endif
| 
| int
| main ()
| {
| return f != pow;
|   ;
|   return 0;
| }
configure:19309: result: no
configure:19239: checking for rint
configure:19289: gcc -o conftest -g -O2   conftest.c -lpthread  >&5
/tmp/cc07Lr9K.o: In function `main':/home/sysop/Futebol/hashGoleiro-QL/configure:19322: undefined reference to `rint'
/tmp/cc07Lr9K.o:(.data+0x0): undefined reference to `rint'
collect2: ld returned 1 exit status
configure:19292: $? = 1
configure: failed program was:
| #line 19244 "configure"
| /* confdefs.h.  */
| 
| #define PACKAGE_NAME "trilearn__base_sources"
| #define PACKAGE_TARNAME "trilearn__base_sources"
| #define PACKAGE_VERSION "3.3"
| #define PACKAGE_STRING "trilearn__base_sources 3.3"
| #define PACKAGE_BUGREPORT "jellekok@science.uva.nl"
| #define PACKAGE "trilearn_base_sources"
| #define VERSION "3.3"
| #ifdef __cplusplus
| #include <stdlib.h>
| #endif
| #define STDC_HEADERS 1
| #define HAVE_SYS_TYPES_H 1
| #define HAVE_SYS_STAT_H 1
| #define HAVE_STDLIB_H 1
| #define HAVE_STRING_H 1
| #define HAVE_MEMORY_H 1
| #define HAVE_STRINGS_H 1
| #define HAVE_INTTYPES_H 1
| #define HAVE_STDINT_H 1
| #define HAVE_UNISTD_H 1
| #define HAVE_DLFCN_H 1
| #define HAVE_LIBPTHREAD 1
| #define STDC_HEADERS 1
| #define HAVE_ARPA_INET_H 1
| #define HAVE_FCNTL_H 1
| #define HAVE_NETDB_H 1
| #define HAVE_STDLIB_H 1
| #define HAVE_STRING_H 1
| #define HAVE_STRINGS_H 1
| #define HAVE_SYS_SOCKET_H 1
| #define HAVE_SYS_TIME_H 1
| #define HAVE_UNISTD_H 1
| #define HAVE__BOOL 1
| #define HAVE_STDBOOL_H 1
| #define TIME_WITH_SYS_TIME 1
| #define HAVE_SYS_SELECT_H 1
| #define HAVE_SYS_SOCKET_H 1
| #define SELECT_TYPE_ARG1 int
| #define SELECT_TYPE_ARG234 (fd_set *)
| #define SELECT_TYPE_ARG5 (struct timeval *)
| #define HAVE_GETHOSTBYNAME 1
| #define HAVE_GETTIMEOFDAY 1
| #define HAVE_INET_NTOA 1
| /* end confdefs.h.  */
| /* System header to define __stub macros and hopefully few prototypes,
|     which can conflict with char rint (); below.
|     Prefer <limits.h> to <assert.h> if __STDC__ is defined, since
|     <limits.h> exists even on freestanding compilers.  */
| #ifdef __STDC__
| # include <limits.h>
| #else
| # include <assert.h>
| #endif
| /* Override any gcc2 internal prototype to avoid an error.  */
| #ifdef __cplusplus
| extern "C"
| {
| #endif
| /* We use char because int might match the return type of a gcc2
|    builtin and then its argument prototype would still apply.  */
| char rint ();
| /* The GNU C library defines this for functions which it implements
|     to always fail with ENOSYS.  Some functions are actually named
|     something starting with __ and the normal name is an alias.  */
| #if defined (__stub_rint) || defined (__stub___rint)
| choke me
| #else
| char (*f) () = rint;
| #endif
| #ifdef __cplusplus
| }
| #endif
| 
| int
| main ()
| {
| return f != rint;
|   ;
|   return 0;
| }
configure:19309: result: no
configure:19239: checking for select
configure:19289: gcc -o conftest -g -O2   conftest.c -lpthread  >&5
configure:19292: $? = 0
configure:19295: test -s conftest
configure:19298: $? = 0
configure:19309: result: yes
configure:19239: checking for socket
configure:19289: gcc -o conftest -g -O2   conftest.c -lpthread  >&5
configure:19292: $? = 0
configure:19295: test -s conftest
configure:19298: $? = 0
configure:19309: result: yes
configure:19239: checking for sqrt
configure:19289: gcc -o conftest -g -O2   conftest.c -lpthread  >&5
configure:19308: warning: conflicting types for built-in function `sqrt'
/tmp/ccml90Ia.o: In function `main':/home/sysop/Futebol/hashGoleiro-QL/configure:19324: undefined reference to `sqrt'
/tmp/ccml90Ia.o:(.data+0x0): undefined reference to `sqrt'
collect2: ld returned 1 exit status
configure:19292: $? = 1
configure: failed program was:
| #line 19244 "configure"
| /* confdefs.h.  */
| 
| #define PACKAGE_NAME "trilearn__base_sources"
| #define PACKAGE_TARNAME "trilearn__base_sources"
| #define PACKAGE_VERSION "3.3"
| #define PACKAGE_STRING "trilearn__base_sources 3.3"
| #define PACKAGE_BUGREPORT "jellekok@science.uva.nl"
| #define PACKAGE "trilearn_base_sources"
| #define VERSION "3.3"
| #ifdef __cplusplus
| #include <stdlib.h>
| #endif
| #define STDC_HEADERS 1
| #define HAVE_SYS_TYPES_H 1
| #define HAVE_SYS_STAT_H 1
| #define HAVE_STDLIB_H 1
| #define HAVE_STRING_H 1
| #define HAVE_MEMORY_H 1
| #define HAVE_STRINGS_H 1
| #define HAVE_INTTYPES_H 1
| #define HAVE_STDINT_H 1
| #define HAVE_UNISTD_H 1
| #define HAVE_DLFCN_H 1
| #define HAVE_LIBPTHREAD 1
| #define STDC_HEADERS 1
| #define HAVE_ARPA_INET_H 1
| #define HAVE_FCNTL_H 1
| #define HAVE_NETDB_H 1
| #define HAVE_STDLIB_H 1
| #define HAVE_STRING_H 1
| #define HAVE_STRINGS_H 1
| #define HAVE_SYS_SOCKET_H 1
| #define HAVE_SYS_TIME_H 1
| #define HAVE_UNISTD_H 1
| #define HAVE__BOOL 1
| #define HAVE_STDBOOL_H 1
| #define TIME_WITH_SYS_TIME 1
| #define HAVE_SYS_SELECT_H 1
| #define HAVE_SYS_SOCKET_H 1
| #define SELECT_TYPE_ARG1 int
| #define SELECT_TYPE_ARG234 (fd_set *)
| #define SELECT_TYPE_ARG5 (struct timeval *)
| #define HAVE_GETHOSTBYNAME 1
| #define HAVE_GETTIMEOFDAY 1
| #define HAVE_INET_NTOA 1
| #define HAVE_SELECT 1
| #define HAVE_SOCKET 1
| /* end confdefs.h.  */
| /* System header to define __stub macros and hopefully few prototypes,
|     which can conflict with char sqrt (); below.
|     Prefer <limits.h> to <assert.h> if __STDC__ is defined, since
|     <limits.h> exists even on freestanding compilers.  */
| #ifdef __STDC__
| # include <limits.h>
| #else
| # include <assert.h>
| #endif
| /* Override any gcc2 internal prototype to avoid an error.  */
| #ifdef __cplusplus
| extern "C"
| {
| #endif
| /* We use char because int might match the return type of a gcc2
|    builtin and then its argument prototype would still apply.  */
| char sqrt ();
| /* The GNU C library defines this for functions which it implements
|     to always fail with ENOSYS.  Some functions are actually named
|     something starting with __ and the normal name is an alias.  */
| #if defined (__stub_sqrt) || defined (__stub___sqrt)
| choke me
| #else
| char (*f) () = sqrt;
| #endif
| #ifdef __cplusplus
| }
| #endif
| 
| int
| main ()
| {
| return f != sqrt;
|   ;
|   return 0;
| }
configure:19309: result: no
configure:19239: checking for strcasecmp
configure:19289: gcc -o conftest -g -O2   conftest.c -lpthread  >&5
configure:19292: $? = 0
configure:19295: test -s conftest
configure:19298: $? = 0
configure:19309: result: yes
configure:19239: checking for strdup
configure:19289: gcc -o conftest -g -O2   conftest.c -lpthread  >&5
configure:19292: $? = 0
configure:19295: test -s conftest
configure:19298: $? = 0
configure:19309: result: yes
configure:19239: checking for strstr
configure:19289: gcc -o conftest -g -O2   conftest.c -lpthread  >&5
configure:19310: warning: conflicting types for built-in function `strstr'
configure:19292: $? = 0
configure:19295: test -s conftest
configure:19298: $? = 0
configure:19309: result: yes
configure:19439: creating ./config.status

## ---------------------- ##
## Running config.status. ##
## ---------------------- ##

This file was extended by trilearn__base_sources config.status 3.3, which was
generated by GNU Autoconf 2.57.  Invocation command line was

  CONFIG_FILES    = 
  CONFIG_HEADERS  = 
  CONFIG_LINKS    = 
  CONFIG_COMMANDS = 
  $ ./config.status 

on sys

config.status:678: creating Makefile
config.status:678: creating src/Makefile
config.status:782: creating config.h
config.status:961: config.h is unchanged
config.status:1083: executing depfiles commands

## ---------------- ##
## Cache variables. ##
## ---------------- ##

ac_cv_build=i686-pc-linux-gnu
ac_cv_build_alias=i686-pc-linux-gnu
ac_cv_c_compiler_gnu=yes
ac_cv_c_const=yes
ac_cv_c_inline=inline
ac_cv_cxx_compiler_gnu=yes
ac_cv_env_CC_set=
ac_cv_env_CC_value=
ac_cv_env_CFLAGS_set=
ac_cv_env_CFLAGS_value=
ac_cv_env_CPPFLAGS_set=
ac_cv_env_CPPFLAGS_value=
ac_cv_env_CPP_set=
ac_cv_env_CPP_value=
ac_cv_env_CXXCPP_set=
ac_cv_env_CXXCPP_value=
ac_cv_env_CXXFLAGS_set=
ac_cv_env_CXXFLAGS_value=
ac_cv_env_CXX_set=
ac_cv_env_CXX_value=
ac_cv_env_F77_set=
ac_cv_env_F77_value=
ac_cv_env_FFLAGS_set=
ac_cv_env_FFLAGS_value=
ac_cv_env_LDFLAGS_set=
ac_cv_env_LDFLAGS_value=
ac_cv_env_build_alias_set=
ac_cv_env_build_alias_value=
ac_cv_env_host_alias_set=
ac_cv_env_host_alias_value=
ac_cv_env_target_alias_set=
ac_cv_env_target_alias_value=
ac_cv_exeext=
ac_cv_f77_compiler_gnu=no
ac_cv_func_floor=no
ac_cv_func_gethostbyname=yes
ac_cv_func_gettimeofday=yes
ac_cv_func_inet_ntoa=yes
ac_cv_func_pow=no
ac_cv_func_rint=no
ac_cv_func_select=yes
ac_cv_func_select_args='int,fd_set *,struct timeval *'
ac_cv_func_socket=yes
ac_cv_func_sqrt=no
ac_cv_func_strcasecmp=yes
ac_cv_func_strdup=yes
ac_cv_func_strstr=yes
ac_cv_header_arpa_inet_h=yes
ac_cv_header_dlfcn_h=yes
ac_cv_header_fcntl_h=yes
ac_cv_header_inttypes_h=yes
ac_cv_header_memory_h=yes
ac_cv_header_netdb_h=yes
ac_cv_header_stdbool_h=yes
ac_cv_header_stdc=yes
ac_cv_header_stdint_h=yes
ac_cv_header_stdlib_h=yes
ac_cv_header_string_h=yes
ac_cv_header_strings_h=yes
ac_cv_header_sys_select_h=yes
ac_cv_header_sys_socket_h=yes
ac_cv_header_sys_stat_h=yes
ac_cv_header_sys_time_h=yes
ac_cv_header_sys_types_h=yes
ac_cv_header_time=yes
ac_cv_header_unistd_h=yes
ac_cv_host=i686-pc-linux-gnu
ac_cv_host_alias=i686-pc-linux-gnu
ac_cv_lib_pthread_pthread_create=yes
ac_cv_objext=o
ac_cv_path_install='/usr/bin/install -c'
ac_cv_prog_AWK=mawk
ac_cv_prog_CPP='gcc -E'
ac_cv_prog_CXXCPP='g++ -E'
ac_cv_prog_ac_ct_AR=ar
ac_cv_prog_ac_ct_CC=gcc
ac_cv_prog_ac_ct_CXX=g++
ac_cv_prog_ac_ct_RANLIB=ranlib
ac_cv_prog_ac_ct_STRIP=strip
ac_cv_prog_cc_g=yes
ac_cv_prog_cc_stdc=
ac_cv_prog_cxx_g=yes
ac_cv_prog_egrep='grep -E'
ac_cv_prog_f77_g=no
ac_cv_prog_make_make_set=yes
ac_cv_type__Bool=yes
ac_cv_type_size_t=yes
am_cv_CC_dependencies_compiler_type=gcc3
am_cv_CXX_dependencies_compiler_type=gcc3
lt_cv_deplibs_check_method=pass_all
lt_cv_file_magic_cmd='$MAGIC_CMD'
lt_cv_file_magic_test_file='/lib/libc.so.6 /lib/libc-2.3.6.so'
lt_cv_ld_reload_flag=-r
lt_cv_objdir=.libs
lt_cv_path_LD=/usr/bin/ld
lt_cv_path_LDCXX=/usr/bin/ld
lt_cv_path_NM='/usr/bin/nm -B'
lt_cv_path_SED=/bin/sed
lt_cv_prog_compiler_c_o=yes
lt_cv_prog_compiler_c_o_CXX=yes
lt_cv_prog_compiler_rtti_exceptions=no
lt_cv_prog_gnu_ld=yes
lt_cv_prog_gnu_ldcxx=yes
lt_cv_sys_global_symbol_pipe='sed -n -e '\''s/^.*[ 	]\([ABCDGISTW][ABCDGISTW]*\)[ 	][ 	]*\(\)\([_A-Za-z][_A-Za-z0-9]*\)$/\1 \2\3 \3/p'\'''
lt_cv_sys_global_symbol_to_c_name_address='sed -n -e '\''s/^: \([^ ]*\) $/  {\"\1\", (lt_ptr) 0},/p'\'' -e '\''s/^[BCDEGRST] \([^ ]*\) \([^ ]*\)$/  {"\2", (lt_ptr) \&\2},/p'\'''
lt_cv_sys_global_symbol_to_cdecl='sed -n -e '\''s/^. .* \(.*\)$/extern int \1;/p'\'''
lt_cv_sys_max_cmd_len=32768
lt_lt_cv_prog_compiler_c_o='"yes"'
lt_lt_cv_prog_compiler_c_o_CXX='"yes"'
lt_lt_cv_sys_global_symbol_pipe='"sed -n -e '\''s/^.*[ 	]\\([ABCDGISTW][ABCDGISTW]*\\)[ 	][ 	]*\\(\\)\\([_A-Za-z][_A-Za-z0-9]*\\)\$/\\1 \\2\\3 \\3/p'\''"'
lt_lt_cv_sys_global_symbol_to_c_name_address='"sed -n -e '\''s/^: \\([^ ]*\\) \$/  {\\\"\\1\\\", (lt_ptr) 0},/p'\'' -e '\''s/^[BCDEGRST] \\([^ ]*\\) \\([^ ]*\\)\$/  {\"\\2\", (lt_ptr) \\&\\2},/p'\''"'
lt_lt_cv_sys_global_symbol_to_cdecl='"sed -n -e '\''s/^. .* \\(.*\\)\$/extern int \\1;/p'\''"'

## ----------------- ##
## Output variables. ##
## ----------------- ##

ACLOCAL='${SHELL} /home/sysop/Futebol/hashGoleiro-QL/missing --run aclocal-1.7'
AMDEPBACKSLASH='\'
AMDEP_FALSE='#'
AMDEP_TRUE=''
AMTAR='${SHELL} /home/sysop/Futebol/hashGoleiro-QL/missing --run tar'
AR='ar'
AUTOCONF='${SHELL} /home/sysop/Futebol/hashGoleiro-QL/missing --run autoconf'
AUTOHEADER='${SHELL} /home/sysop/Futebol/hashGoleiro-QL/missing --run autoheader'
AUTOMAKE='${SHELL} /home/sysop/Futebol/hashGoleiro-QL/missing --run automake-1.7'
AWK='mawk'
CC='gcc'
CCDEPMODE='depmode=gcc3'
CFLAGS='-g -O2'
CPP='gcc -E'
CPPFLAGS=''
CXX='g++'
CXXCPP='g++ -E'
CXXDEPMODE='depmode=gcc3'
CXXFLAGS='-g -O2'
CYGPATH_W='echo'
DEFS='-DHAVE_CONFIG_H'
DEPDIR='.deps'
ECHO='echo'
ECHO_C=''
ECHO_N='-n'
ECHO_T=''
EGREP='grep -E'
EXEEXT=''
F77=''
FFLAGS=''
INSTALL_DATA='${INSTALL} -m 644'
INSTALL_PROGRAM='${INSTALL}'
INSTALL_SCRIPT='${INSTALL}'
INSTALL_STRIP_PROGRAM='${SHELL} $(install_sh) -c -s'
LDFLAGS=''
LIBOBJS=''
LIBS='-lpthread '
LIBTOOL='$(SHELL) $(top_builddir)/libtool'
LN_S='ln -s'
LTLIBOBJS=''
MAKEINFO='${SHELL} /home/sysop/Futebol/hashGoleiro-QL/missing --run makeinfo'
OBJEXT='o'
PACKAGE='trilearn_base_sources'
PACKAGE_BUGREPORT='jellekok@science.uva.nl'
PACKAGE_NAME='trilearn__base_sources'
PACKAGE_STRING='trilearn__base_sources 3.3'
PACKAGE_TARNAME='trilearn__base_sources'
PACKAGE_VERSION='3.3'
PATH_SEPARATOR=':'
RANLIB='ranlib'
SET_MAKE=''
SHELL='/bin/sh'
STRIP='strip'
VERSION='3.3'
ac_ct_AR='ar'
ac_ct_CC='gcc'
ac_ct_CXX='g++'
ac_ct_F77=''
ac_ct_RANLIB='ranlib'
ac_ct_STRIP='strip'
am__fastdepCC_FALSE='#'
am__fastdepCC_TRUE=''
am__fastdepCXX_FALSE='#'
am__fastdepCXX_TRUE=''
am__include='include'
am__leading_dot='.'
am__quote=''
bindir='${exec_prefix}/bin'
build='i686-pc-linux-gnu'
build_alias=''
build_cpu='i686'
build_os='linux-gnu'
build_vendor='pc'
datadir='${prefix}/share'
exec_prefix='${prefix}'
host='i686-pc-linux-gnu'
host_alias=''
host_cpu='i686'
host_os='linux-gnu'
host_vendor='pc'
includedir='${prefix}/include'
infodir='${prefix}/info'
install_sh='/home/sysop/Futebol/hashGoleiro-QL/install-sh'
libdir='${exec_prefix}/lib'
libexecdir='${exec_prefix}/libexec'
localstatedir='${prefix}/var'
mandir='${prefix}/man'
oldincludedir='/usr/include'
prefix='/usr/local'
program_transform_name='s,x,x,'
sbindir='${exec_prefix}/sbin'
sharedstatedir='${prefix}/com'
sysconfdir='${prefix}/etc'
target_alias=''

## ----------- ##
## confdefs.h. ##
## ----------- ##

#define HAVE_ARPA_INET_H 1
#define HAVE_DLFCN_H 1
#define HAVE_FCNTL_H 1
#define HAVE_GETHOSTBYNAME 1
#define HAVE_GETTIMEOFDAY 1
#define HAVE_INET_NTOA 1
#define HAVE_INTTYPES_H 1
#define HAVE_LIBPTHREAD 1
#define HAVE_MEMORY_H 1
#define HAVE_NETDB_H 1
#define HAVE_SELECT 1
#define HAVE_SOCKET 1
#define HAVE_STDBOOL_H 1
#define HAVE_STDINT_H 1
#define HAVE_STDLIB_H 1
#define HAVE_STDLIB_H 1
#define HAVE_STRCASECMP 1
#define HAVE_STRDUP 1
#define HAVE_STRINGS_H 1
#define HAVE_STRINGS_H 1
#define HAVE_STRING_H 1
#define HAVE_STRING_H 1
#define HAVE_STRSTR 1
#define HAVE_SYS_SELECT_H 1
#define HAVE_SYS_SOCKET_H 1
#define HAVE_SYS_SOCKET_H 1
#define HAVE_SYS_STAT_H 1
#define HAVE_SYS_TIME_H 1
#define HAVE_SYS_TYPES_H 1
#define HAVE_UNISTD_H 1
#define HAVE_UNISTD_H 1
#define HAVE__BOOL 1
#define PACKAGE "trilearn_base_sources"
#define PACKAGE_BUGREPORT "jellekok@science.uva.nl"
#define PACKAGE_NAME "trilearn__base_sources"
#define PACKAGE_STRING "trilearn__base_sources 3.3"
#define PACKAGE_TARNAME "trilearn__base_sources"
#define PACKAGE_VERSION "3.3"
#define SELECT_TYPE_ARG1 int
#define SELECT_TYPE_ARG234 (fd_set *)
#define SELECT_TYPE_ARG5 (struct timeval *)
#define STDC_HEADERS 1
#define STDC_HEADERS 1
#define TIME_WITH_SYS_TIME 1
#define VERSION "3.3"
#endif
#ifdef __cplusplus
#include <stdlib.h>

configure: exit 0
