This file contains any messages produced by compilers while
running configure, to aid debugging if configure makes a mistake.

It was created by UFAB_Robotics_RCSS configure 0.1, which was
generated by GNU Autoconf 2.69.  Invocation command line was

  $ ./configure 

## --------- ##
## Platform. ##
## --------- ##

hostname = Fernandos-MacBook-Pro.local
uname -m = x86_64
uname -r = 16.7.0
uname -s = Darwin
uname -v = Darwin Kernel Version 16.7.0: Thu Jun 15 17:36:27 PDT 2017; root:xnu-3789.70.16~2/RELEASE_X86_64

/usr/bin/uname -p = i386
/bin/uname -X     = unknown

/bin/arch              = unknown
/usr/bin/arch -k       = unknown
/usr/convex/getsysinfo = unknown
/usr/bin/hostinfo      = Mach kernel version:
	 Darwin Kernel Version 16.7.0: Thu Jun 15 17:36:27 PDT 2017; root:xnu-3789.70.16~2/RELEASE_X86_64
Kernel configured for up to 8 processors.
4 processors are physically available.
8 processors are logically available.
Processor type: x86_64h (Intel x86-64h Haswell)
Processors active: 0 1 2 3 4 5 6 7
Primary memory available: 16.00 gigabytes
Default processor set: 319 tasks, 1236 threads, 8 processors
Load average: 2.28, Mach factor: 5.71
/bin/machine           = unknown
/usr/bin/oslevel       = unknown
/bin/universe          = unknown

PATH: "/usr/local/bin
PATH: /Users/fernando/bin
PATH: /Users/fernando/opensim-core/bin
PATH: /fernando/bin
PATH: /opt/local/bin
PATH: /usr/local/bin
PATH: /usr/bin
PATH: /bin
PATH: /usr/sbin
PATH: /sbin
PATH: /opt/X11/bin
PATH: /Library/TeX/texbin"


## ----------- ##
## Core tests. ##
## ----------- ##

configure:2450: checking for a BSD-compatible install
configure:2518: result: /usr/bin/install -c
configure:2529: checking whether build environment is sane
configure:2584: result: yes
configure:2735: checking for a thread-safe mkdir -p
configure:2774: result: ./install-sh -c -d
configure:2781: checking for gawk
configure:2811: result: no
configure:2781: checking for mawk
configure:2811: result: no
configure:2781: checking for nawk
configure:2811: result: no
configure:2781: checking for awk
configure:2797: found /usr/bin/awk
configure:2808: result: awk
configure:2819: checking whether make sets $(MAKE)
configure:2841: result: yes
configure:2870: checking whether make supports nested variables
configure:2887: result: yes
configure:3065: checking for gcc
configure:3081: found /usr/bin/gcc
configure:3092: result: gcc
configure:3321: checking for C compiler version
configure:3330: gcc --version >&5
Apple LLVM version 8.1.0 (clang-802.0.42)
Target: x86_64-apple-darwin16.7.0
Thread model: posix
InstalledDir: /Applications/Xcode.app/Contents/Developer/Toolchains/XcodeDefault.xctoolchain/usr/bin
Configured with: --prefix=/Applications/Xcode.app/Contents/Developer/usr --with-gxx-include-dir=/usr/include/c++/4.2.1
configure:3341: $? = 0
configure:3330: gcc -v >&5
Configured with: --prefix=/Applications/Xcode.app/Contents/Developer/usr --with-gxx-include-dir=/usr/include/c++/4.2.1
Apple LLVM version 8.1.0 (clang-802.0.42)
Target: x86_64-apple-darwin16.7.0
Thread model: posix
InstalledDir: /Applications/Xcode.app/Contents/Developer/Toolchains/XcodeDefault.xctoolchain/usr/bin
configure:3341: $? = 0
configure:3330: gcc -V >&5
clang: error: argument to '-V' is missing (expected 1 value)
clang: error: no input files
configure:3341: $? = 1
configure:3330: gcc -qversion >&5
clang: error: unknown argument: '-qversion'
clang: error: no input files
configure:3341: $? = 1
configure:3361: checking whether the C compiler works
configure:3383: gcc    conftest.c  >&5
configure:3387: $? = 0
configure:3435: result: yes
configure:3438: checking for C compiler default output file name
configure:3440: result: a.out
configure:3446: checking for suffix of executables
configure:3453: gcc -o conftest    conftest.c  >&5
configure:3457: $? = 0
configure:3479: result: 
configure:3501: checking whether we are cross compiling
configure:3509: gcc -o conftest    conftest.c  >&5
configure:3513: $? = 0
configure:3520: ./conftest
configure:3524: $? = 0
configure:3539: result: no
configure:3544: checking for suffix of object files
configure:3566: gcc -c   conftest.c >&5
configure:3570: $? = 0
configure:3591: result: o
configure:3595: checking whether we are using the GNU C compiler
configure:3614: gcc -c   conftest.c >&5
configure:3614: $? = 0
configure:3623: result: yes
configure:3632: checking whether gcc accepts -g
configure:3652: gcc -c -g  conftest.c >&5
configure:3652: $? = 0
configure:3693: result: yes
configure:3710: checking for gcc option to accept ISO C89
configure:3773: gcc  -c -g -O2  conftest.c >&5
configure:3773: $? = 0
configure:3786: result: none needed
configure:3811: checking whether gcc understands -c and -o together
configure:3833: gcc -c conftest.c -o conftest2.o
configure:3836: $? = 0
configure:3833: gcc -c conftest.c -o conftest2.o
configure:3836: $? = 0
configure:3848: result: yes
configure:3876: checking for style of include used by make
configure:3904: result: GNU
configure:3930: checking dependency style of gcc
configure:4041: result: gcc3
configure:4114: checking for g++
configure:4130: found /usr/bin/g++
configure:4141: result: g++
configure:4168: checking for C++ compiler version
configure:4177: g++ --version >&5
Apple LLVM version 8.1.0 (clang-802.0.42)
Target: x86_64-apple-darwin16.7.0
Thread model: posix
InstalledDir: /Applications/Xcode.app/Contents/Developer/Toolchains/XcodeDefault.xctoolchain/usr/bin
Configured with: --prefix=/Applications/Xcode.app/Contents/Developer/usr --with-gxx-include-dir=/usr/include/c++/4.2.1
configure:4188: $? = 0
configure:4177: g++ -v >&5
Configured with: --prefix=/Applications/Xcode.app/Contents/Developer/usr --with-gxx-include-dir=/usr/include/c++/4.2.1
Apple LLVM version 8.1.0 (clang-802.0.42)
Target: x86_64-apple-darwin16.7.0
Thread model: posix
InstalledDir: /Applications/Xcode.app/Contents/Developer/Toolchains/XcodeDefault.xctoolchain/usr/bin
configure:4188: $? = 0
configure:4177: g++ -V >&5
clang: error: argument to '-V' is missing (expected 1 value)
clang: error: no input files
configure:4188: $? = 1
configure:4177: g++ -qversion >&5
clang: error: unknown argument: '-qversion'
clang: error: no input files
configure:4188: $? = 1
configure:4192: checking whether we are using the GNU C++ compiler
configure:4211: g++ -c   conftest.cpp >&5
configure:4211: $? = 0
configure:4220: result: yes
configure:4229: checking whether g++ accepts -g
configure:4249: g++ -c -g  conftest.cpp >&5
configure:4249: $? = 0
configure:4290: result: yes
configure:4315: checking dependency style of g++
configure:4426: result: gcc3
configure:4443: WARNING: Libtool does not cope well with whitespace in `pwd`
configure:4470: checking build system type
configure:4484: result: x86_64-apple-darwin16.7.0
configure:4504: checking host system type
configure:4517: result: x86_64-apple-darwin16.7.0
configure:4558: checking how to print strings
configure:4585: result: printf
configure:4606: checking for a sed that does not truncate output
configure:4670: result: /usr/bin/sed
configure:4688: checking for grep that handles long lines and -e
configure:4746: result: /usr/bin/grep
configure:4751: checking for egrep
configure:4813: result: /usr/bin/grep -E
configure:4818: checking for fgrep
configure:4880: result: /usr/bin/grep -F
configure:4915: checking for ld used by gcc
configure:4982: result: /Applications/Xcode.app/Contents/Developer/Toolchains/XcodeDefault.xctoolchain/usr/bin/ld
configure:4989: checking if the linker (/Applications/Xcode.app/Contents/Developer/Toolchains/XcodeDefault.xctoolchain/usr/bin/ld) is GNU ld
configure:5004: result: no
configure:5016: checking for BSD- or MS-compatible name lister (nm)
configure:5070: result: /usr/bin/nm -B
configure:5200: checking the name lister (/usr/bin/nm -B) interface
configure:5207: gcc -c -g -O2  conftest.c >&5
configure:5210: /usr/bin/nm -B "conftest.o"
configure:5213: output
0000000000000254 S _some_variable
configure:5220: result: BSD nm
configure:5223: checking whether ln -s works
configure:5227: result: yes
configure:5235: checking the maximum length of command line arguments
configure:5366: result: 196608
configure:5414: checking how to convert x86_64-apple-darwin16.7.0 file names to x86_64-apple-darwin16.7.0 format
configure:5454: result: func_convert_file_noop
configure:5461: checking how to convert x86_64-apple-darwin16.7.0 file names to toolchain format
configure:5481: result: func_convert_file_noop
configure:5488: checking for /Applications/Xcode.app/Contents/Developer/Toolchains/XcodeDefault.xctoolchain/usr/bin/ld option to reload object files
configure:5495: result: -r
configure:5569: checking for objdump
configure:5585: found /usr/bin/objdump
configure:5596: result: objdump
configure:5628: checking how to recognize dependent libraries
configure:5828: result: pass_all
configure:5913: checking for dlltool
configure:5943: result: no
configure:5973: checking how to associate runtime and link libraries
configure:6000: result: printf %s\n
configure:6061: checking for ar
configure:6077: found /usr/bin/ar
configure:6088: result: ar
configure:6125: checking for archiver @FILE support
configure:6142: gcc -c -g -O2  conftest.c >&5
configure:6142: $? = 0
configure:6145: ar cru libconftest.a @conftest.lst >&5
ar: @conftest.lst: No such file or directory
configure:6148: $? = 1
configure:6168: result: no
configure:6226: checking for strip
configure:6242: found /usr/bin/strip
configure:6253: result: strip
configure:6325: checking for ranlib
configure:6341: found /usr/bin/ranlib
configure:6352: result: ranlib
configure:6454: checking command to parse /usr/bin/nm -B output from gcc object
configure:6607: gcc -c -g -O2  conftest.c >&5
configure:6610: $? = 0
configure:6614: /usr/bin/nm -B conftest.o \| sed -n -e 's/^.*[ ]\([BCDEGRST][BCDEGRST]*\)[ ][ ]*\([_A-Za-z][_A-Za-z0-9]*\)$/\1 \2 \2/p' | sed '/ __gnu_lto/d' \> conftest.nm
configure:6617: $? = 0
cannot find nm_test_var in conftest.nm
configure:6607: gcc -c -g -O2  conftest.c >&5
configure:6610: $? = 0
configure:6614: /usr/bin/nm -B conftest.o \| sed -n -e 's/^.*[ ]\([BCDEGRST][BCDEGRST]*\)[ ][ ]*_\([_A-Za-z][_A-Za-z0-9]*\)$/\1 _\2 \2/p' | sed '/ __gnu_lto/d' \> conftest.nm
configure:6617: $? = 0
configure:6683: gcc -o conftest -g -O2   conftest.c conftstm.o >&5
warning: (x86_64)  could not find object file symbol for symbol _main
configure:6686: $? = 0
configure:6724: result: ok
configure:6771: checking for sysroot
configure:6801: result: no
configure:6808: checking for a working dd
configure:6846: result: /bin/dd
configure:6850: checking how to truncate binary pipes
configure:6865: result: /bin/dd bs=4096 count=1
configure:7194: checking for mt
configure:7224: result: no
configure:7244: checking if : is a manifest tool
configure:7250: : '-?'
configure:7258: result: no
configure:7314: checking for dsymutil
configure:7330: found /usr/bin/dsymutil
configure:7341: result: dsymutil
configure:7406: checking for nmedit
configure:7422: found /usr/bin/nmedit
configure:7433: result: nmedit
configure:7498: checking for lipo
configure:7514: found /usr/bin/lipo
configure:7525: result: lipo
configure:7590: checking for otool
configure:7606: found /usr/bin/otool
configure:7617: result: otool
configure:7682: checking for otool64
configure:7712: result: no
configure:7757: checking for -single_module linker flag
gcc -g -O2  -o libconftest.dylib -dynamiclib -Wl,-single_module conftest.c
configure:7790: result: yes
configure:7793: checking for -exported_symbols_list linker flag
configure:7813: gcc -o conftest -g -O2   -Wl,-exported_symbols_list,conftest.sym conftest.c  >&5
configure:7813: $? = 0
configure:7823: result: yes
configure:7826: checking for -force_load linker flag
gcc -g -O2 -c -o conftest.o conftest.c
ar cru libconftest.a conftest.o
ranlib libconftest.a
gcc -g -O2  -o conftest conftest.c -Wl,-force_load,./libconftest.a
configure:7858: result: yes
configure:7935: checking how to run the C preprocessor
configure:7966: gcc -E  conftest.c
configure:7966: $? = 0
configure:7980: gcc -E  conftest.c
conftest.c:11:10: fatal error: 'ac_nonexistent.h' file not found
#include <ac_nonexistent.h>
         ^
1 error generated.
configure:7980: $? = 1
configure: failed program was:
| /* confdefs.h */
| #define PACKAGE_NAME "UFAB_Robotics_RCSS"
| #define PACKAGE_TARNAME "ufab_robotics_rcss"
| #define PACKAGE_VERSION "0.1"
| #define PACKAGE_STRING "UFAB_Robotics_RCSS 0.1"
| #define PACKAGE_BUGREPORT "fernando.freitas.alves@gmail.com"
| #define PACKAGE_URL ""
| #define PACKAGE "ufab_robotics_rcss"
| #define VERSION "0.1"
| /* end confdefs.h.  */
| #include <ac_nonexistent.h>
configure:8005: result: gcc -E
configure:8025: gcc -E  conftest.c
configure:8025: $? = 0
configure:8039: gcc -E  conftest.c
conftest.c:11:10: fatal error: 'ac_nonexistent.h' file not found
#include <ac_nonexistent.h>
         ^
1 error generated.
configure:8039: $? = 1
configure: failed program was:
| /* confdefs.h */
| #define PACKAGE_NAME "UFAB_Robotics_RCSS"
| #define PACKAGE_TARNAME "ufab_robotics_rcss"
| #define PACKAGE_VERSION "0.1"
| #define PACKAGE_STRING "UFAB_Robotics_RCSS 0.1"
| #define PACKAGE_BUGREPORT "fernando.freitas.alves@gmail.com"
| #define PACKAGE_URL ""
| #define PACKAGE "ufab_robotics_rcss"
| #define VERSION "0.1"
| /* end confdefs.h.  */
| #include <ac_nonexistent.h>
configure:8068: checking for ANSI C header files
configure:8088: gcc -c -g -O2  conftest.c >&5
configure:8088: $? = 0
configure:8161: gcc -o conftest -g -O2   conftest.c  >&5
configure:8161: $? = 0
configure:8161: ./conftest
configure:8161: $? = 0
configure:8172: result: yes
configure:8185: checking for sys/types.h
configure:8185: gcc -c -g -O2  conftest.c >&5
configure:8185: $? = 0
configure:8185: result: yes
configure:8185: checking for sys/stat.h
configure:8185: gcc -c -g -O2  conftest.c >&5
configure:8185: $? = 0
configure:8185: result: yes
configure:8185: checking for stdlib.h
configure:8185: gcc -c -g -O2  conftest.c >&5
configure:8185: $? = 0
configure:8185: result: yes
configure:8185: checking for string.h
configure:8185: gcc -c -g -O2  conftest.c >&5
configure:8185: $? = 0
configure:8185: result: yes
configure:8185: checking for memory.h
configure:8185: gcc -c -g -O2  conftest.c >&5
configure:8185: $? = 0
configure:8185: result: yes
configure:8185: checking for strings.h
configure:8185: gcc -c -g -O2  conftest.c >&5
configure:8185: $? = 0
configure:8185: result: yes
configure:8185: checking for inttypes.h
configure:8185: gcc -c -g -O2  conftest.c >&5
configure:8185: $? = 0
configure:8185: result: yes
configure:8185: checking for stdint.h
configure:8185: gcc -c -g -O2  conftest.c >&5
configure:8185: $? = 0
configure:8185: result: yes
configure:8185: checking for unistd.h
configure:8185: gcc -c -g -O2  conftest.c >&5
configure:8185: $? = 0
configure:8185: result: yes
configure:8199: checking for dlfcn.h
configure:8199: gcc -c -g -O2  conftest.c >&5
configure:8199: $? = 0
configure:8199: result: yes
configure:8466: checking for objdir
configure:8481: result: .libs
configure:8741: checking if gcc supports -fno-rtti -fno-exceptions
configure:8759: gcc -c -g -O2  -fno-rtti -fno-exceptions conftest.c >&5
configure:8763: $? = 0
configure:8776: result: yes
configure:9134: checking for gcc option to produce PIC
configure:9141: result: -fno-common -DPIC
configure:9149: checking if gcc PIC flag -fno-common -DPIC works
configure:9167: gcc -c -g -O2  -fno-common -DPIC -DPIC conftest.c >&5
configure:9171: $? = 0
configure:9184: result: yes
configure:9213: checking if gcc static flag -static works
configure:9241: result: no
configure:9256: checking if gcc supports -c -o file.o
configure:9277: gcc -c -g -O2  -o out/conftest2.o conftest.c >&5
configure:9281: $? = 0
configure:9303: result: yes
configure:9311: checking if gcc supports -c -o file.o
configure:9358: result: yes
configure:9391: checking whether the gcc linker (/Applications/Xcode.app/Contents/Developer/Toolchains/XcodeDefault.xctoolchain/usr/bin/ld) supports shared libraries
configure:10650: result: yes
configure:10890: checking dynamic linker characteristics
configure:11708: result: darwin16.7.0 dyld
configure:11830: checking how to hardcode library paths into programs
configure:11855: result: immediate
configure:12403: checking whether stripping libraries is possible
configure:12417: result: yes
configure:12443: checking if libtool supports shared libraries
configure:12445: result: yes
configure:12448: checking whether to build shared libraries
configure:12473: result: yes
configure:12476: checking whether to build static libraries
configure:12480: result: yes
configure:12503: checking how to run the C++ preprocessor
configure:12530: g++ -E  conftest.cpp
configure:12530: $? = 0
configure:12544: g++ -E  conftest.cpp
conftest.cpp:23:10: fatal error: 'ac_nonexistent.h' file not found
#include <ac_nonexistent.h>
         ^
1 error generated.
configure:12544: $? = 1
configure: failed program was:
| /* confdefs.h */
| #define PACKAGE_NAME "UFAB_Robotics_RCSS"
| #define PACKAGE_TARNAME "ufab_robotics_rcss"
| #define PACKAGE_VERSION "0.1"
| #define PACKAGE_STRING "UFAB_Robotics_RCSS 0.1"
| #define PACKAGE_BUGREPORT "fernando.freitas.alves@gmail.com"
| #define PACKAGE_URL ""
| #define PACKAGE "ufab_robotics_rcss"
| #define VERSION "0.1"
| #define STDC_HEADERS 1
| #define HAVE_SYS_TYPES_H 1
| #define HAVE_SYS_STAT_H 1
| #define HAVE_STDLIB_H 1
| #define HAVE_STRING_H 1
| #define HAVE_MEMORY_H 1
| #define HAVE_STRINGS_H 1
| #define HAVE_INTTYPES_H 1
| #define HAVE_STDINT_H 1
| #define HAVE_UNISTD_H 1
| #define HAVE_DLFCN_H 1
| #define LT_OBJDIR ".libs/"
| /* end confdefs.h.  */
| #include <ac_nonexistent.h>
configure:12569: result: g++ -E
configure:12589: g++ -E  conftest.cpp
configure:12589: $? = 0
configure:12603: g++ -E  conftest.cpp
conftest.cpp:23:10: fatal error: 'ac_nonexistent.h' file not found
#include <ac_nonexistent.h>
         ^
1 error generated.
configure:12603: $? = 1
configure: failed program was:
| /* confdefs.h */
| #define PACKAGE_NAME "UFAB_Robotics_RCSS"
| #define PACKAGE_TARNAME "ufab_robotics_rcss"
| #define PACKAGE_VERSION "0.1"
| #define PACKAGE_STRING "UFAB_Robotics_RCSS 0.1"
| #define PACKAGE_BUGREPORT "fernando.freitas.alves@gmail.com"
| #define PACKAGE_URL ""
| #define PACKAGE "ufab_robotics_rcss"
| #define VERSION "0.1"
| #define STDC_HEADERS 1
| #define HAVE_SYS_TYPES_H 1
| #define HAVE_SYS_STAT_H 1
| #define HAVE_STDLIB_H 1
| #define HAVE_STRING_H 1
| #define HAVE_MEMORY_H 1
| #define HAVE_STRINGS_H 1
| #define HAVE_INTTYPES_H 1
| #define HAVE_STDINT_H 1
| #define HAVE_UNISTD_H 1
| #define HAVE_DLFCN_H 1
| #define LT_OBJDIR ".libs/"
| /* end confdefs.h.  */
| #include <ac_nonexistent.h>
configure:12765: checking for ld used by g++
configure:12832: result: /Applications/Xcode.app/Contents/Developer/Toolchains/XcodeDefault.xctoolchain/usr/bin/ld
configure:12839: checking if the linker (/Applications/Xcode.app/Contents/Developer/Toolchains/XcodeDefault.xctoolchain/usr/bin/ld) is GNU ld
configure:12854: result: no
configure:12909: checking whether the g++ linker (/Applications/Xcode.app/Contents/Developer/Toolchains/XcodeDefault.xctoolchain/usr/bin/ld) supports shared libraries
configure:13982: result: yes
configure:14018: g++ -c -g -O2  conftest.cpp >&5
configure:14021: $? = 0
configure:14502: checking for g++ option to produce PIC
configure:14509: result: -fno-common -DPIC
configure:14517: checking if g++ PIC flag -fno-common -DPIC works
configure:14535: g++ -c -g -O2  -fno-common -DPIC -DPIC conftest.cpp >&5
configure:14539: $? = 0
configure:14552: result: yes
configure:14575: checking if g++ static flag -static works
configure:14603: result: no
configure:14615: checking if g++ supports -c -o file.o
configure:14636: g++ -c -g -O2  -o out/conftest2.o conftest.cpp >&5
configure:14640: $? = 0
configure:14662: result: yes
configure:14667: checking if g++ supports -c -o file.o
configure:14714: result: yes
configure:14744: checking whether the g++ linker (/Applications/Xcode.app/Contents/Developer/Toolchains/XcodeDefault.xctoolchain/usr/bin/ld) supports shared libraries
configure:14784: result: yes
configure:14925: checking dynamic linker characteristics
configure:15670: result: darwin16.7.0 dyld
configure:15735: checking how to hardcode library paths into programs
configure:15760: result: immediate
configure:15823: checking for pthread_create in -lpthread
configure:15848: gcc -o conftest -g -O2   conftest.c -lpthread   >&5
configure:15848: $? = 0
configure:15857: result: yes
configure:15870: checking for ANSI C header files
configure:15974: result: yes
configure:15985: checking arpa/inet.h usability
configure:15985: gcc -c -g -O2  conftest.c >&5
configure:15985: $? = 0
configure:15985: result: yes
configure:15985: checking arpa/inet.h presence
configure:15985: gcc -E  conftest.c
configure:15985: $? = 0
configure:15985: result: yes
configure:15985: checking for arpa/inet.h
configure:15985: result: yes
configure:15985: checking fcntl.h usability
configure:15985: gcc -c -g -O2  conftest.c >&5
configure:15985: $? = 0
configure:15985: result: yes
configure:15985: checking fcntl.h presence
configure:15985: gcc -E  conftest.c
configure:15985: $? = 0
configure:15985: result: yes
configure:15985: checking for fcntl.h
configure:15985: result: yes
configure:15985: checking netdb.h usability
configure:15985: gcc -c -g -O2  conftest.c >&5
configure:15985: $? = 0
configure:15985: result: yes
configure:15985: checking netdb.h presence
configure:15985: gcc -E  conftest.c
configure:15985: $? = 0
configure:15985: result: yes
configure:15985: checking for netdb.h
configure:15985: result: yes
configure:15985: checking for stdlib.h
configure:15985: result: yes
configure:15985: checking for string.h
configure:15985: result: yes
configure:15985: checking for strings.h
configure:15985: result: yes
configure:15985: checking sys/socket.h usability
configure:15985: gcc -c -g -O2  conftest.c >&5
configure:15985: $? = 0
configure:15985: result: yes
configure:15985: checking sys/socket.h presence
configure:15985: gcc -E  conftest.c
configure:15985: $? = 0
configure:15985: result: yes
configure:15985: checking for sys/socket.h
configure:15985: result: yes
configure:15985: checking sys/time.h usability
configure:15985: gcc -c -g -O2  conftest.c >&5
configure:15985: $? = 0
configure:15985: result: yes
configure:15985: checking sys/time.h presence
configure:15985: gcc -E  conftest.c
configure:15985: $? = 0
configure:15985: result: yes
configure:15985: checking for sys/time.h
configure:15985: result: yes
configure:15985: checking for unistd.h
configure:15985: result: yes
configure:15997: checking for stdbool.h that conforms to C99
configure:16064: gcc -c -g -O2  conftest.c >&5
conftest.c:83:24: warning: address of 's' will always evaluate to 'true' [-Wpointer-bool-conversion]
             bool e = &s;
                  ~    ^
conftest.c:87:23: warning: address of array 'a' will always evaluate to 'true' [-Wpointer-bool-conversion]
             return (!a + !b + !c + !d + !e + !f + !g + !h + !i + !!j + !k + !!l
                     ~^
conftest.c:87:28: warning: address of array 'b' will always evaluate to 'true' [-Wpointer-bool-conversion]
             return (!a + !b + !c + !d + !e + !f + !g + !h + !i + !!j + !k + !!l
                          ~^
conftest.c:87:33: warning: address of array 'c' will always evaluate to 'true' [-Wpointer-bool-conversion]
             return (!a + !b + !c + !d + !e + !f + !g + !h + !i + !!j + !k + !!l
                               ~^
conftest.c:87:38: warning: address of array 'd' will always evaluate to 'true' [-Wpointer-bool-conversion]
             return (!a + !b + !c + !d + !e + !f + !g + !h + !i + !!j + !k + !!l
                                    ~^
conftest.c:87:48: warning: address of array 'f' will always evaluate to 'true' [-Wpointer-bool-conversion]
             return (!a + !b + !c + !d + !e + !f + !g + !h + !i + !!j + !k + !!l
                                              ~^
conftest.c:87:53: warning: address of array 'g' will always evaluate to 'true' [-Wpointer-bool-conversion]
             return (!a + !b + !c + !d + !e + !f + !g + !h + !i + !!j + !k + !!l
                                                   ~^
conftest.c:87:58: warning: address of array 'h' will always evaluate to 'true' [-Wpointer-bool-conversion]
             return (!a + !b + !c + !d + !e + !f + !g + !h + !i + !!j + !k + !!l
                                                        ~^
conftest.c:87:63: warning: address of array 'i' will always evaluate to 'true' [-Wpointer-bool-conversion]
             return (!a + !b + !c + !d + !e + !f + !g + !h + !i + !!j + !k + !!l
                                                             ~^
conftest.c:88:30: warning: address of array 'n' will always evaluate to 'true' [-Wpointer-bool-conversion]
                            ~^
conftest.c:88:35: warning: address of array 'o' will always evaluate to 'true' [-Wpointer-bool-conversion]
                                 ~^
conftest.c:88:40: warning: address of array 'p' will always evaluate to 'true' [-Wpointer-bool-conversion]
                                      ~^
12 warnings generated.
configure:16064: $? = 0
configure:16071: result: yes
configure:16073: checking for _Bool
configure:16073: gcc -c -g -O2  conftest.c >&5
configure:16073: $? = 0
configure:16073: gcc -c -g -O2  conftest.c >&5
conftest.c:70:20: error: expected expression
if (sizeof ((_Bool)))
                   ^
1 error generated.
configure:16073: $? = 1
configure: failed program was:
| /* confdefs.h */
| #define PACKAGE_NAME "UFAB_Robotics_RCSS"
| #define PACKAGE_TARNAME "ufab_robotics_rcss"
| #define PACKAGE_VERSION "0.1"
| #define PACKAGE_STRING "UFAB_Robotics_RCSS 0.1"
| #define PACKAGE_BUGREPORT "fernando.freitas.alves@gmail.com"
| #define PACKAGE_URL ""
| #define PACKAGE "ufab_robotics_rcss"
| #define VERSION "0.1"
| #define STDC_HEADERS 1
| #define HAVE_SYS_TYPES_H 1
| #define HAVE_SYS_STAT_H 1
| #define HAVE_STDLIB_H 1
| #define HAVE_STRING_H 1
| #define HAVE_MEMORY_H 1
| #define HAVE_STRINGS_H 1
| #define HAVE_INTTYPES_H 1
| #define HAVE_STDINT_H 1
| #define HAVE_UNISTD_H 1
| #define HAVE_DLFCN_H 1
| #define LT_OBJDIR ".libs/"
| #define HAVE_LIBPTHREAD 1
| #define STDC_HEADERS 1
| #define HAVE_ARPA_INET_H 1
| #define HAVE_FCNTL_H 1
| #define HAVE_NETDB_H 1
| #define HAVE_STDLIB_H 1
| #define HAVE_STRING_H 1
| #define HAVE_STRINGS_H 1
| #define HAVE_SYS_SOCKET_H 1
| #define HAVE_SYS_TIME_H 1
| #define HAVE_UNISTD_H 1
| /* end confdefs.h.  */
| #include <stdio.h>
| #ifdef HAVE_SYS_TYPES_H
| # include <sys/types.h>
| #endif
| #ifdef HAVE_SYS_STAT_H
| # include <sys/stat.h>
| #endif
| #ifdef STDC_HEADERS
| # include <stdlib.h>
| # include <stddef.h>
| #else
| # ifdef HAVE_STDLIB_H
| #  include <stdlib.h>
| # endif
| #endif
| #ifdef HAVE_STRING_H
| # if !defined STDC_HEADERS && defined HAVE_MEMORY_H
| #  include <memory.h>
| # endif
| # include <string.h>
| #endif
| #ifdef HAVE_STRINGS_H
| # include <strings.h>
| #endif
| #ifdef HAVE_INTTYPES_H
| # include <inttypes.h>
| #endif
| #ifdef HAVE_STDINT_H
| # include <stdint.h>
| #endif
| #ifdef HAVE_UNISTD_H
| # include <unistd.h>
| #endif
| int
| main ()
| {
| if (sizeof ((_Bool)))
| 	    return 0;
|   ;
|   return 0;
| }
configure:16073: result: yes
configure:16090: checking for an ANSI C-conforming const
configure:16156: gcc -c -g -O2  conftest.c >&5
configure:16156: $? = 0
configure:16163: result: yes
configure:16171: checking for inline
configure:16187: gcc -c -g -O2  conftest.c >&5
configure:16187: $? = 0
configure:16195: result: inline
configure:16213: checking for size_t
configure:16213: gcc -c -g -O2  conftest.c >&5
configure:16213: $? = 0
configure:16213: gcc -c -g -O2  conftest.c >&5
conftest.c:72:21: error: expected expression
if (sizeof ((size_t)))
                    ^
1 error generated.
configure:16213: $? = 1
configure: failed program was:
| /* confdefs.h */
| #define PACKAGE_NAME "UFAB_Robotics_RCSS"
| #define PACKAGE_TARNAME "ufab_robotics_rcss"
| #define PACKAGE_VERSION "0.1"
| #define PACKAGE_STRING "UFAB_Robotics_RCSS 0.1"
| #define PACKAGE_BUGREPORT "fernando.freitas.alves@gmail.com"
| #define PACKAGE_URL ""
| #define PACKAGE "ufab_robotics_rcss"
| #define VERSION "0.1"
| #define STDC_HEADERS 1
| #define HAVE_SYS_TYPES_H 1
| #define HAVE_SYS_STAT_H 1
| #define HAVE_STDLIB_H 1
| #define HAVE_STRING_H 1
| #define HAVE_MEMORY_H 1
| #define HAVE_STRINGS_H 1
| #define HAVE_INTTYPES_H 1
| #define HAVE_STDINT_H 1
| #define HAVE_UNISTD_H 1
| #define HAVE_DLFCN_H 1
| #define LT_OBJDIR ".libs/"
| #define HAVE_LIBPTHREAD 1
| #define STDC_HEADERS 1
| #define HAVE_ARPA_INET_H 1
| #define HAVE_FCNTL_H 1
| #define HAVE_NETDB_H 1
| #define HAVE_STDLIB_H 1
| #define HAVE_STRING_H 1
| #define HAVE_STRINGS_H 1
| #define HAVE_SYS_SOCKET_H 1
| #define HAVE_SYS_TIME_H 1
| #define HAVE_UNISTD_H 1
| #define HAVE__BOOL 1
| #define HAVE_STDBOOL_H 1
| /* end confdefs.h.  */
| #include <stdio.h>
| #ifdef HAVE_SYS_TYPES_H
| # include <sys/types.h>
| #endif
| #ifdef HAVE_SYS_STAT_H
| # include <sys/stat.h>
| #endif
| #ifdef STDC_HEADERS
| # include <stdlib.h>
| # include <stddef.h>
| #else
| # ifdef HAVE_STDLIB_H
| #  include <stdlib.h>
| # endif
| #endif
| #ifdef HAVE_STRING_H
| # if !defined STDC_HEADERS && defined HAVE_MEMORY_H
| #  include <memory.h>
| # endif
| # include <string.h>
| #endif
| #ifdef HAVE_STRINGS_H
| # include <strings.h>
| #endif
| #ifdef HAVE_INTTYPES_H
| # include <inttypes.h>
| #endif
| #ifdef HAVE_STDINT_H
| # include <stdint.h>
| #endif
| #ifdef HAVE_UNISTD_H
| # include <unistd.h>
| #endif
| int
| main ()
| {
| if (sizeof ((size_t)))
| 	    return 0;
|   ;
|   return 0;
| }
configure:16213: result: yes
configure:16224: checking whether time.h and sys/time.h may both be included
configure:16244: gcc -c -g -O2  conftest.c >&5
configure:16244: $? = 0
configure:16251: result: yes
configure:16264: checking sys/select.h usability
configure:16264: gcc -c -g -O2  conftest.c >&5
configure:16264: $? = 0
configure:16264: result: yes
configure:16264: checking sys/select.h presence
configure:16264: gcc -E  conftest.c
configure:16264: $? = 0
configure:16264: result: yes
configure:16264: checking for sys/select.h
configure:16264: result: yes
configure:16264: checking for sys/socket.h
configure:16264: result: yes
configure:16274: checking types of arguments for select
configure:16302: gcc -c -g -O2  conftest.c >&5
configure:16302: $? = 0
configure:16313: result: int,fd_set *,struct timeval *
configure:16339: checking for floor
configure:16339: gcc -o conftest -g -O2   conftest.c -lpthread  >&5
conftest.c:65:6: warning: incompatible redeclaration of library function 'floor' [-Wincompatible-library-redeclaration]
char floor ();
     ^
conftest.c:65:6: note: 'floor' is a builtin with type 'double (double)'
1 warning generated.
configure:16339: $? = 0
configure:16339: result: yes
configure:16339: checking for gethostbyname
configure:16339: gcc -o conftest -g -O2   conftest.c -lpthread  >&5
configure:16339: $? = 0
configure:16339: result: yes
configure:16339: checking for gettimeofday
configure:16339: gcc -o conftest -g -O2   conftest.c -lpthread  >&5
configure:16339: $? = 0
configure:16339: result: yes
configure:16339: checking for inet_ntoa
configure:16339: gcc -o conftest -g -O2   conftest.c -lpthread  >&5
configure:16339: $? = 0
configure:16339: result: yes
configure:16339: checking for pow
configure:16339: gcc -o conftest -g -O2   conftest.c -lpthread  >&5
conftest.c:69:6: warning: incompatible redeclaration of library function 'pow' [-Wincompatible-library-redeclaration]
char pow ();
     ^
conftest.c:69:6: note: 'pow' is a builtin with type 'double (double, double)'
1 warning generated.
configure:16339: $? = 0
configure:16339: result: yes
configure:16339: checking for rint
configure:16339: gcc -o conftest -g -O2   conftest.c -lpthread  >&5
conftest.c:70:6: warning: incompatible redeclaration of library function 'rint' [-Wincompatible-library-redeclaration]
char rint ();
     ^
conftest.c:70:6: note: 'rint' is a builtin with type 'double (double)'
1 warning generated.
configure:16339: $? = 0
configure:16339: result: yes
configure:16339: checking for select
configure:16339: gcc -o conftest -g -O2   conftest.c -lpthread  >&5
configure:16339: $? = 0
configure:16339: result: yes
configure:16339: checking for socket
configure:16339: gcc -o conftest -g -O2   conftest.c -lpthread  >&5
configure:16339: $? = 0
configure:16339: result: yes
configure:16339: checking for sqrt
configure:16339: gcc -o conftest -g -O2   conftest.c -lpthread  >&5
conftest.c:73:6: warning: incompatible redeclaration of library function 'sqrt' [-Wincompatible-library-redeclaration]
char sqrt ();
     ^
conftest.c:73:6: note: 'sqrt' is a builtin with type 'double (double)'
1 warning generated.
configure:16339: $? = 0
configure:16339: result: yes
configure:16339: checking for strcasecmp
configure:16339: gcc -o conftest -g -O2   conftest.c -lpthread  >&5
conftest.c:74:6: warning: incompatible redeclaration of library function 'strcasecmp' [-Wincompatible-library-redeclaration]
char strcasecmp ();
     ^
conftest.c:74:6: note: 'strcasecmp' is a builtin with type 'int (const char *, const char *)'
1 warning generated.
configure:16339: $? = 0
configure:16339: result: yes
configure:16339: checking for strdup
configure:16339: gcc -o conftest -g -O2   conftest.c -lpthread  >&5
conftest.c:75:6: warning: incompatible redeclaration of library function 'strdup' [-Wincompatible-library-redeclaration]
char strdup ();
     ^
conftest.c:75:6: note: 'strdup' is a builtin with type 'char *(const char *)'
1 warning generated.
configure:16339: $? = 0
configure:16339: result: yes
configure:16339: checking for strstr
configure:16339: gcc -o conftest -g -O2   conftest.c -lpthread  >&5
conftest.c:76:6: warning: incompatible redeclaration of library function 'strstr' [-Wincompatible-library-redeclaration]
char strstr ();
     ^
conftest.c:76:6: note: 'strstr' is a builtin with type 'char *(const char *, const char *)'
1 warning generated.
configure:16339: $? = 0
configure:16339: result: yes
configure:16461: checking that generated files are newer than configure
configure:16467: result: done
configure:16494: creating ./config.status

## ---------------------- ##
## Running config.status. ##
## ---------------------- ##

This file was extended by UFAB_Robotics_RCSS config.status 0.1, which was
generated by GNU Autoconf 2.69.  Invocation command line was

  CONFIG_FILES    = 
  CONFIG_HEADERS  = 
  CONFIG_LINKS    = 
  CONFIG_COMMANDS = 
  $ ./config.status 

on Fernandos-MacBook-Pro.local

config.status:1181: creating Makefile
config.status:1181: creating src/Makefile
config.status:1181: creating config.h
config.status:1362: config.h is unchanged
config.status:1410: executing depfiles commands
config.status:1410: executing libtool commands

## ---------------- ##
## Cache variables. ##
## ---------------- ##

ac_cv_build=x86_64-apple-darwin16.7.0
ac_cv_c_compiler_gnu=yes
ac_cv_c_const=yes
ac_cv_c_inline=inline
ac_cv_cxx_compiler_gnu=yes
ac_cv_env_CCC_set=
ac_cv_env_CCC_value=
ac_cv_env_CC_set=
ac_cv_env_CC_value=
ac_cv_env_CFLAGS_set=
ac_cv_env_CFLAGS_value=
ac_cv_env_CPPFLAGS_set=
ac_cv_env_CPPFLAGS_value=
ac_cv_env_CPP_set=
ac_cv_env_CPP_value=
ac_cv_env_CXXCPP_set=
ac_cv_env_CXXCPP_value=
ac_cv_env_CXXFLAGS_set=
ac_cv_env_CXXFLAGS_value=
ac_cv_env_CXX_set=
ac_cv_env_CXX_value=
ac_cv_env_LDFLAGS_set=
ac_cv_env_LDFLAGS_value=
ac_cv_env_LIBS_set=
ac_cv_env_LIBS_value=
ac_cv_env_LT_SYS_LIBRARY_PATH_set=
ac_cv_env_LT_SYS_LIBRARY_PATH_value=
ac_cv_env_build_alias_set=
ac_cv_env_build_alias_value=
ac_cv_env_host_alias_set=
ac_cv_env_host_alias_value=
ac_cv_env_target_alias_set=
ac_cv_env_target_alias_value=
ac_cv_func_floor=yes
ac_cv_func_gethostbyname=yes
ac_cv_func_gettimeofday=yes
ac_cv_func_inet_ntoa=yes
ac_cv_func_pow=yes
ac_cv_func_rint=yes
ac_cv_func_select=yes
ac_cv_func_select_args='int,fd_set *,struct timeval *'
ac_cv_func_socket=yes
ac_cv_func_sqrt=yes
ac_cv_func_strcasecmp=yes
ac_cv_func_strdup=yes
ac_cv_func_strstr=yes
ac_cv_header_arpa_inet_h=yes
ac_cv_header_dlfcn_h=yes
ac_cv_header_fcntl_h=yes
ac_cv_header_inttypes_h=yes
ac_cv_header_memory_h=yes
ac_cv_header_netdb_h=yes
ac_cv_header_stdbool_h=yes
ac_cv_header_stdc=yes
ac_cv_header_stdint_h=yes
ac_cv_header_stdlib_h=yes
ac_cv_header_string_h=yes
ac_cv_header_strings_h=yes
ac_cv_header_sys_select_h=yes
ac_cv_header_sys_socket_h=yes
ac_cv_header_sys_stat_h=yes
ac_cv_header_sys_time_h=yes
ac_cv_header_sys_types_h=yes
ac_cv_header_time=yes
ac_cv_header_unistd_h=yes
ac_cv_host=x86_64-apple-darwin16.7.0
ac_cv_lib_pthread_pthread_create=yes
ac_cv_objext=o
ac_cv_path_EGREP='/usr/bin/grep -E'
ac_cv_path_FGREP='/usr/bin/grep -F'
ac_cv_path_GREP=/usr/bin/grep
ac_cv_path_SED=/usr/bin/sed
ac_cv_path_install='/usr/bin/install -c'
ac_cv_path_lt_DD=/bin/dd
ac_cv_prog_AWK=awk
ac_cv_prog_CPP='gcc -E'
ac_cv_prog_CXXCPP='g++ -E'
ac_cv_prog_ac_ct_AR=ar
ac_cv_prog_ac_ct_CC=gcc
ac_cv_prog_ac_ct_CXX=g++
ac_cv_prog_ac_ct_DSYMUTIL=dsymutil
ac_cv_prog_ac_ct_LIPO=lipo
ac_cv_prog_ac_ct_NMEDIT=nmedit
ac_cv_prog_ac_ct_OBJDUMP=objdump
ac_cv_prog_ac_ct_OTOOL=otool
ac_cv_prog_ac_ct_RANLIB=ranlib
ac_cv_prog_ac_ct_STRIP=strip
ac_cv_prog_cc_c89=
ac_cv_prog_cc_g=yes
ac_cv_prog_cxx_g=yes
ac_cv_prog_make_make_set=yes
ac_cv_type__Bool=yes
ac_cv_type_size_t=yes
am_cv_CC_dependencies_compiler_type=gcc3
am_cv_CXX_dependencies_compiler_type=gcc3
am_cv_make_support_nested_variables=yes
am_cv_prog_cc_c_o=yes
lt_cv_apple_cc_single_mod=yes
lt_cv_ar_at_file=no
lt_cv_deplibs_check_method=pass_all
lt_cv_file_magic_cmd='$MAGIC_CMD'
lt_cv_file_magic_test_file=
lt_cv_ld_exported_symbols_list=yes
lt_cv_ld_force_load=yes
lt_cv_ld_reload_flag=-r
lt_cv_nm_interface='BSD nm'
lt_cv_objdir=.libs
lt_cv_path_LD=/Applications/Xcode.app/Contents/Developer/Toolchains/XcodeDefault.xctoolchain/usr/bin/ld
lt_cv_path_LDCXX=/Applications/Xcode.app/Contents/Developer/Toolchains/XcodeDefault.xctoolchain/usr/bin/ld
lt_cv_path_NM='/usr/bin/nm -B'
lt_cv_path_mainfest_tool=no
lt_cv_prog_compiler_c_o=yes
lt_cv_prog_compiler_c_o_CXX=yes
lt_cv_prog_compiler_pic='-fno-common -DPIC'
lt_cv_prog_compiler_pic_CXX='-fno-common -DPIC'
lt_cv_prog_compiler_pic_works=yes
lt_cv_prog_compiler_pic_works_CXX=yes
lt_cv_prog_compiler_rtti_exceptions=yes
lt_cv_prog_compiler_static_works=no
lt_cv_prog_compiler_static_works_CXX=no
lt_cv_prog_gnu_ld=no
lt_cv_prog_gnu_ldcxx=no
lt_cv_sharedlib_from_linklib_cmd='printf %s\n'
lt_cv_sys_global_symbol_pipe='sed -n -e '\''s/^.*[	 ]\([BCDEGRST][BCDEGRST]*\)[	 ][	 ]*_\([_A-Za-z][_A-Za-z0-9]*\)$/\1 _\2 \2/p'\'' | sed '\''/ __gnu_lto/d'\'''
lt_cv_sys_global_symbol_to_c_name_address='sed -n -e '\''s/^: \(.*\) .*$/  {"\1", (void *) 0},/p'\'' -e '\''s/^[BCDEGRST][BCDEGRST]* .* \(.*\)$/  {"\1", (void *) \&\1},/p'\'''
lt_cv_sys_global_symbol_to_c_name_address_lib_prefix='sed -n -e '\''s/^: \(.*\) .*$/  {"\1", (void *) 0},/p'\'' -e '\''s/^[BCDEGRST][BCDEGRST]* .* \(lib.*\)$/  {"\1", (void *) \&\1},/p'\'' -e '\''s/^[BCDEGRST][BCDEGRST]* .* \(.*\)$/  {"lib\1", (void *) \&\1},/p'\'''
lt_cv_sys_global_symbol_to_cdecl='sed -n -e '\''s/^T .* \(.*\)$/extern int \1();/p'\'' -e '\''s/^[BCDEGRST][BCDEGRST]* .* \(.*\)$/extern char \1;/p'\'''
lt_cv_sys_global_symbol_to_import=
lt_cv_sys_max_cmd_len=196608
lt_cv_to_host_file_cmd=func_convert_file_noop
lt_cv_to_tool_file_cmd=func_convert_file_noop
lt_cv_truncate_bin='/bin/dd bs=4096 count=1'

## ----------------- ##
## Output variables. ##
## ----------------- ##

ACLOCAL='${SHELL} "/Users/fernando/Google Drive/Sincronização/Fê/Inteligência Artificial em Robótica (ESZA022)/Projetos/RocoCup/Git/RoboCup/neat/missing" aclocal-1.15'
AMDEPBACKSLASH='\'
AMDEP_FALSE='#'
AMDEP_TRUE=''
AMTAR='$${TAR-tar}'
AM_BACKSLASH='\'
AM_DEFAULT_V='$(AM_DEFAULT_VERBOSITY)'
AM_DEFAULT_VERBOSITY='1'
AM_V='$(V)'
AR='ar'
AUTOCONF='${SHELL} "/Users/fernando/Google Drive/Sincronização/Fê/Inteligência Artificial em Robótica (ESZA022)/Projetos/RocoCup/Git/RoboCup/neat/missing" autoconf'
AUTOHEADER='${SHELL} "/Users/fernando/Google Drive/Sincronização/Fê/Inteligência Artificial em Robótica (ESZA022)/Projetos/RocoCup/Git/RoboCup/neat/missing" autoheader'
AUTOMAKE='${SHELL} "/Users/fernando/Google Drive/Sincronização/Fê/Inteligência Artificial em Robótica (ESZA022)/Projetos/RocoCup/Git/RoboCup/neat/missing" automake-1.15'
AWK='awk'
CC='gcc'
CCDEPMODE='depmode=gcc3'
CFLAGS='-g -O2'
CPP='gcc -E'
CPPFLAGS=''
CXX='g++'
CXXCPP='g++ -E'
CXXDEPMODE='depmode=gcc3'
CXXFLAGS='-g -O2'
CYGPATH_W='echo'
DEFS='-DHAVE_CONFIG_H'
DEPDIR='.deps'
DLLTOOL='false'
DSYMUTIL='dsymutil'
DUMPBIN=''
ECHO_C='\c'
ECHO_N=''
ECHO_T=''
EGREP='/usr/bin/grep -E'
EXEEXT=''
FGREP='/usr/bin/grep -F'
GREP='/usr/bin/grep'
INSTALL_DATA='${INSTALL} -m 644'
INSTALL_PROGRAM='${INSTALL}'
INSTALL_SCRIPT='${INSTALL}'
INSTALL_STRIP_PROGRAM='$(install_sh) -c -s'
LD='/Applications/Xcode.app/Contents/Developer/Toolchains/XcodeDefault.xctoolchain/usr/bin/ld'
LDFLAGS=''
LIBOBJS=''
LIBS='-lpthread '
LIBTOOL='$(SHELL) $(top_builddir)/libtool'
LIPO='lipo'
LN_S='ln -s'
LTLIBOBJS=''
LT_SYS_LIBRARY_PATH=''
MAKEINFO='${SHELL} "/Users/fernando/Google Drive/Sincronização/Fê/Inteligência Artificial em Robótica (ESZA022)/Projetos/RocoCup/Git/RoboCup/neat/missing" makeinfo'
MANIFEST_TOOL=':'
MKDIR_P='./install-sh -c -d'
NM='/usr/bin/nm -B'
NMEDIT='nmedit'
OBJDUMP='objdump'
OBJEXT='o'
OTOOL64=':'
OTOOL='otool'
PACKAGE='ufab_robotics_rcss'
PACKAGE_BUGREPORT='fernando.freitas.alves@gmail.com'
PACKAGE_NAME='UFAB_Robotics_RCSS'
PACKAGE_STRING='UFAB_Robotics_RCSS 0.1'
PACKAGE_TARNAME='ufab_robotics_rcss'
PACKAGE_URL=''
PACKAGE_VERSION='0.1'
PATH_SEPARATOR=':'
RANLIB='ranlib'
SED='/usr/bin/sed'
SET_MAKE=''
SHELL='/bin/sh'
STRIP='strip'
VERSION='0.1'
ac_ct_AR='ar'
ac_ct_CC='gcc'
ac_ct_CXX='g++'
ac_ct_DUMPBIN=''
am__EXEEXT_FALSE=''
am__EXEEXT_TRUE='#'
am__fastdepCC_FALSE='#'
am__fastdepCC_TRUE=''
am__fastdepCXX_FALSE='#'
am__fastdepCXX_TRUE=''
am__include='include'
am__isrc=''
am__leading_dot='.'
am__nodep='_no'
am__quote=''
am__tar='$${TAR-tar} chof - "$$tardir"'
am__untar='$${TAR-tar} xf -'
bindir='${exec_prefix}/bin'
build='x86_64-apple-darwin16.7.0'
build_alias=''
build_cpu='x86_64'
build_os='darwin16.7.0'
build_vendor='apple'
datadir='${datarootdir}'
datarootdir='${prefix}/share'
docdir='${datarootdir}/doc/${PACKAGE_TARNAME}'
dvidir='${docdir}'
exec_prefix='${prefix}'
host='x86_64-apple-darwin16.7.0'
host_alias=''
host_cpu='x86_64'
host_os='darwin16.7.0'
host_vendor='apple'
htmldir='${docdir}'
includedir='${prefix}/include'
infodir='${datarootdir}/info'
install_sh='${SHELL} '\''/Users/fernando/Google Drive/Sincronização/Fê/Inteligência Artificial em Robótica (ESZA022)/Projetos/RocoCup/Git/RoboCup/neat/install-sh'\'''
libdir='${exec_prefix}/lib'
libexecdir='${exec_prefix}/libexec'
localedir='${datarootdir}/locale'
localstatedir='${prefix}/var'
mandir='${datarootdir}/man'
mkdir_p='$(MKDIR_P)'
oldincludedir='/usr/include'
pdfdir='${docdir}'
prefix='/usr/local'
program_transform_name='s,x,x,'
psdir='${docdir}'
sbindir='${exec_prefix}/sbin'
sharedstatedir='${prefix}/com'
sysconfdir='${prefix}/etc'
target_alias=''

## ----------- ##
## confdefs.h. ##
## ----------- ##

/* confdefs.h */
#define PACKAGE_NAME "UFAB_Robotics_RCSS"
#define PACKAGE_TARNAME "ufab_robotics_rcss"
#define PACKAGE_VERSION "0.1"
#define PACKAGE_STRING "UFAB_Robotics_RCSS 0.1"
#define PACKAGE_BUGREPORT "fernando.freitas.alves@gmail.com"
#define PACKAGE_URL ""
#define PACKAGE "ufab_robotics_rcss"
#define VERSION "0.1"
#define STDC_HEADERS 1
#define HAVE_SYS_TYPES_H 1
#define HAVE_SYS_STAT_H 1
#define HAVE_STDLIB_H 1
#define HAVE_STRING_H 1
#define HAVE_MEMORY_H 1
#define HAVE_STRINGS_H 1
#define HAVE_INTTYPES_H 1
#define HAVE_STDINT_H 1
#define HAVE_UNISTD_H 1
#define HAVE_DLFCN_H 1
#define LT_OBJDIR ".libs/"
#define HAVE_LIBPTHREAD 1
#define STDC_HEADERS 1
#define HAVE_ARPA_INET_H 1
#define HAVE_FCNTL_H 1
#define HAVE_NETDB_H 1
#define HAVE_STDLIB_H 1
#define HAVE_STRING_H 1
#define HAVE_STRINGS_H 1
#define HAVE_SYS_SOCKET_H 1
#define HAVE_SYS_TIME_H 1
#define HAVE_UNISTD_H 1
#define HAVE__BOOL 1
#define HAVE_STDBOOL_H 1
#define TIME_WITH_SYS_TIME 1
#define HAVE_SYS_SELECT_H 1
#define HAVE_SYS_SOCKET_H 1
#define SELECT_TYPE_ARG1 int
#define SELECT_TYPE_ARG234 (fd_set *)
#define SELECT_TYPE_ARG5 (struct timeval *)
#define HAVE_FLOOR 1
#define HAVE_GETHOSTBYNAME 1
#define HAVE_GETTIMEOFDAY 1
#define HAVE_INET_NTOA 1
#define HAVE_POW 1
#define HAVE_RINT 1
#define HAVE_SELECT 1
#define HAVE_SOCKET 1
#define HAVE_SQRT 1
#define HAVE_STRCASECMP 1
#define HAVE_STRDUP 1
#define HAVE_STRSTR 1

configure: exit 0
