This file contains any messages produced by compilers while
running configure, to aid debugging if configure makes a mistake.

It was created by UFAB_Robotics_RCSS configure 0.1, which was
generated by GNU Autoconf 2.69.  Invocation command line was

  $ ./configure 

## --------- ##
## Platform. ##
## --------- ##

hostname = xteox-robocup-5130404
uname -m = x86_64
uname -r = 4.9.17-c9
uname -s = Linux
uname -v = #1 SMP Thu Mar 23 01:38:54 UTC 2017

/usr/bin/uname -p = unknown
/bin/uname -X     = unknown

/bin/arch              = unknown
/usr/bin/arch -k       = unknown
/usr/convex/getsysinfo = unknown
/usr/bin/hostinfo      = unknown
/bin/machine           = unknown
/usr/bin/oslevel       = unknown
/bin/universe          = unknown

PATH: /home/ubuntu/.nvm/versions/node/v4.7.3/bin
PATH: /usr/local/rvm/gems/ruby-2.3.0/bin
PATH: /usr/local/rvm/gems/ruby-2.3.0@global/bin
PATH: /usr/local/rvm/rubies/ruby-2.3.0/bin
PATH: /mnt/shared/bin
PATH: /home/ubuntu/workspace/node_modules/.bin
PATH: /home/ubuntu/bin
PATH: /usr/local/sbin
PATH: /usr/local/bin
PATH: /usr/sbin
PATH: /usr/bin
PATH: /sbin
PATH: /bin
PATH: /mnt/shared/sbin
PATH: /opt/gitl
PATH: /opt/go/bin
PATH: /mnt/shared/c9/app.nw/bin
PATH: /usr/local/rvm/bin


## ----------- ##
## Core tests. ##
## ----------- ##

configure:2441: checking for a BSD-compatible install
configure:2509: result: /usr/bin/install -c
configure:2520: checking whether build environment is sane
configure:2575: result: yes
configure:2726: checking for a thread-safe mkdir -p
configure:2765: result: /bin/mkdir -p
configure:2772: checking for gawk
configure:2788: found /usr/bin/gawk
configure:2799: result: gawk
configure:2810: checking whether make sets $(MAKE)
configure:2832: result: yes
configure:2861: checking whether make supports nested variables
configure:2878: result: yes
configure:3055: checking for gcc
configure:3071: found /usr/bin/gcc
configure:3082: result: gcc
configure:3311: checking for C compiler version
configure:3320: gcc --version >&5
gcc (Ubuntu 4.8.4-2ubuntu1~14.04.3) 4.8.4
Copyright (C) 2013 Free Software Foundation, Inc.
This is free software; see the source for copying conditions.  There is NO
warranty; not even for MERCHANTABILITY or FITNESS FOR A PARTICULAR PURPOSE.

configure:3331: $? = 0
configure:3320: gcc -v >&5
Using built-in specs.
COLLECT_GCC=gcc
COLLECT_LTO_WRAPPER=/usr/lib/gcc/x86_64-linux-gnu/4.8/lto-wrapper
Target: x86_64-linux-gnu
Configured with: ../src/configure -v --with-pkgversion='Ubuntu 4.8.4-2ubuntu1~14.04.3' --with-bugurl=file:///usr/share/doc/gcc-4.8/README.Bugs --enable-languages=c,c++,java,go,d,fortran,objc,obj-c++ --prefix=/usr --program-suffix=-4.8 --enable-shared --enable-linker-build-id --libexecdir=/usr/lib --without-included-gettext --enable-threads=posix --with-gxx-include-dir=/usr/include/c++/4.8 --libdir=/usr/lib --enable-nls --with-sysroot=/ --enable-clocale=gnu --enable-libstdcxx-debug --enable-libstdcxx-time=yes --enable-gnu-unique-object --disable-libmudflap --enable-plugin --with-system-zlib --disable-browser-plugin --enable-java-awt=gtk --enable-gtk-cairo --with-java-home=/usr/lib/jvm/java-1.5.0-gcj-4.8-amd64/jre --enable-java-home --with-jvm-root-dir=/usr/lib/jvm/java-1.5.0-gcj-4.8-amd64 --with-jvm-jar-dir=/usr/lib/jvm-exports/java-1.5.0-gcj-4.8-amd64 --with-arch-directory=amd64 --with-ecj-jar=/usr/share/java/eclipse-ecj.jar --enable-objc-gc --enable-multiarch --disable-werror --with-arch-32=i686 --with-abi=m64 --with-multilib-list=m32,m64,mx32 --with-tune=generic --enable-checking=release --build=x86_64-linux-gnu --host=x86_64-linux-gnu --target=x86_64-linux-gnu
Thread model: posix
gcc version 4.8.4 (Ubuntu 4.8.4-2ubuntu1~14.04.3) 
configure:3331: $? = 0
configure:3320: gcc -V >&5
gcc: error: unrecognized command line option '-V'
gcc: fatal error: no input files
compilation terminated.
configure:3331: $? = 4
configure:3320: gcc -qversion >&5
gcc: error: unrecognized command line option '-qversion'
gcc: fatal error: no input files
compilation terminated.
configure:3331: $? = 4
configure:3351: checking whether the C compiler works
configure:3373: gcc    conftest.c  >&5
configure:3377: $? = 0
configure:3425: result: yes
configure:3428: checking for C compiler default output file name
configure:3430: result: a.out
configure:3436: checking for suffix of executables
configure:3443: gcc -o conftest    conftest.c  >&5
configure:3447: $? = 0
configure:3469: result: 
configure:3491: checking whether we are cross compiling
configure:3499: gcc -o conftest    conftest.c  >&5
configure:3503: $? = 0
configure:3510: ./conftest
configure:3514: $? = 0
configure:3529: result: no
configure:3534: checking for suffix of object files
configure:3556: gcc -c   conftest.c >&5
configure:3560: $? = 0
configure:3581: result: o
configure:3585: checking whether we are using the GNU C compiler
configure:3604: gcc -c   conftest.c >&5
configure:3604: $? = 0
configure:3613: result: yes
configure:3622: checking whether gcc accepts -g
configure:3642: gcc -c -g  conftest.c >&5
configure:3642: $? = 0
configure:3683: result: yes
configure:3700: checking for gcc option to accept ISO C89
configure:3763: gcc  -c -g -O2  conftest.c >&5
configure:3763: $? = 0
configure:3776: result: none needed
configure:3801: checking whether gcc understands -c and -o together
configure:3823: gcc -c conftest.c -o conftest2.o
configure:3826: $? = 0
configure:3823: gcc -c conftest.c -o conftest2.o
configure:3826: $? = 0
configure:3838: result: yes
configure:3866: checking for style of include used by make
configure:3894: result: GNU
configure:3920: checking dependency style of gcc
configure:4031: result: gcc3
configure:4104: checking for g++
configure:4120: found /usr/bin/g++
configure:4131: result: g++
configure:4158: checking for C++ compiler version
configure:4167: g++ --version >&5
g++ (Ubuntu 4.8.4-2ubuntu1~14.04.3) 4.8.4
Copyright (C) 2013 Free Software Foundation, Inc.
This is free software; see the source for copying conditions.  There is NO
warranty; not even for MERCHANTABILITY or FITNESS FOR A PARTICULAR PURPOSE.

configure:4178: $? = 0
configure:4167: g++ -v >&5
Using built-in specs.
COLLECT_GCC=g++
COLLECT_LTO_WRAPPER=/usr/lib/gcc/x86_64-linux-gnu/4.8/lto-wrapper
Target: x86_64-linux-gnu
Configured with: ../src/configure -v --with-pkgversion='Ubuntu 4.8.4-2ubuntu1~14.04.3' --with-bugurl=file:///usr/share/doc/gcc-4.8/README.Bugs --enable-languages=c,c++,java,go,d,fortran,objc,obj-c++ --prefix=/usr --program-suffix=-4.8 --enable-shared --enable-linker-build-id --libexecdir=/usr/lib --without-included-gettext --enable-threads=posix --with-gxx-include-dir=/usr/include/c++/4.8 --libdir=/usr/lib --enable-nls --with-sysroot=/ --enable-clocale=gnu --enable-libstdcxx-debug --enable-libstdcxx-time=yes --enable-gnu-unique-object --disable-libmudflap --enable-plugin --with-system-zlib --disable-browser-plugin --enable-java-awt=gtk --enable-gtk-cairo --with-java-home=/usr/lib/jvm/java-1.5.0-gcj-4.8-amd64/jre --enable-java-home --with-jvm-root-dir=/usr/lib/jvm/java-1.5.0-gcj-4.8-amd64 --with-jvm-jar-dir=/usr/lib/jvm-exports/java-1.5.0-gcj-4.8-amd64 --with-arch-directory=amd64 --with-ecj-jar=/usr/share/java/eclipse-ecj.jar --enable-objc-gc --enable-multiarch --disable-werror --with-arch-32=i686 --with-abi=m64 --with-multilib-list=m32,m64,mx32 --with-tune=generic --enable-checking=release --build=x86_64-linux-gnu --host=x86_64-linux-gnu --target=x86_64-linux-gnu
Thread model: posix
gcc version 4.8.4 (Ubuntu 4.8.4-2ubuntu1~14.04.3) 
configure:4178: $? = 0
configure:4167: g++ -V >&5
g++: error: unrecognized command line option '-V'
g++: fatal error: no input files
compilation terminated.
configure:4178: $? = 4
configure:4167: g++ -qversion >&5
g++: error: unrecognized command line option '-qversion'
g++: fatal error: no input files
compilation terminated.
configure:4178: $? = 4
configure:4182: checking whether we are using the GNU C++ compiler
configure:4201: g++ -c   conftest.cpp >&5
configure:4201: $? = 0
configure:4210: result: yes
configure:4219: checking whether g++ accepts -g
configure:4239: g++ -c -g  conftest.cpp >&5
configure:4239: $? = 0
configure:4280: result: yes
configure:4305: checking dependency style of g++
configure:4416: result: gcc3
configure:4460: checking build system type
configure:4474: result: x86_64-unknown-linux-gnu
configure:4494: checking host system type
configure:4507: result: x86_64-unknown-linux-gnu
configure:4548: checking how to print strings
configure:4575: result: printf
configure:4596: checking for a sed that does not truncate output
configure:4660: result: /bin/sed
configure:4678: checking for grep that handles long lines and -e
configure:4736: result: /bin/grep
configure:4741: checking for egrep
configure:4803: result: /bin/grep -E
configure:4808: checking for fgrep
configure:4870: result: /bin/grep -F
configure:4905: checking for ld used by gcc
configure:4972: result: /usr/bin/ld
configure:4979: checking if the linker (/usr/bin/ld) is GNU ld
configure:4994: result: yes
configure:5006: checking for BSD- or MS-compatible name lister (nm)
configure:5055: result: /usr/bin/nm -B
configure:5185: checking the name lister (/usr/bin/nm -B) interface
configure:5192: gcc -c -g -O2  conftest.c >&5
configure:5195: /usr/bin/nm -B "conftest.o"
configure:5198: output
0000000000000000 B some_variable
configure:5205: result: BSD nm
configure:5208: checking whether ln -s works
configure:5212: result: yes
configure:5220: checking the maximum length of command line arguments
configure:5351: result: 1572864
configure:5368: checking whether the shell understands some XSI constructs
configure:5378: result: yes
configure:5382: checking whether the shell understands "+="
configure:5388: result: yes
configure:5423: checking how to convert x86_64-unknown-linux-gnu file names to x86_64-unknown-linux-gnu format
configure:5463: result: func_convert_file_noop
configure:5470: checking how to convert x86_64-unknown-linux-gnu file names to toolchain format
configure:5490: result: func_convert_file_noop
configure:5497: checking for /usr/bin/ld option to reload object files
configure:5504: result: -r
configure:5578: checking for objdump
configure:5594: found /usr/bin/objdump
configure:5605: result: objdump
configure:5637: checking how to recognize dependent libraries
configure:5835: result: pass_all
configure:5920: checking for dlltool
configure:5950: result: no
configure:5980: checking how to associate runtime and link libraries
configure:6007: result: printf %s\n
configure:6068: checking for ar
configure:6084: found /usr/bin/ar
configure:6095: result: ar
configure:6132: checking for archiver @FILE support
configure:6149: gcc -c -g -O2  conftest.c >&5
configure:6149: $? = 0
configure:6152: ar cru libconftest.a @conftest.lst >&5
configure:6155: $? = 0
configure:6160: ar cru libconftest.a @conftest.lst >&5
ar: conftest.o: No such file or directory
configure:6163: $? = 1
configure:6175: result: @
configure:6233: checking for strip
configure:6249: found /usr/bin/strip
configure:6260: result: strip
configure:6332: checking for ranlib
configure:6348: found /usr/bin/ranlib
configure:6359: result: ranlib
configure:6461: checking command to parse /usr/bin/nm -B output from gcc object
configure:6581: gcc -c -g -O2  conftest.c >&5
configure:6584: $? = 0
configure:6588: /usr/bin/nm -B conftest.o \| sed -n -e 's/^.*[ ]\([ABCDGIRSTW][ABCDGIRSTW]*\)[ ][ ]*\([_A-Za-z][_A-Za-z0-9]*\)$/\1 \2 \2/p' | sed '/ __gnu_lto/d' \> conftest.nm
configure:6591: $? = 0
configure:6657: gcc -o conftest -g -O2   conftest.c conftstm.o >&5
configure:6660: $? = 0
configure:6698: result: ok
configure:6735: checking for sysroot
configure:6765: result: no
configure:6842: gcc -c -g -O2  conftest.c >&5
configure:6845: $? = 0
configure:7034: checking for mt
configure:7050: found /bin/mt
configure:7061: result: mt
configure:7084: checking if mt is a manifest tool
configure:7090: mt '-?'
configure:7098: result: no
configure:7740: checking how to run the C preprocessor
configure:7771: gcc -E  conftest.c
configure:7771: $? = 0
configure:7785: gcc -E  conftest.c
conftest.c:11:28: fatal error: ac_nonexistent.h: No such file or directory
 #include <ac_nonexistent.h>
                            ^
compilation terminated.
configure:7785: $? = 1
configure: failed program was:
| /* confdefs.h */
| #define PACKAGE_NAME "UFAB_Robotics_RCSS"
| #define PACKAGE_TARNAME "ufab_robotics_rcss"
| #define PACKAGE_VERSION "0.1"
| #define PACKAGE_STRING "UFAB_Robotics_RCSS 0.1"
| #define PACKAGE_BUGREPORT "fernando.freitas.alves@gmail.com"
| #define PACKAGE_URL ""
| #define PACKAGE "ufab_robotics_rcss"
| #define VERSION "0.1"
| /* end confdefs.h.  */
| #include <ac_nonexistent.h>
configure:7810: result: gcc -E
configure:7830: gcc -E  conftest.c
configure:7830: $? = 0
configure:7844: gcc -E  conftest.c
conftest.c:11:28: fatal error: ac_nonexistent.h: No such file or directory
 #include <ac_nonexistent.h>
                            ^
compilation terminated.
configure:7844: $? = 1
configure: failed program was:
| /* confdefs.h */
| #define PACKAGE_NAME "UFAB_Robotics_RCSS"
| #define PACKAGE_TARNAME "ufab_robotics_rcss"
| #define PACKAGE_VERSION "0.1"
| #define PACKAGE_STRING "UFAB_Robotics_RCSS 0.1"
| #define PACKAGE_BUGREPORT "fernando.freitas.alves@gmail.com"
| #define PACKAGE_URL ""
| #define PACKAGE "ufab_robotics_rcss"
| #define VERSION "0.1"
| /* end confdefs.h.  */
| #include <ac_nonexistent.h>
configure:7873: checking for ANSI C header files
configure:7893: gcc -c -g -O2  conftest.c >&5
configure:7893: $? = 0
configure:7966: gcc -o conftest -g -O2   conftest.c  >&5
configure:7966: $? = 0
configure:7966: ./conftest
configure:7966: $? = 0
configure:7977: result: yes
configure:7990: checking for sys/types.h
configure:7990: gcc -c -g -O2  conftest.c >&5
configure:7990: $? = 0
configure:7990: result: yes
configure:7990: checking for sys/stat.h
configure:7990: gcc -c -g -O2  conftest.c >&5
configure:7990: $? = 0
configure:7990: result: yes
configure:7990: checking for stdlib.h
configure:7990: gcc -c -g -O2  conftest.c >&5
configure:7990: $? = 0
configure:7990: result: yes
configure:7990: checking for string.h
configure:7990: gcc -c -g -O2  conftest.c >&5
configure:7990: $? = 0
configure:7990: result: yes
configure:7990: checking for memory.h
configure:7990: gcc -c -g -O2  conftest.c >&5
configure:7990: $? = 0
configure:7990: result: yes
configure:7990: checking for strings.h
configure:7990: gcc -c -g -O2  conftest.c >&5
configure:7990: $? = 0
configure:7990: result: yes
configure:7990: checking for inttypes.h
configure:7990: gcc -c -g -O2  conftest.c >&5
configure:7990: $? = 0
configure:7990: result: yes
configure:7990: checking for stdint.h
configure:7990: gcc -c -g -O2  conftest.c >&5
configure:7990: $? = 0
configure:7990: result: yes
configure:7990: checking for unistd.h
configure:7990: gcc -c -g -O2  conftest.c >&5
configure:7990: $? = 0
configure:7990: result: yes
configure:8004: checking for dlfcn.h
configure:8004: gcc -c -g -O2  conftest.c >&5
configure:8004: $? = 0
configure:8004: result: yes
configure:8221: checking for objdir
configure:8236: result: .libs
configure:8503: checking if gcc supports -fno-rtti -fno-exceptions
configure:8521: gcc -c -g -O2  -fno-rtti -fno-exceptions conftest.c >&5
cc1: warning: command line option '-fno-rtti' is valid for C++/ObjC++ but not for C [enabled by default]
configure:8525: $? = 0
configure:8538: result: no
configure:8865: checking for gcc option to produce PIC
configure:8872: result: -fPIC -DPIC
configure:8880: checking if gcc PIC flag -fPIC -DPIC works
configure:8898: gcc -c -g -O2  -fPIC -DPIC -DPIC conftest.c >&5
configure:8902: $? = 0
configure:8915: result: yes
configure:8944: checking if gcc static flag -static works
configure:8972: result: yes
configure:8987: checking if gcc supports -c -o file.o
configure:9008: gcc -c -g -O2  -o out/conftest2.o conftest.c >&5
configure:9012: $? = 0
configure:9034: result: yes
configure:9042: checking if gcc supports -c -o file.o
configure:9089: result: yes
configure:9122: checking whether the gcc linker (/usr/bin/ld -m elf_x86_64) supports shared libraries
configure:10279: result: yes
configure:10316: checking whether -lc should be explicitly linked in
configure:10324: gcc -c -g -O2  conftest.c >&5
configure:10327: $? = 0
configure:10342: gcc -shared  -fPIC -DPIC conftest.o  -v -Wl,-soname -Wl,conftest -o conftest 2\>\&1 \| /bin/grep  -lc  \>/dev/null 2\>\&1
configure:10345: $? = 0
configure:10359: result: no
configure:10519: checking dynamic linker characteristics
configure:11019: gcc -o conftest -g -O2   -Wl,-rpath -Wl,/foo conftest.c  >&5
configure:11019: $? = 0
configure:11253: result: GNU/Linux ld.so
configure:11360: checking how to hardcode library paths into programs
configure:11385: result: immediate
configure:11925: checking whether stripping libraries is possible
configure:11930: result: yes
configure:11965: checking if libtool supports shared libraries
configure:11967: result: yes
configure:11970: checking whether to build shared libraries
configure:11991: result: yes
configure:11994: checking whether to build static libraries
configure:11998: result: yes
configure:12021: checking how to run the C++ preprocessor
configure:12048: g++ -E  conftest.cpp
configure:12048: $? = 0
configure:12062: g++ -E  conftest.cpp
conftest.cpp:23:28: fatal error: ac_nonexistent.h: No such file or directory
 #include <ac_nonexistent.h>
                            ^
compilation terminated.
configure:12062: $? = 1
configure: failed program was:
| /* confdefs.h */
| #define PACKAGE_NAME "UFAB_Robotics_RCSS"
| #define PACKAGE_TARNAME "ufab_robotics_rcss"
| #define PACKAGE_VERSION "0.1"
| #define PACKAGE_STRING "UFAB_Robotics_RCSS 0.1"
| #define PACKAGE_BUGREPORT "fernando.freitas.alves@gmail.com"
| #define PACKAGE_URL ""
| #define PACKAGE "ufab_robotics_rcss"
| #define VERSION "0.1"
| #define STDC_HEADERS 1
| #define HAVE_SYS_TYPES_H 1
| #define HAVE_SYS_STAT_H 1
| #define HAVE_STDLIB_H 1
| #define HAVE_STRING_H 1
| #define HAVE_MEMORY_H 1
| #define HAVE_STRINGS_H 1
| #define HAVE_INTTYPES_H 1
| #define HAVE_STDINT_H 1
| #define HAVE_UNISTD_H 1
| #define HAVE_DLFCN_H 1
| #define LT_OBJDIR ".libs/"
| /* end confdefs.h.  */
| #include <ac_nonexistent.h>
configure:12087: result: g++ -E
configure:12107: g++ -E  conftest.cpp
configure:12107: $? = 0
configure:12121: g++ -E  conftest.cpp
conftest.cpp:23:28: fatal error: ac_nonexistent.h: No such file or directory
 #include <ac_nonexistent.h>
                            ^
compilation terminated.
configure:12121: $? = 1
configure: failed program was:
| /* confdefs.h */
| #define PACKAGE_NAME "UFAB_Robotics_RCSS"
| #define PACKAGE_TARNAME "ufab_robotics_rcss"
| #define PACKAGE_VERSION "0.1"
| #define PACKAGE_STRING "UFAB_Robotics_RCSS 0.1"
| #define PACKAGE_BUGREPORT "fernando.freitas.alves@gmail.com"
| #define PACKAGE_URL ""
| #define PACKAGE "ufab_robotics_rcss"
| #define VERSION "0.1"
| #define STDC_HEADERS 1
| #define HAVE_SYS_TYPES_H 1
| #define HAVE_SYS_STAT_H 1
| #define HAVE_STDLIB_H 1
| #define HAVE_STRING_H 1
| #define HAVE_MEMORY_H 1
| #define HAVE_STRINGS_H 1
| #define HAVE_INTTYPES_H 1
| #define HAVE_STDINT_H 1
| #define HAVE_UNISTD_H 1
| #define HAVE_DLFCN_H 1
| #define LT_OBJDIR ".libs/"
| /* end confdefs.h.  */
| #include <ac_nonexistent.h>
configure:12290: checking for ld used by g++
configure:12357: result: /usr/bin/ld -m elf_x86_64
configure:12364: checking if the linker (/usr/bin/ld -m elf_x86_64) is GNU ld
configure:12379: result: yes
configure:12434: checking whether the g++ linker (/usr/bin/ld -m elf_x86_64) supports shared libraries
configure:13436: result: yes
configure:13472: g++ -c -g -O2  conftest.cpp >&5
configure:13475: $? = 0
configure:13995: checking for g++ option to produce PIC
configure:14002: result: -fPIC -DPIC
configure:14010: checking if g++ PIC flag -fPIC -DPIC works
configure:14028: g++ -c -g -O2  -fPIC -DPIC -DPIC conftest.cpp >&5
configure:14032: $? = 0
configure:14045: result: yes
configure:14068: checking if g++ static flag -static works
configure:14096: result: yes
configure:14108: checking if g++ supports -c -o file.o
configure:14129: g++ -c -g -O2  -o out/conftest2.o conftest.cpp >&5
configure:14133: $? = 0
configure:14155: result: yes
configure:14160: checking if g++ supports -c -o file.o
configure:14207: result: yes
configure:14237: checking whether the g++ linker (/usr/bin/ld -m elf_x86_64) supports shared libraries
configure:14276: result: yes
configure:14417: checking dynamic linker characteristics
configure:15085: result: GNU/Linux ld.so
configure:15138: checking how to hardcode library paths into programs
configure:15163: result: immediate
configure:15226: checking for pthread_create in -lpthread
configure:15251: gcc -o conftest -g -O2   conftest.c -lpthread   >&5
configure:15251: $? = 0
configure:15260: result: yes
configure:15273: checking for ANSI C header files
configure:15377: result: yes
configure:15388: checking arpa/inet.h usability
configure:15388: gcc -c -g -O2  conftest.c >&5
configure:15388: $? = 0
configure:15388: result: yes
configure:15388: checking arpa/inet.h presence
configure:15388: gcc -E  conftest.c
configure:15388: $? = 0
configure:15388: result: yes
configure:15388: checking for arpa/inet.h
configure:15388: result: yes
configure:15388: checking fcntl.h usability
configure:15388: gcc -c -g -O2  conftest.c >&5
configure:15388: $? = 0
configure:15388: result: yes
configure:15388: checking fcntl.h presence
configure:15388: gcc -E  conftest.c
configure:15388: $? = 0
configure:15388: result: yes
configure:15388: checking for fcntl.h
configure:15388: result: yes
configure:15388: checking netdb.h usability
configure:15388: gcc -c -g -O2  conftest.c >&5
configure:15388: $? = 0
configure:15388: result: yes
configure:15388: checking netdb.h presence
configure:15388: gcc -E  conftest.c
configure:15388: $? = 0
configure:15388: result: yes
configure:15388: checking for netdb.h
configure:15388: result: yes
configure:15388: checking for stdlib.h
configure:15388: result: yes
configure:15388: checking for string.h
configure:15388: result: yes
configure:15388: checking for strings.h
configure:15388: result: yes
configure:15388: checking sys/socket.h usability
configure:15388: gcc -c -g -O2  conftest.c >&5
configure:15388: $? = 0
configure:15388: result: yes
configure:15388: checking sys/socket.h presence
configure:15388: gcc -E  conftest.c
configure:15388: $? = 0
configure:15388: result: yes
configure:15388: checking for sys/socket.h
configure:15388: result: yes
configure:15388: checking sys/time.h usability
configure:15388: gcc -c -g -O2  conftest.c >&5
configure:15388: $? = 0
configure:15388: result: yes
configure:15388: checking sys/time.h presence
configure:15388: gcc -E  conftest.c
configure:15388: $? = 0
configure:15388: result: yes
configure:15388: checking for sys/time.h
configure:15388: result: yes
configure:15388: checking for unistd.h
configure:15388: result: yes
configure:15400: checking for stdbool.h that conforms to C99
configure:15467: gcc -c -g -O2  conftest.c >&5
configure:15467: $? = 0
configure:15474: result: yes
configure:15476: checking for _Bool
configure:15476: gcc -c -g -O2  conftest.c >&5
configure:15476: $? = 0
configure:15476: gcc -c -g -O2  conftest.c >&5
conftest.c: In function 'main':
conftest.c:70:20: error: expected expression before ')' token
 if (sizeof ((_Bool)))
                    ^
configure:15476: $? = 1
configure: failed program was:
| /* confdefs.h */
| #define PACKAGE_NAME "UFAB_Robotics_RCSS"
| #define PACKAGE_TARNAME "ufab_robotics_rcss"
| #define PACKAGE_VERSION "0.1"
| #define PACKAGE_STRING "UFAB_Robotics_RCSS 0.1"
| #define PACKAGE_BUGREPORT "fernando.freitas.alves@gmail.com"
| #define PACKAGE_URL ""
| #define PACKAGE "ufab_robotics_rcss"
| #define VERSION "0.1"
| #define STDC_HEADERS 1
| #define HAVE_SYS_TYPES_H 1
| #define HAVE_SYS_STAT_H 1
| #define HAVE_STDLIB_H 1
| #define HAVE_STRING_H 1
| #define HAVE_MEMORY_H 1
| #define HAVE_STRINGS_H 1
| #define HAVE_INTTYPES_H 1
| #define HAVE_STDINT_H 1
| #define HAVE_UNISTD_H 1
| #define HAVE_DLFCN_H 1
| #define LT_OBJDIR ".libs/"
| #define HAVE_LIBPTHREAD 1
| #define STDC_HEADERS 1
| #define HAVE_ARPA_INET_H 1
| #define HAVE_FCNTL_H 1
| #define HAVE_NETDB_H 1
| #define HAVE_STDLIB_H 1
| #define HAVE_STRING_H 1
| #define HAVE_STRINGS_H 1
| #define HAVE_SYS_SOCKET_H 1
| #define HAVE_SYS_TIME_H 1
| #define HAVE_UNISTD_H 1
| /* end confdefs.h.  */
| #include <stdio.h>
| #ifdef HAVE_SYS_TYPES_H
| # include <sys/types.h>
| #endif
| #ifdef HAVE_SYS_STAT_H
| # include <sys/stat.h>
| #endif
| #ifdef STDC_HEADERS
| # include <stdlib.h>
| # include <stddef.h>
| #else
| # ifdef HAVE_STDLIB_H
| #  include <stdlib.h>
| # endif
| #endif
| #ifdef HAVE_STRING_H
| # if !defined STDC_HEADERS && defined HAVE_MEMORY_H
| #  include <memory.h>
| # endif
| # include <string.h>
| #endif
| #ifdef HAVE_STRINGS_H
| # include <strings.h>
| #endif
| #ifdef HAVE_INTTYPES_H
| # include <inttypes.h>
| #endif
| #ifdef HAVE_STDINT_H
| # include <stdint.h>
| #endif
| #ifdef HAVE_UNISTD_H
| # include <unistd.h>
| #endif
| int
| main ()
| {
| if (sizeof ((_Bool)))
| 	    return 0;
|   ;
|   return 0;
| }
configure:15476: result: yes
configure:15493: checking for an ANSI C-conforming const
configure:15559: gcc -c -g -O2  conftest.c >&5
configure:15559: $? = 0
configure:15566: result: yes
configure:15574: checking for inline
configure:15590: gcc -c -g -O2  conftest.c >&5
configure:15590: $? = 0
configure:15598: result: inline
configure:15616: checking for size_t
configure:15616: gcc -c -g -O2  conftest.c >&5
configure:15616: $? = 0
configure:15616: gcc -c -g -O2  conftest.c >&5
conftest.c: In function 'main':
conftest.c:72:21: error: expected expression before ')' token
 if (sizeof ((size_t)))
                     ^
configure:15616: $? = 1
configure: failed program was:
| /* confdefs.h */
| #define PACKAGE_NAME "UFAB_Robotics_RCSS"
| #define PACKAGE_TARNAME "ufab_robotics_rcss"
| #define PACKAGE_VERSION "0.1"
| #define PACKAGE_STRING "UFAB_Robotics_RCSS 0.1"
| #define PACKAGE_BUGREPORT "fernando.freitas.alves@gmail.com"
| #define PACKAGE_URL ""
| #define PACKAGE "ufab_robotics_rcss"
| #define VERSION "0.1"
| #define STDC_HEADERS 1
| #define HAVE_SYS_TYPES_H 1
| #define HAVE_SYS_STAT_H 1
| #define HAVE_STDLIB_H 1
| #define HAVE_STRING_H 1
| #define HAVE_MEMORY_H 1
| #define HAVE_STRINGS_H 1
| #define HAVE_INTTYPES_H 1
| #define HAVE_STDINT_H 1
| #define HAVE_UNISTD_H 1
| #define HAVE_DLFCN_H 1
| #define LT_OBJDIR ".libs/"
| #define HAVE_LIBPTHREAD 1
| #define STDC_HEADERS 1
| #define HAVE_ARPA_INET_H 1
| #define HAVE_FCNTL_H 1
| #define HAVE_NETDB_H 1
| #define HAVE_STDLIB_H 1
| #define HAVE_STRING_H 1
| #define HAVE_STRINGS_H 1
| #define HAVE_SYS_SOCKET_H 1
| #define HAVE_SYS_TIME_H 1
| #define HAVE_UNISTD_H 1
| #define HAVE__BOOL 1
| #define HAVE_STDBOOL_H 1
| /* end confdefs.h.  */
| #include <stdio.h>
| #ifdef HAVE_SYS_TYPES_H
| # include <sys/types.h>
| #endif
| #ifdef HAVE_SYS_STAT_H
| # include <sys/stat.h>
| #endif
| #ifdef STDC_HEADERS
| # include <stdlib.h>
| # include <stddef.h>
| #else
| # ifdef HAVE_STDLIB_H
| #  include <stdlib.h>
| # endif
| #endif
| #ifdef HAVE_STRING_H
| # if !defined STDC_HEADERS && defined HAVE_MEMORY_H
| #  include <memory.h>
| # endif
| # include <string.h>
| #endif
| #ifdef HAVE_STRINGS_H
| # include <strings.h>
| #endif
| #ifdef HAVE_INTTYPES_H
| # include <inttypes.h>
| #endif
| #ifdef HAVE_STDINT_H
| # include <stdint.h>
| #endif
| #ifdef HAVE_UNISTD_H
| # include <unistd.h>
| #endif
| int
| main ()
| {
| if (sizeof ((size_t)))
| 	    return 0;
|   ;
|   return 0;
| }
configure:15616: result: yes
configure:15627: checking whether time.h and sys/time.h may both be included
configure:15647: gcc -c -g -O2  conftest.c >&5
configure:15647: $? = 0
configure:15654: result: yes
configure:15667: checking sys/select.h usability
configure:15667: gcc -c -g -O2  conftest.c >&5
configure:15667: $? = 0
configure:15667: result: yes
configure:15667: checking sys/select.h presence
configure:15667: gcc -E  conftest.c
configure:15667: $? = 0
configure:15667: result: yes
configure:15667: checking for sys/select.h
configure:15667: result: yes
configure:15667: checking for sys/socket.h
configure:15667: result: yes
configure:15677: checking types of arguments for select
configure:15705: gcc -c -g -O2  conftest.c >&5
configure:15705: $? = 0
configure:15716: result: int,fd_set *,struct timeval *
configure:15742: checking for floor
configure:15742: gcc -o conftest -g -O2   conftest.c -lpthread  >&5
conftest.c:65:6: warning: conflicting types for built-in function 'floor' [enabled by default]
 char floor ();
      ^
/tmp/ccqdF3Cw.o: In function `main':
/home/ubuntu/workspace/uva/conftest.c:76: undefined reference to `floor'
collect2: error: ld returned 1 exit status
configure:15742: $? = 1
configure: failed program was:
| /* confdefs.h */
| #define PACKAGE_NAME "UFAB_Robotics_RCSS"
| #define PACKAGE_TARNAME "ufab_robotics_rcss"
| #define PACKAGE_VERSION "0.1"
| #define PACKAGE_STRING "UFAB_Robotics_RCSS 0.1"
| #define PACKAGE_BUGREPORT "fernando.freitas.alves@gmail.com"
| #define PACKAGE_URL ""
| #define PACKAGE "ufab_robotics_rcss"
| #define VERSION "0.1"
| #define STDC_HEADERS 1
| #define HAVE_SYS_TYPES_H 1
| #define HAVE_SYS_STAT_H 1
| #define HAVE_STDLIB_H 1
| #define HAVE_STRING_H 1
| #define HAVE_MEMORY_H 1
| #define HAVE_STRINGS_H 1
| #define HAVE_INTTYPES_H 1
| #define HAVE_STDINT_H 1
| #define HAVE_UNISTD_H 1
| #define HAVE_DLFCN_H 1
| #define LT_OBJDIR ".libs/"
| #define HAVE_LIBPTHREAD 1
| #define STDC_HEADERS 1
| #define HAVE_ARPA_INET_H 1
| #define HAVE_FCNTL_H 1
| #define HAVE_NETDB_H 1
| #define HAVE_STDLIB_H 1
| #define HAVE_STRING_H 1
| #define HAVE_STRINGS_H 1
| #define HAVE_SYS_SOCKET_H 1
| #define HAVE_SYS_TIME_H 1
| #define HAVE_UNISTD_H 1
| #define HAVE__BOOL 1
| #define HAVE_STDBOOL_H 1
| #define TIME_WITH_SYS_TIME 1
| #define HAVE_SYS_SELECT_H 1
| #define HAVE_SYS_SOCKET_H 1
| #define SELECT_TYPE_ARG1 int
| #define SELECT_TYPE_ARG234 (fd_set *)
| #define SELECT_TYPE_ARG5 (struct timeval *)
| /* end confdefs.h.  */
| /* Define floor to an innocuous variant, in case <limits.h> declares floor.
|    For example, HP-UX 11i <limits.h> declares gettimeofday.  */
| #define floor innocuous_floor
| 
| /* System header to define __stub macros and hopefully few prototypes,
|     which can conflict with char floor (); below.
|     Prefer <limits.h> to <assert.h> if __STDC__ is defined, since
|     <limits.h> exists even on freestanding compilers.  */
| 
| #ifdef __STDC__
| # include <limits.h>
| #else
| # include <assert.h>
| #endif
| 
| #undef floor
| 
| /* Override any GCC internal prototype to avoid an error.
|    Use char because int might match the return type of a GCC
|    builtin and then its argument prototype would still apply.  */
| #ifdef __cplusplus
| extern "C"
| #endif
| char floor ();
| /* The GNU C library defines this for functions which it implements
|     to always fail with ENOSYS.  Some functions are actually named
|     something starting with __ and the normal name is an alias.  */
| #if defined __stub_floor || defined __stub___floor
| choke me
| #endif
| 
| int
| main ()
| {
| return floor ();
|   ;
|   return 0;
| }
configure:15742: result: no
configure:15742: checking for gethostbyname
configure:15742: gcc -o conftest -g -O2   conftest.c -lpthread  >&5
configure:15742: $? = 0
configure:15742: result: yes
configure:15742: checking for gettimeofday
configure:15742: gcc -o conftest -g -O2   conftest.c -lpthread  >&5
configure:15742: $? = 0
configure:15742: result: yes
configure:15742: checking for inet_ntoa
configure:15742: gcc -o conftest -g -O2   conftest.c -lpthread  >&5
configure:15742: $? = 0
configure:15742: result: yes
configure:15742: checking for pow
configure:15742: gcc -o conftest -g -O2   conftest.c -lpthread  >&5
conftest.c:68:6: warning: conflicting types for built-in function 'pow' [enabled by default]
 char pow ();
      ^
/tmp/cc5lY08P.o: In function `main':
/home/ubuntu/workspace/uva/conftest.c:79: undefined reference to `pow'
collect2: error: ld returned 1 exit status
configure:15742: $? = 1
configure: failed program was:
| /* confdefs.h */
| #define PACKAGE_NAME "UFAB_Robotics_RCSS"
| #define PACKAGE_TARNAME "ufab_robotics_rcss"
| #define PACKAGE_VERSION "0.1"
| #define PACKAGE_STRING "UFAB_Robotics_RCSS 0.1"
| #define PACKAGE_BUGREPORT "fernando.freitas.alves@gmail.com"
| #define PACKAGE_URL ""
| #define PACKAGE "ufab_robotics_rcss"
| #define VERSION "0.1"
| #define STDC_HEADERS 1
| #define HAVE_SYS_TYPES_H 1
| #define HAVE_SYS_STAT_H 1
| #define HAVE_STDLIB_H 1
| #define HAVE_STRING_H 1
| #define HAVE_MEMORY_H 1
| #define HAVE_STRINGS_H 1
| #define HAVE_INTTYPES_H 1
| #define HAVE_STDINT_H 1
| #define HAVE_UNISTD_H 1
| #define HAVE_DLFCN_H 1
| #define LT_OBJDIR ".libs/"
| #define HAVE_LIBPTHREAD 1
| #define STDC_HEADERS 1
| #define HAVE_ARPA_INET_H 1
| #define HAVE_FCNTL_H 1
| #define HAVE_NETDB_H 1
| #define HAVE_STDLIB_H 1
| #define HAVE_STRING_H 1
| #define HAVE_STRINGS_H 1
| #define HAVE_SYS_SOCKET_H 1
| #define HAVE_SYS_TIME_H 1
| #define HAVE_UNISTD_H 1
| #define HAVE__BOOL 1
| #define HAVE_STDBOOL_H 1
| #define TIME_WITH_SYS_TIME 1
| #define HAVE_SYS_SELECT_H 1
| #define HAVE_SYS_SOCKET_H 1
| #define SELECT_TYPE_ARG1 int
| #define SELECT_TYPE_ARG234 (fd_set *)
| #define SELECT_TYPE_ARG5 (struct timeval *)
| #define HAVE_GETHOSTBYNAME 1
| #define HAVE_GETTIMEOFDAY 1
| #define HAVE_INET_NTOA 1
| /* end confdefs.h.  */
| /* Define pow to an innocuous variant, in case <limits.h> declares pow.
|    For example, HP-UX 11i <limits.h> declares gettimeofday.  */
| #define pow innocuous_pow
| 
| /* System header to define __stub macros and hopefully few prototypes,
|     which can conflict with char pow (); below.
|     Prefer <limits.h> to <assert.h> if __STDC__ is defined, since
|     <limits.h> exists even on freestanding compilers.  */
| 
| #ifdef __STDC__
| # include <limits.h>
| #else
| # include <assert.h>
| #endif
| 
| #undef pow
| 
| /* Override any GCC internal prototype to avoid an error.
|    Use char because int might match the return type of a GCC
|    builtin and then its argument prototype would still apply.  */
| #ifdef __cplusplus
| extern "C"
| #endif
| char pow ();
| /* The GNU C library defines this for functions which it implements
|     to always fail with ENOSYS.  Some functions are actually named
|     something starting with __ and the normal name is an alias.  */
| #if defined __stub_pow || defined __stub___pow
| choke me
| #endif
| 
| int
| main ()
| {
| return pow ();
|   ;
|   return 0;
| }
configure:15742: result: no
configure:15742: checking for rint
configure:15742: gcc -o conftest -g -O2   conftest.c -lpthread  >&5
conftest.c:68:6: warning: conflicting types for built-in function 'rint' [enabled by default]
 char rint ();
      ^
/tmp/cc2ZEJ8U.o: In function `main':
/home/ubuntu/workspace/uva/conftest.c:79: undefined reference to `rint'
collect2: error: ld returned 1 exit status
configure:15742: $? = 1
configure: failed program was:
| /* confdefs.h */
| #define PACKAGE_NAME "UFAB_Robotics_RCSS"
| #define PACKAGE_TARNAME "ufab_robotics_rcss"
| #define PACKAGE_VERSION "0.1"
| #define PACKAGE_STRING "UFAB_Robotics_RCSS 0.1"
| #define PACKAGE_BUGREPORT "fernando.freitas.alves@gmail.com"
| #define PACKAGE_URL ""
| #define PACKAGE "ufab_robotics_rcss"
| #define VERSION "0.1"
| #define STDC_HEADERS 1
| #define HAVE_SYS_TYPES_H 1
| #define HAVE_SYS_STAT_H 1
| #define HAVE_STDLIB_H 1
| #define HAVE_STRING_H 1
| #define HAVE_MEMORY_H 1
| #define HAVE_STRINGS_H 1
| #define HAVE_INTTYPES_H 1
| #define HAVE_STDINT_H 1
| #define HAVE_UNISTD_H 1
| #define HAVE_DLFCN_H 1
| #define LT_OBJDIR ".libs/"
| #define HAVE_LIBPTHREAD 1
| #define STDC_HEADERS 1
| #define HAVE_ARPA_INET_H 1
| #define HAVE_FCNTL_H 1
| #define HAVE_NETDB_H 1
| #define HAVE_STDLIB_H 1
| #define HAVE_STRING_H 1
| #define HAVE_STRINGS_H 1
| #define HAVE_SYS_SOCKET_H 1
| #define HAVE_SYS_TIME_H 1
| #define HAVE_UNISTD_H 1
| #define HAVE__BOOL 1
| #define HAVE_STDBOOL_H 1
| #define TIME_WITH_SYS_TIME 1
| #define HAVE_SYS_SELECT_H 1
| #define HAVE_SYS_SOCKET_H 1
| #define SELECT_TYPE_ARG1 int
| #define SELECT_TYPE_ARG234 (fd_set *)
| #define SELECT_TYPE_ARG5 (struct timeval *)
| #define HAVE_GETHOSTBYNAME 1
| #define HAVE_GETTIMEOFDAY 1
| #define HAVE_INET_NTOA 1
| /* end confdefs.h.  */
| /* Define rint to an innocuous variant, in case <limits.h> declares rint.
|    For example, HP-UX 11i <limits.h> declares gettimeofday.  */
| #define rint innocuous_rint
| 
| /* System header to define __stub macros and hopefully few prototypes,
|     which can conflict with char rint (); below.
|     Prefer <limits.h> to <assert.h> if __STDC__ is defined, since
|     <limits.h> exists even on freestanding compilers.  */
| 
| #ifdef __STDC__
| # include <limits.h>
| #else
| # include <assert.h>
| #endif
| 
| #undef rint
| 
| /* Override any GCC internal prototype to avoid an error.
|    Use char because int might match the return type of a GCC
|    builtin and then its argument prototype would still apply.  */
| #ifdef __cplusplus
| extern "C"
| #endif
| char rint ();
| /* The GNU C library defines this for functions which it implements
|     to always fail with ENOSYS.  Some functions are actually named
|     something starting with __ and the normal name is an alias.  */
| #if defined __stub_rint || defined __stub___rint
| choke me
| #endif
| 
| int
| main ()
| {
| return rint ();
|   ;
|   return 0;
| }
configure:15742: result: no
configure:15742: checking for select
configure:15742: gcc -o conftest -g -O2   conftest.c -lpthread  >&5
configure:15742: $? = 0
configure:15742: result: yes
configure:15742: checking for socket
configure:15742: gcc -o conftest -g -O2   conftest.c -lpthread  >&5
configure:15742: $? = 0
configure:15742: result: yes
configure:15742: checking for sqrt
configure:15742: gcc -o conftest -g -O2   conftest.c -lpthread  >&5
conftest.c:70:6: warning: conflicting types for built-in function 'sqrt' [enabled by default]
 char sqrt ();
      ^
/tmp/ccaChIa1.o: In function `main':
/home/ubuntu/workspace/uva/conftest.c:81: undefined reference to `sqrt'
collect2: error: ld returned 1 exit status
configure:15742: $? = 1
configure: failed program was:
| /* confdefs.h */
| #define PACKAGE_NAME "UFAB_Robotics_RCSS"
| #define PACKAGE_TARNAME "ufab_robotics_rcss"
| #define PACKAGE_VERSION "0.1"
| #define PACKAGE_STRING "UFAB_Robotics_RCSS 0.1"
| #define PACKAGE_BUGREPORT "fernando.freitas.alves@gmail.com"
| #define PACKAGE_URL ""
| #define PACKAGE "ufab_robotics_rcss"
| #define VERSION "0.1"
| #define STDC_HEADERS 1
| #define HAVE_SYS_TYPES_H 1
| #define HAVE_SYS_STAT_H 1
| #define HAVE_STDLIB_H 1
| #define HAVE_STRING_H 1
| #define HAVE_MEMORY_H 1
| #define HAVE_STRINGS_H 1
| #define HAVE_INTTYPES_H 1
| #define HAVE_STDINT_H 1
| #define HAVE_UNISTD_H 1
| #define HAVE_DLFCN_H 1
| #define LT_OBJDIR ".libs/"
| #define HAVE_LIBPTHREAD 1
| #define STDC_HEADERS 1
| #define HAVE_ARPA_INET_H 1
| #define HAVE_FCNTL_H 1
| #define HAVE_NETDB_H 1
| #define HAVE_STDLIB_H 1
| #define HAVE_STRING_H 1
| #define HAVE_STRINGS_H 1
| #define HAVE_SYS_SOCKET_H 1
| #define HAVE_SYS_TIME_H 1
| #define HAVE_UNISTD_H 1
| #define HAVE__BOOL 1
| #define HAVE_STDBOOL_H 1
| #define TIME_WITH_SYS_TIME 1
| #define HAVE_SYS_SELECT_H 1
| #define HAVE_SYS_SOCKET_H 1
| #define SELECT_TYPE_ARG1 int
| #define SELECT_TYPE_ARG234 (fd_set *)
| #define SELECT_TYPE_ARG5 (struct timeval *)
| #define HAVE_GETHOSTBYNAME 1
| #define HAVE_GETTIMEOFDAY 1
| #define HAVE_INET_NTOA 1
| #define HAVE_SELECT 1
| #define HAVE_SOCKET 1
| /* end confdefs.h.  */
| /* Define sqrt to an innocuous variant, in case <limits.h> declares sqrt.
|    For example, HP-UX 11i <limits.h> declares gettimeofday.  */
| #define sqrt innocuous_sqrt
| 
| /* System header to define __stub macros and hopefully few prototypes,
|     which can conflict with char sqrt (); below.
|     Prefer <limits.h> to <assert.h> if __STDC__ is defined, since
|     <limits.h> exists even on freestanding compilers.  */
| 
| #ifdef __STDC__
| # include <limits.h>
| #else
| # include <assert.h>
| #endif
| 
| #undef sqrt
| 
| /* Override any GCC internal prototype to avoid an error.
|    Use char because int might match the return type of a GCC
|    builtin and then its argument prototype would still apply.  */
| #ifdef __cplusplus
| extern "C"
| #endif
| char sqrt ();
| /* The GNU C library defines this for functions which it implements
|     to always fail with ENOSYS.  Some functions are actually named
|     something starting with __ and the normal name is an alias.  */
| #if defined __stub_sqrt || defined __stub___sqrt
| choke me
| #endif
| 
| int
| main ()
| {
| return sqrt ();
|   ;
|   return 0;
| }
configure:15742: result: no
configure:15742: checking for strcasecmp
configure:15742: gcc -o conftest -g -O2   conftest.c -lpthread  >&5
conftest.c:70:6: warning: conflicting types for built-in function 'strcasecmp' [enabled by default]
 char strcasecmp ();
      ^
configure:15742: $? = 0
configure:15742: result: yes
configure:15742: checking for strdup
configure:15742: gcc -o conftest -g -O2   conftest.c -lpthread  >&5
conftest.c:71:6: warning: conflicting types for built-in function 'strdup' [enabled by default]
 char strdup ();
      ^
configure:15742: $? = 0
configure:15742: result: yes
configure:15742: checking for strstr
configure:15742: gcc -o conftest -g -O2   conftest.c -lpthread  >&5
conftest.c:72:6: warning: conflicting types for built-in function 'strstr' [enabled by default]
 char strstr ();
      ^
configure:15742: $? = 0
configure:15742: result: yes
configure:15864: checking that generated files are newer than configure
configure:15870: result: done
configure:15897: creating ./config.status

## ---------------------- ##
## Running config.status. ##
## ---------------------- ##

This file was extended by UFAB_Robotics_RCSS config.status 0.1, which was
generated by GNU Autoconf 2.69.  Invocation command line was

  CONFIG_FILES    = 
  CONFIG_HEADERS  = 
  CONFIG_LINKS    = 
  CONFIG_COMMANDS = 
  $ ./config.status 

on xteox-robocup-5130404

config.status:1171: creating Makefile
config.status:1171: creating src/Makefile
config.status:1171: creating config.h
config.status:1352: config.h is unchanged
config.status:1400: executing depfiles commands
config.status:1400: executing libtool commands

## ---------------- ##
## Cache variables. ##
## ---------------- ##

ac_cv_build=x86_64-unknown-linux-gnu
ac_cv_c_compiler_gnu=yes
ac_cv_c_const=yes
ac_cv_c_inline=inline
ac_cv_cxx_compiler_gnu=yes
ac_cv_env_CCC_set=
ac_cv_env_CCC_value=
ac_cv_env_CC_set=
ac_cv_env_CC_value=
ac_cv_env_CFLAGS_set=
ac_cv_env_CFLAGS_value=
ac_cv_env_CPPFLAGS_set=
ac_cv_env_CPPFLAGS_value=
ac_cv_env_CPP_set=
ac_cv_env_CPP_value=
ac_cv_env_CXXCPP_set=
ac_cv_env_CXXCPP_value=
ac_cv_env_CXXFLAGS_set=
ac_cv_env_CXXFLAGS_value=
ac_cv_env_CXX_set=
ac_cv_env_CXX_value=
ac_cv_env_LDFLAGS_set=
ac_cv_env_LDFLAGS_value=
ac_cv_env_LIBS_set=
ac_cv_env_LIBS_value=
ac_cv_env_build_alias_set=
ac_cv_env_build_alias_value=
ac_cv_env_host_alias_set=
ac_cv_env_host_alias_value=
ac_cv_env_target_alias_set=
ac_cv_env_target_alias_value=
ac_cv_func_floor=no
ac_cv_func_gethostbyname=yes
ac_cv_func_gettimeofday=yes
ac_cv_func_inet_ntoa=yes
ac_cv_func_pow=no
ac_cv_func_rint=no
ac_cv_func_select=yes
ac_cv_func_select_args='int,fd_set *,struct timeval *'
ac_cv_func_socket=yes
ac_cv_func_sqrt=no
ac_cv_func_strcasecmp=yes
ac_cv_func_strdup=yes
ac_cv_func_strstr=yes
ac_cv_header_arpa_inet_h=yes
ac_cv_header_dlfcn_h=yes
ac_cv_header_fcntl_h=yes
ac_cv_header_inttypes_h=yes
ac_cv_header_memory_h=yes
ac_cv_header_netdb_h=yes
ac_cv_header_stdbool_h=yes
ac_cv_header_stdc=yes
ac_cv_header_stdint_h=yes
ac_cv_header_stdlib_h=yes
ac_cv_header_string_h=yes
ac_cv_header_strings_h=yes
ac_cv_header_sys_select_h=yes
ac_cv_header_sys_socket_h=yes
ac_cv_header_sys_stat_h=yes
ac_cv_header_sys_time_h=yes
ac_cv_header_sys_types_h=yes
ac_cv_header_time=yes
ac_cv_header_unistd_h=yes
ac_cv_host=x86_64-unknown-linux-gnu
ac_cv_lib_pthread_pthread_create=yes
ac_cv_objext=o
ac_cv_path_EGREP='/bin/grep -E'
ac_cv_path_FGREP='/bin/grep -F'
ac_cv_path_GREP=/bin/grep
ac_cv_path_SED=/bin/sed
ac_cv_path_install='/usr/bin/install -c'
ac_cv_path_mkdir=/bin/mkdir
ac_cv_prog_AWK=gawk
ac_cv_prog_CPP='gcc -E'
ac_cv_prog_CXXCPP='g++ -E'
ac_cv_prog_ac_ct_AR=ar
ac_cv_prog_ac_ct_CC=gcc
ac_cv_prog_ac_ct_CXX=g++
ac_cv_prog_ac_ct_MANIFEST_TOOL=mt
ac_cv_prog_ac_ct_OBJDUMP=objdump
ac_cv_prog_ac_ct_RANLIB=ranlib
ac_cv_prog_ac_ct_STRIP=strip
ac_cv_prog_cc_c89=
ac_cv_prog_cc_g=yes
ac_cv_prog_cxx_g=yes
ac_cv_prog_make_make_set=yes
ac_cv_type__Bool=yes
ac_cv_type_size_t=yes
am_cv_CC_dependencies_compiler_type=gcc3
am_cv_CXX_dependencies_compiler_type=gcc3
am_cv_make_support_nested_variables=yes
am_cv_prog_cc_c_o=yes
lt_cv_ar_at_file=@
lt_cv_archive_cmds_need_lc=no
lt_cv_deplibs_check_method=pass_all
lt_cv_file_magic_cmd='$MAGIC_CMD'
lt_cv_file_magic_test_file=
lt_cv_ld_reload_flag=-r
lt_cv_nm_interface='BSD nm'
lt_cv_objdir=.libs
lt_cv_path_LD=/usr/bin/ld
lt_cv_path_LDCXX='/usr/bin/ld -m elf_x86_64'
lt_cv_path_NM='/usr/bin/nm -B'
lt_cv_path_mainfest_tool=no
lt_cv_prog_compiler_c_o=yes
lt_cv_prog_compiler_c_o_CXX=yes
lt_cv_prog_compiler_pic='-fPIC -DPIC'
lt_cv_prog_compiler_pic_CXX='-fPIC -DPIC'
lt_cv_prog_compiler_pic_works=yes
lt_cv_prog_compiler_pic_works_CXX=yes
lt_cv_prog_compiler_rtti_exceptions=no
lt_cv_prog_compiler_static_works=yes
lt_cv_prog_compiler_static_works_CXX=yes
lt_cv_prog_gnu_ld=yes
lt_cv_prog_gnu_ldcxx=yes
lt_cv_sharedlib_from_linklib_cmd='printf %s\n'
lt_cv_shlibpath_overrides_runpath=no
lt_cv_sys_global_symbol_pipe='sed -n -e '\''s/^.*[	 ]\([ABCDGIRSTW][ABCDGIRSTW]*\)[	 ][	 ]*\([_A-Za-z][_A-Za-z0-9]*\)$/\1 \2 \2/p'\'' | sed '\''/ __gnu_lto/d'\'''
lt_cv_sys_global_symbol_to_c_name_address='sed -n -e '\''s/^: \([^ ]*\)[ ]*$/  {\"\1\", (void *) 0},/p'\'' -e '\''s/^[ABCDGIRSTW]* \([^ ]*\) \([^ ]*\)$/  {"\2", (void *) \&\2},/p'\'''
lt_cv_sys_global_symbol_to_c_name_address_lib_prefix='sed -n -e '\''s/^: \([^ ]*\)[ ]*$/  {\"\1\", (void *) 0},/p'\'' -e '\''s/^[ABCDGIRSTW]* \([^ ]*\) \(lib[^ ]*\)$/  {"\2", (void *) \&\2},/p'\'' -e '\''s/^[ABCDGIRSTW]* \([^ ]*\) \([^ ]*\)$/  {"lib\2", (void *) \&\2},/p'\'''
lt_cv_sys_global_symbol_to_cdecl='sed -n -e '\''s/^T .* \(.*\)$/extern int \1();/p'\'' -e '\''s/^[ABCDGIRSTW]* .* \(.*\)$/extern char \1;/p'\'''
lt_cv_sys_max_cmd_len=1572864
lt_cv_to_host_file_cmd=func_convert_file_noop
lt_cv_to_tool_file_cmd=func_convert_file_noop

## ----------------- ##
## Output variables. ##
## ----------------- ##

ACLOCAL='${SHELL} /home/ubuntu/workspace/uva/missing aclocal-1.14'
AMDEPBACKSLASH='\'
AMDEP_FALSE='#'
AMDEP_TRUE=''
AMTAR='$${TAR-tar}'
AM_BACKSLASH='\'
AM_DEFAULT_V='$(AM_DEFAULT_VERBOSITY)'
AM_DEFAULT_VERBOSITY='1'
AM_V='$(V)'
AR='ar'
AUTOCONF='${SHELL} /home/ubuntu/workspace/uva/missing autoconf'
AUTOHEADER='${SHELL} /home/ubuntu/workspace/uva/missing autoheader'
AUTOMAKE='${SHELL} /home/ubuntu/workspace/uva/missing automake-1.14'
AWK='gawk'
CC='gcc'
CCDEPMODE='depmode=gcc3'
CFLAGS='-g -O2'
CPP='gcc -E'
CPPFLAGS=''
CXX='g++'
CXXCPP='g++ -E'
CXXDEPMODE='depmode=gcc3'
CXXFLAGS='-g -O2'
CYGPATH_W='echo'
DEFS='-DHAVE_CONFIG_H'
DEPDIR='.deps'
DLLTOOL='false'
DSYMUTIL=''
DUMPBIN=''
ECHO_C=''
ECHO_N='-n'
ECHO_T=''
EGREP='/bin/grep -E'
EXEEXT=''
FGREP='/bin/grep -F'
GREP='/bin/grep'
INSTALL_DATA='${INSTALL} -m 644'
INSTALL_PROGRAM='${INSTALL}'
INSTALL_SCRIPT='${INSTALL}'
INSTALL_STRIP_PROGRAM='$(install_sh) -c -s'
LD='/usr/bin/ld -m elf_x86_64'
LDFLAGS=''
LIBOBJS=''
LIBS='-lpthread '
LIBTOOL='$(SHELL) $(top_builddir)/libtool'
LIPO=''
LN_S='ln -s'
LTLIBOBJS=''
MAKEINFO='${SHELL} /home/ubuntu/workspace/uva/missing makeinfo'
MANIFEST_TOOL=':'
MKDIR_P='/bin/mkdir -p'
NM='/usr/bin/nm -B'
NMEDIT=''
OBJDUMP='objdump'
OBJEXT='o'
OTOOL64=''
OTOOL=''
PACKAGE='ufab_robotics_rcss'
PACKAGE_BUGREPORT='fernando.freitas.alves@gmail.com'
PACKAGE_NAME='UFAB_Robotics_RCSS'
PACKAGE_STRING='UFAB_Robotics_RCSS 0.1'
PACKAGE_TARNAME='ufab_robotics_rcss'
PACKAGE_URL=''
PACKAGE_VERSION='0.1'
PATH_SEPARATOR=':'
RANLIB='ranlib'
SED='/bin/sed'
SET_MAKE=''
SHELL='/bin/bash'
STRIP='strip'
VERSION='0.1'
ac_ct_AR='ar'
ac_ct_CC='gcc'
ac_ct_CXX='g++'
ac_ct_DUMPBIN=''
am__EXEEXT_FALSE=''
am__EXEEXT_TRUE='#'
am__fastdepCC_FALSE='#'
am__fastdepCC_TRUE=''
am__fastdepCXX_FALSE='#'
am__fastdepCXX_TRUE=''
am__include='include'
am__isrc=''
am__leading_dot='.'
am__nodep='_no'
am__quote=''
am__tar='$${TAR-tar} chof - "$$tardir"'
am__untar='$${TAR-tar} xf -'
bindir='${exec_prefix}/bin'
build='x86_64-unknown-linux-gnu'
build_alias=''
build_cpu='x86_64'
build_os='linux-gnu'
build_vendor='unknown'
datadir='${datarootdir}'
datarootdir='${prefix}/share'
docdir='${datarootdir}/doc/${PACKAGE_TARNAME}'
dvidir='${docdir}'
exec_prefix='${prefix}'
host='x86_64-unknown-linux-gnu'
host_alias=''
host_cpu='x86_64'
host_os='linux-gnu'
host_vendor='unknown'
htmldir='${docdir}'
includedir='${prefix}/include'
infodir='${datarootdir}/info'
install_sh='${SHELL} /home/ubuntu/workspace/uva/install-sh'
libdir='${exec_prefix}/lib'
libexecdir='${exec_prefix}/libexec'
localedir='${datarootdir}/locale'
localstatedir='${prefix}/var'
mandir='${datarootdir}/man'
mkdir_p='$(MKDIR_P)'
oldincludedir='/usr/include'
pdfdir='${docdir}'
prefix='/usr/local'
program_transform_name='s,x,x,'
psdir='${docdir}'
sbindir='${exec_prefix}/sbin'
sharedstatedir='${prefix}/com'
sysconfdir='${prefix}/etc'
target_alias=''

## ----------- ##
## confdefs.h. ##
## ----------- ##

/* confdefs.h */
#define PACKAGE_NAME "UFAB_Robotics_RCSS"
#define PACKAGE_TARNAME "ufab_robotics_rcss"
#define PACKAGE_VERSION "0.1"
#define PACKAGE_STRING "UFAB_Robotics_RCSS 0.1"
#define PACKAGE_BUGREPORT "fernando.freitas.alves@gmail.com"
#define PACKAGE_URL ""
#define PACKAGE "ufab_robotics_rcss"
#define VERSION "0.1"
#define STDC_HEADERS 1
#define HAVE_SYS_TYPES_H 1
#define HAVE_SYS_STAT_H 1
#define HAVE_STDLIB_H 1
#define HAVE_STRING_H 1
#define HAVE_MEMORY_H 1
#define HAVE_STRINGS_H 1
#define HAVE_INTTYPES_H 1
#define HAVE_STDINT_H 1
#define HAVE_UNISTD_H 1
#define HAVE_DLFCN_H 1
#define LT_OBJDIR ".libs/"
#define HAVE_LIBPTHREAD 1
#define STDC_HEADERS 1
#define HAVE_ARPA_INET_H 1
#define HAVE_FCNTL_H 1
#define HAVE_NETDB_H 1
#define HAVE_STDLIB_H 1
#define HAVE_STRING_H 1
#define HAVE_STRINGS_H 1
#define HAVE_SYS_SOCKET_H 1
#define HAVE_SYS_TIME_H 1
#define HAVE_UNISTD_H 1
#define HAVE__BOOL 1
#define HAVE_STDBOOL_H 1
#define TIME_WITH_SYS_TIME 1
#define HAVE_SYS_SELECT_H 1
#define HAVE_SYS_SOCKET_H 1
#define SELECT_TYPE_ARG1 int
#define SELECT_TYPE_ARG234 (fd_set *)
#define SELECT_TYPE_ARG5 (struct timeval *)
#define HAVE_GETHOSTBYNAME 1
#define HAVE_GETTIMEOFDAY 1
#define HAVE_INET_NTOA 1
#define HAVE_SELECT 1
#define HAVE_SOCKET 1
#define HAVE_STRCASECMP 1
#define HAVE_STRDUP 1
#define HAVE_STRSTR 1

configure: exit 0
